Total time for PINN: 2.335711717605591 seconds
Total time for MLP: 12.642041444778442 seconds
Total time for ScaSML: 34.51180696487427 seconds
PINN rel L2, rho=2-> 0.08979784
MLP rel L2, rho=2-> 0.2346
ScaSML rel L2, rho=2-> 0.04710996
Real Solution-> 1.3540668032087941
PINN L1, rho=2-> min: 7.1525574e-07 max: 0.46356797 mean: 0.093409985 std: 0.07784123 95% CI: ±4.404282e-03
MLP L1, rho=2-> min: 0.0 max: 1.352 mean: 0.2374 std: 0.2113 95% CI: ±1.195295e-02
ScaSML L1, rho=2-> min: 5.9604645e-06 max: 0.32920742 mean: 0.045065913 std: 0.045146782 95% CI: ±2.554420e-03

Statistical Significance Tests (Paired t-test):
PINN vs ScaSML: t-statistic=19.107084, p-value=2.957589e-71
MLP vs ScaSML: t-statistic=32.286125, p-value=4.412872e-165
PINN vs MLP: t-statistic=-22.021712, p-value=1.580228e-90

PINN L2, rho=2-> min: 5.1159077e-13 max: 0.21489526 mean: 0.014784683 std: 0.023959132 95% CI: ±1.355615e-03
MLP L2, rho=2-> min: 0.0 max: 1.827 mean: 0.101 std: 0.1719 95% CI: ±9.725871e-03
ScaSML L2, rho=2-> min: 3.5527137e-11 max: 0.10837752 mean: 0.0040691686 std: 0.008209674 95% CI: ±4.645060e-04

Statistical Significance Tests for L2 (Paired t-test):
PINN vs ScaSML: t-statistic=14.850406, p-value=6.388836e-46
MLP vs ScaSML: t-statistic=19.661713, p-value=8.065082e-75
PINN vs MLP: t-statistic=-17.158466, p-value=3.506144e-59
PINN L2 - ScaSML L2, rho=2-> positive count: 873 negative count: 327 positive sum: 73.21736 negative sum: -15.204472
MLP L2 - ScaSML L2, rho=2-> positive count: 1057 negative count: 143 positive sum: 236.42032 negative sum: -5.5841002
PINN (L2) - ScaSML (L2), squared errors, rho=2-> positive count: 873 negative count: 327 positive sum: 15.215625 negative sum: -2.3570085
MLP (L2) - ScaSML (L2), squared errors, rho=2-> positive count: 1057 negative count: 143 positive sum: 117.19313 negative sum: -0.8865668
