Results over 10 successful repetitions:
================================================================================

================================================================================
MEAN RELATIVE L2 ERROR (across repetitions)
================================================================================

PINN - Mean Relative L2 Error:
  Mean: 1.569983e-01
  Std:  9.497397e-03
  95% CI: ±5.886547e-03
  Range: [1.429393e-01, 1.740824e-01]

MLP - Mean Relative L2 Error:
  Mean: 2.424316e-01
  Std:  8.094788e-03
  95% CI: ±5.018263e-03
  Range: [2.287598e-01, 2.541504e-01]

SCaSML - Mean Relative L2 Error:
  Mean: 9.689288e-02
  Std:  4.604526e-03
  95% CI: ±2.853915e-03
  Range: [9.118912e-02, 1.024540e-01]

================================================================================
MEAN L1 ERROR (across repetitions)
================================================================================

PINN - Mean L1 Error:
  Mean: 1.810300e-01
  Std:  6.008995e-03
  95% CI: ±3.724414e-03
  Range: [1.721225e-01, 1.888134e-01]

MLP - Mean L1 Error:
  Mean: 2.890625e-01
  Std:  4.573822e-03
  95% CI: ±2.834836e-03
  Range: [2.817383e-01, 2.954102e-01]

SCaSML - Mean L1 Error:
  Mean: 1.052393e-01
  Std:  3.783823e-03
  95% CI: ±2.345238e-03
  Range: [1.010714e-01, 1.113084e-01]

================================================================================
MEAN L2 ERROR (squared, across repetitions)
================================================================================

PINN - Mean L2 Error:
  Mean: 6.430808e-02
  Std:  9.239337e-03
  95% CI: ±5.726601e-03
  Range: [5.501579e-02, 8.250041e-02]

MLP - Mean L2 Error:
  Mean: 1.523438e-01
  Std:  6.320953e-03
  95% CI: ±3.918105e-03
  Range: [1.425781e-01, 1.623535e-01]

SCaSML - Mean L2 Error:
  Mean: 2.438961e-02
  Std:  2.125438e-03
  95% CI: ±1.317360e-03
  Range: [2.203339e-02, 2.800411e-02]

================================================================================
STATISTICAL SIGNIFICANCE TESTS (Paired t-test)
================================================================================

Mean Relative L2 Error:
  PINN vs SCaSML: t=19.666398, p=1.053106e-08
  MLP vs SCaSML: t=83.347261, p=2.609447e-14
  PINN vs MLP: t=-20.602170, p=6.988280e-09

Mean L1 Error:
  PINN vs SCaSML: t=37.007832, p=3.807068e-11
  MLP vs SCaSML: t=316.229190, p=1.609509e-19
  PINN vs MLP: t=-46.809335, p=4.640830e-12

Mean L2 Error:
  PINN vs SCaSML: t=14.353017, p=1.653443e-07
  MLP vs SCaSML: t=81.777809, p=3.095724e-14
  PINN vs MLP: t=-25.526318, p=1.046172e-09

================================================================================
TIMING STATISTICS
================================================================================

PINN - Execution Time (seconds):
  Mean: 2.366442e-01
  Std:  7.471185e-01
  95% CI: ±4.630689e-01
  Range: [3.015995e-04, 2.362981e+00]

MLP - Execution Time (seconds):
  Mean: 1.218618e+00
  Std:  3.630494e+00
  95% CI: ±2.250203e+00
  Range: [6.122518e-02, 1.155114e+01]

SCaSML - Execution Time (seconds):
  Mean: 2.605511e+01
  Std:  5.412982e+00
  95% CI: ±3.355001e+00
  Range: [2.292540e+01, 4.124239e+01]

================================================================================
Logging results to Weights & Biases...
================================================================================
