Results over 10 successful repetitions:
================================================================================

================================================================================
MEAN RELATIVE L2 ERROR (across repetitions)
================================================================================

PINN - Mean Relative L2 Error:
  Mean: 2.854104e-01
  Std:  8.687600e-03
  95% CI: ±5.384630e-03
  Range: [2.743471e-01, 2.957576e-01]

MLP - Mean Relative L2 Error:
  Mean: 2.458496e-01
  Std:  4.779816e-03
  95% CI: ±2.962705e-03
  Range: [2.377930e-01, 2.517090e-01]

SCaSML - Mean Relative L2 Error:
  Mean: 1.253447e-01
  Std:  2.752713e-03
  95% CI: ±1.706149e-03
  Range: [1.213499e-01, 1.296268e-01]

================================================================================
MEAN L1 ERROR (across repetitions)
================================================================================

PINN - Mean L1 Error:
  Mean: 4.901522e-01
  Std:  8.202620e-03
  95% CI: ±5.084036e-03
  Range: [4.773882e-01, 4.997942e-01]

MLP - Mean L1 Error:
  Mean: 4.177246e-01
  Std:  4.474640e-03
  95% CI: ±2.774520e-03
  Range: [4.113770e-01, 4.238281e-01]

SCaSML - Mean L1 Error:
  Mean: 1.956616e-01
  Std:  4.665866e-03
  95% CI: ±2.891934e-03
  Range: [1.860587e-01, 2.016130e-01]

================================================================================
MEAN L2 ERROR (squared, across repetitions)
================================================================================

PINN - Mean L2 Error:
  Mean: 4.127326e-01
  Std:  1.691918e-02
  95% CI: ±1.048662e-02
  Range: [3.865083e-01, 4.396397e-01]

MLP - Mean L2 Error:
  Mean: 3.059082e-01
  Std:  7.663727e-03
  95% CI: ±4.750461e-03
  Range: [2.963867e-01, 3.198242e-01]

SCaSML - Mean L2 Error:
  Mean: 7.966445e-02
  Std:  3.933511e-03
  95% CI: ±2.438015e-03
  Range: [7.355754e-02, 8.537636e-02]

================================================================================
STATISTICAL SIGNIFICANCE TESTS (Paired t-test)
================================================================================

Mean Relative L2 Error:
  PINN vs SCaSML: t=55.247007, p=1.049206e-12
  MLP vs SCaSML: t=105.766786, p=3.064067e-15
  PINN vs MLP: t=15.330967, p=9.331820e-08

Mean L1 Error:
  PINN vs SCaSML: t=83.445371, p=2.581997e-14
  MLP vs SCaSML: t=218.776936, p=4.431216e-18
  PINN vs MLP: t=19.998658, p=9.084898e-09

Mean L2 Error:
  PINN vs SCaSML: t=55.730901, p=9.702092e-13
  MLP vs SCaSML: t=134.160394, p=3.608808e-16
  PINN vs MLP: t=15.219674, p=9.942189e-08

================================================================================
TIMING STATISTICS
================================================================================

PINN - Execution Time (seconds):
  Mean: 2.781094e-01
  Std:  8.782223e-01
  95% CI: ±5.443278e-01
  Range: [3.447533e-04, 2.777574e+00]

MLP - Execution Time (seconds):
  Mean: 1.319867e+00
  Std:  3.946501e+00
  95% CI: ±2.446066e+00
  Range: [6.105471e-02, 1.255179e+01]

SCaSML - Execution Time (seconds):
  Mean: 4.798265e+01
  Std:  4.855318e+00
  95% CI: ±3.009357e+00
  Range: [4.562095e+01, 6.163881e+01]

================================================================================
Logging results to Weights & Biases...
================================================================================
