Results over 10 successful repetitions:
================================================================================

================================================================================
MEAN RELATIVE L2 ERROR (across repetitions)
================================================================================

PINN - Mean Relative L2 Error:
  Mean: 6.586700e-02
  Std:  1.984725e-03
  95% CI: ±1.230145e-03
  Range: [6.173342e-02, 6.951071e-02]

MLP - Mean Relative L2 Error:
  Mean: 1.223755e-01
  Std:  3.702164e-03
  95% CI: ±2.294408e-03
  Range: [1.152344e-01, 1.282959e-01]

SCaSML - Mean Relative L2 Error:
  Mean: 5.514415e-02
  Std:  1.944462e-03
  95% CI: ±1.205190e-03
  Range: [5.129696e-02, 5.896658e-02]

================================================================================
MEAN L1 ERROR (across repetitions)
================================================================================

PINN - Mean L1 Error:
  Mean: 3.203741e-02
  Std:  6.559839e-04
  95% CI: ±4.065830e-04
  Range: [3.096657e-02, 3.308962e-02]

MLP - Mean L1 Error:
  Mean: 4.937744e-02
  Std:  1.171112e-03
  95% CI: ±7.255974e-04
  Range: [4.742432e-02, 5.123901e-02]

SCaSML - Mean L1 Error:
  Mean: 2.455284e-02
  Std:  6.876371e-04
  95% CI: ±4.262019e-04
  Range: [2.343725e-02, 2.582734e-02]

================================================================================
MEAN L2 ERROR (squared, across repetitions)
================================================================================

PINN - Mean L2 Error:
  Mean: 1.760387e-03
  Std:  8.582019e-05
  95% CI: ±5.319190e-05
  Range: [1.639187e-03, 1.954342e-03]

MLP - Mean L2 Error:
  Mean: 6.076813e-03
  Std:  3.452301e-04
  95% CI: ±2.139698e-04
  Range: [5.374908e-03, 6.546021e-03]

SCaSML - Mean L2 Error:
  Mean: 1.234197e-03
  Std:  7.491343e-05
  95% CI: ±4.643183e-05
  Range: [1.131803e-03, 1.406400e-03]

================================================================================
STATISTICAL SIGNIFICANCE TESTS (Paired t-test)
================================================================================

Mean Relative L2 Error:
  PINN vs SCaSML: t=167.815211, p=4.817494e-17
  MLP vs SCaSML: t=44.785832, p=6.896848e-12
  PINN vs MLP: t=-38.378947, p=2.749224e-11

Mean L1 Error:
  PINN vs SCaSML: t=182.288048, p=2.288579e-17
  MLP vs SCaSML: t=49.970447, p=2.582614e-12
  PINN vs MLP: t=-36.764561, p=4.038453e-11

Mean L2 Error:
  PINN vs SCaSML: t=136.175357, p=3.155891e-16
  MLP vs SCaSML: t=36.918271, p=3.890496e-11
  PINN vs MLP: t=-32.528478, p=1.206280e-10

================================================================================
TIMING STATISTICS
================================================================================

PINN - Execution Time (seconds):
  Mean: 3.499262e-01
  Std:  1.104876e+00
  95% CI: ±6.848093e-01
  Range: [3.023148e-04, 3.494459e+00]

MLP - Execution Time (seconds):
  Mean: 1.219213e+00
  Std:  3.644899e+00
  95% CI: ±2.259132e+00
  Range: [4.880309e-02, 1.159264e+01]

SCaSML - Execution Time (seconds):
  Mean: 2.419384e+01
  Std:  6.161721e+00
  95% CI: ±3.819074e+00
  Range: [1.909031e+01, 4.124529e+01]

================================================================================
Logging results to Weights & Biases...
================================================================================
