Results over 10 successful repetitions:
================================================================================

================================================================================
MEAN RELATIVE L2 ERROR (across repetitions)
================================================================================

PINN - Mean Relative L2 Error:
  Mean: 9.045960e-02
  Std:  2.469666e-03
  95% CI: ±1.530715e-03
  Range: [8.566792e-02, 9.489492e-02]

MLP - Mean Relative L2 Error:
  Mean: 5.687268e+00
  Std:  2.016503e-02
  95% CI: ±1.249842e-02
  Range: [5.655424e+00, 5.726668e+00]

SCaSML - Mean Relative L2 Error:
  Mean: 7.265395e-02
  Std:  9.412303e-03
  95% CI: ±5.833806e-03
  Range: [6.484029e-02, 9.849417e-02]

================================================================================
MEAN L1 ERROR (across repetitions)
================================================================================

PINN - Mean L1 Error:
  Mean: 1.496316e-01
  Std:  3.004782e-03
  95% CI: ±1.862383e-03
  Range: [1.435775e-01, 1.546478e-01]

MLP - Mean L1 Error:
  Mean: 1.208831e+01
  Std:  1.344043e-02
  95% CI: ±8.330464e-03
  Range: [1.206461e+01, 1.210583e+01]

SCaSML - Mean L1 Error:
  Mean: 1.086165e-01
  Std:  1.795295e-02
  95% CI: ±1.112735e-02
  Range: [9.682362e-02, 1.589866e-01]

================================================================================
MEAN L2 ERROR (squared, across repetitions)
================================================================================

PINN - Mean L2 Error:
  Mean: 3.703253e-02
  Std:  1.750180e-03
  95% CI: ±1.084773e-03
  Range: [3.342797e-02, 4.003034e-02]

MLP - Mean L2 Error:
  Mean: 1.463279e+02
  Std:  2.832832e-01
  95% CI: ±1.755808e-01
  Range: [1.457832e+02, 1.467168e+02]

SCaSML - Mean L2 Error:
  Mean: 2.422463e-02
  Std:  6.997703e-03
  95% CI: ±4.337221e-03
  Range: [1.914977e-02, 4.373181e-02]

================================================================================
STATISTICAL SIGNIFICANCE TESTS (Paired t-test)
================================================================================

Mean Relative L2 Error:
  PINN vs SCaSML: t=6.529392, p=1.077112e-04
  MLP vs SCaSML: t=926.677601, p=1.010402e-23
  PINN vs MLP: t=-970.030865, p=6.695513e-24

Mean L1 Error:
  PINN vs SCaSML: t=7.185893, p=5.161393e-05
  MLP vs SCaSML: t=1598.734930, p=7.462364e-26
  PINN vs MLP: t=-2458.577481, p=1.551362e-27

Mean L2 Error:
  PINN vs SCaSML: t=6.199450, p=1.589707e-04
  MLP vs SCaSML: t=1622.728785, p=6.526064e-26
  PINN vs MLP: t=-1625.068306, p=6.441992e-26

================================================================================
TIMING STATISTICS
================================================================================

PINN - Execution Time (seconds):
  Mean: 3.767525e-01
  Std:  1.183255e+00
  95% CI: ±7.333893e-01
  Range: [2.537012e-03, 3.744356e+00]

MLP - Execution Time (seconds):
  Mean: 1.505504e+00
  Std:  4.531161e+00
  95% CI: ±2.808443e+00
  Range: [6.111097e-02, 1.440140e+01]

SCaSML - Execution Time (seconds):
  Mean: 2.906361e+01
  Std:  5.901591e+00
  95% CI: ±3.657844e+00
  Range: [2.454699e+01, 4.541243e+01]

================================================================================
Logging results to Weights & Biases...
================================================================================
