Total time for PINN: 2.7027060985565186 seconds
Total time for MLP: 35.4132981300354 seconds
Total time for ScaSML: 152.272798538208 seconds
PINN rel L2, rho=2-> 0.040694725
MLP rel L2, rho=2-> 0.2351
ScaSML rel L2, rho=2-> 0.031024296
Real Solution-> 0.6269663079481091
PINN L1, rho=2-> min: 8.0913305e-06 max: 0.08736372 mean: 0.020018037 std: 0.01581941 95% CI: ±8.950674e-04
MLP L1, rho=2-> min: 0.0 max: 0.8574 mean: 0.0984 std: 0.10974 95% CI: ±6.209053e-03
ScaSML L1, rho=2-> min: 1.2503006e-05 max: 0.07736373 mean: 0.014005766 std: 0.013497677 95% CI: ±7.637030e-04

Statistical Significance Tests (Paired t-test):
PINN vs ScaSML: t-statistic=34.755983, p-value=1.178448e-183
MLP vs ScaSML: t-statistic=26.862246, p-value=8.105007e-125
PINN vs MLP: t-statistic=-24.625376, p-value=1.080525e-108

PINN L2, rho=2-> min: 6.546963e-11 max: 0.0076324195 mean: 0.00065097556 std: 0.0009865658 95% CI: ±5.582022e-05
MLP L2, rho=2-> min: 0.0 max: 0.7354 mean: 0.02171 std: 0.0526 95% CI: ±2.975905e-03
ScaSML L2, rho=2-> min: 1.5632515e-10 max: 0.005985147 mean: 0.00037834875 std: 0.00069926545 95% CI: ±3.956466e-05

Statistical Significance Tests for L2 (Paired t-test):
PINN vs ScaSML: t-statistic=27.818736, p-value=8.018093e-132
MLP vs ScaSML: t-statistic=14.047764, p-value=1.303486e-41
PINN vs MLP: t-statistic=-13.859612, p-value=1.261815e-40
PINN L2 - ScaSML L2, rho=2-> positive count: 995 negative count: 205 positive sum: 8.345516 negative sum: -1.1307894
MLP L2 - ScaSML L2, rho=2-> positive count: 1018 negative count: 182 positive sum: 103.24593 negative sum: -1.9932462
PINN (L2) - ScaSML (L2), squared errors, rho=2-> positive count: 995 negative count: 205 positive sum: 0.35086656 negative sum: -0.023714375
MLP (L2) - ScaSML (L2), squared errors, rho=2-> positive count: 1018 negative count: 182 positive sum: 25.693874 negative sum: -0.08641637
