Calling uz_solve(<solvers.MLP.MLP object at 0x00000165CED78DF0>, 2, 2, array([[-0.2653237 , -0.1109131 ,  0.03342384, ..., -0.43986586,
        -0.36219323,  0.43836513],
       [ 0.28227872, -0.4142871 , -0.09852761, ..., -0.24638274,
         0.3481496 ,  0.35035613],
       [-0.26487163,  0.25755644, -0.46400508, ...,  0.39906067,
        -0.02082485,  0.10784263],
       ...,
       [-0.28913492, -0.3228982 , -0.21400529, ..., -0.17780602,
         0.2540208 ,  0.44434768],
       [-0.07595041,  0.29026502,  0.14557916, ...,  0.02231908,
         0.00665885,  0.24793515],
       [-0.43900287,  0.093225  , -0.27433833, ..., -0.40753245,
        -0.2734575 ,  0.07919785]], dtype=float32))
Calling uz_solve(<solvers.MLP.MLP object at 0x00000165CED78DF0>, n=0, rho=2, x_t=array([[-0.25817713, -0.09000499,  0.05189651, ..., -0.47759235,
        -0.34637088,  0.44531148],
       [ 0.26172403, -0.45052078, -0.14101069, ..., -0.23633225,
         0.3665809 ,  0.36722124],
       [-0.23546797,  0.16760518, -0.46696296, ...,  0.42278612,
        -0.02720027,  0.15203942],
       ...,
       [-0.28911331, -0.32335058, -0.21714571, ..., -0.16068682,
         0.23962907,  0.45061979],
       [-0.11467338,  0.31427982,  0.18813792, ...,  0.02376051,
         0.00217951,  0.27634327],
       [-0.53137773,  0.13223827, -0.34212506, ..., -0.38858554,
        -0.26165479,  0.12662296]]))
uz_solve returned array([[ 6.16443560e-01,  9.33980217e-03, -3.69517488e-03, ...,
         9.72752578e-03,  7.33004479e-03,  7.58192144e-03],
       [ 6.13491075e-01,  3.56129430e-03,  4.18995306e-03, ...,
         9.73651541e-04, -1.28709259e-03, -3.46445311e-03],
       [ 6.12279315e-01,  2.32864254e-04,  3.33143417e-03, ...,
         3.44764393e-04,  2.55843119e-03,  3.04850971e-04],
       ...,
       [ 6.18559436e-01, -2.98812218e-03,  1.97333759e-02, ...,
         3.79552812e-03,  8.77116209e-03,  2.42935195e-03],
       [ 6.33845546e-01, -4.42257907e-06,  3.64865808e-06, ...,
         8.61845731e-08, -5.10603247e-07,  1.44322998e-06],
       [ 6.26971362e-01, -3.51442703e-03, -4.84631230e-03, ...,
         4.20668473e-03,  2.27813074e-02,  5.68659977e-03]])
X_t shape: (1000, 101)
l: 0
rho: 2
self: <solvers.MLP.MLP object at 0x00000165CED78DF0>

Calling uz_solve(<solvers.MLP.MLP object at 0x00000165CED78DF0>, n=0, rho=2, x_t=array([[-0.27633193, -0.15739006,  0.02500746, ..., -0.4257367 ,
        -0.36681125,  0.44531148],
       [ 0.32574034, -0.34796458, -0.07274888, ..., -0.23192883,
         0.27728358,  0.36722124],
       [-0.26076418,  0.23254178, -0.5125159 , ...,  0.37486905,
         0.02171476,  0.15203942],
       ...,
       [-0.27039286, -0.33572486, -0.19864437, ..., -0.20293903,
         0.25532377,  0.45061979],
       [-0.08139523,  0.32441342,  0.15983798, ...,  0.10276552,
         0.01886617,  0.27634327],
       [-0.44378603,  0.07636707, -0.2346485 , ..., -0.43177366,
        -0.24021758,  0.12662296]]))
uz_solve returned array([[ 6.16013258e-01, -1.29931602e-02, -4.77739305e-03, ...,
        -6.75720654e-03,  6.65731620e-03, -9.96089358e-03],
       [ 6.13138265e-01, -3.20762134e-03,  4.06107484e-03, ...,
        -9.38051471e-04, -3.70609243e-03,  5.35043552e-04],
       [ 6.18702849e-01,  1.58038964e-02,  5.09083225e-03, ...,
         9.72214804e-03,  6.70558277e-04,  4.58682934e-03],
       ...,
       [ 6.18551701e-01, -3.03598734e-03, -6.45161456e-03, ...,
         3.79665418e-04, -1.79713295e-03, -1.74872483e-02],
       [ 6.37529145e-01,  4.26231748e-03,  5.29301272e-03, ...,
         3.96060871e-03,  1.06497177e-02,  2.46688212e-03],
       [ 6.17350286e-01,  1.22159419e-03,  2.19477824e-03, ...,
         1.18505323e-03,  1.90960659e-03,  1.62367144e-03]])
X_t shape: (1000, 101)
l: 0
rho: 2
self: <solvers.MLP.MLP object at 0x00000165CED78DF0>

Calling uz_solve(<solvers.MLP.MLP object at 0x00000165CED78DF0>, n=0, rho=2, x_t=array([[-0.21551293, -0.15329687,  0.06909889, ..., -0.46855858,
        -0.32894045,  0.46918257],
       [ 0.18919991, -0.44830984, -0.10994355, ..., -0.30876845,
         0.39529961,  0.42517807],
       [ 0.05816227,  0.0092809 , -0.39537603, ...,  0.46582526,
         0.13458164,  0.30392132],
       ...,
       [-0.27073753, -0.29655236, -0.22981775, ..., -0.14183459,
         0.27154595,  0.47217384],
       [-0.07830344,  0.21896927,  0.23625639, ...,  0.11194441,
         0.08411007,  0.37396757],
       [-0.45331496,  0.234309  , -0.42295998, ..., -0.38864878,
        -0.34383294,  0.28959893]]))
uz_solve returned array([[ 6.18655714e-01,  4.77258203e-03, -6.13071337e-03, ...,
         4.59848643e-04,  4.55752728e-04,  2.06432092e-03],
       [ 6.06497654e-01,  1.26950517e-02, -1.04268039e-02, ...,
         2.70079908e-03, -2.07254811e-03,  5.11471981e-03],
       [ 6.14952356e-01, -7.98900927e-04, -1.88022291e-03, ...,
        -3.16456558e-03,  1.43124855e-03, -6.81616318e-05],
       ...,
       [ 6.18111053e-01,  1.42179178e-03, -8.44180404e-03, ...,
        -1.40835092e-02,  8.54316014e-03, -1.18959262e-02],
       [ 6.34607249e-01,  3.04512605e-03, -1.84135507e-03, ...,
         2.44695556e-03,  4.31833807e-04,  1.08062018e-03],
       [ 6.20812589e-01,  3.27097935e-03, -1.33018959e-03, ...,
         5.47569228e-03,  3.21995574e-04,  4.67585661e-03]])
X_t shape: (1000, 101)
l: 0
rho: 2
self: <solvers.MLP.MLP object at 0x00000165CED78DF0>

Calling uz_solve(<solvers.MLP.MLP object at 0x00000165CED78DF0>, n=0, rho=2, x_t=array([[-0.24256207, -0.114406  , -0.05117024, ..., -0.50512379,
        -0.29194996,  0.46918257],
       [ 0.35776281, -0.29617575, -0.07574511, ..., -0.19864672,
         0.19042866,  0.42517807],
       [-0.18984318,  0.1878476 , -0.35449547, ...,  0.46912682,
         0.16241522,  0.30392132],
       ...,
       [-0.240839  , -0.35453874, -0.18179534, ..., -0.18907335,
         0.2342861 ,  0.47217384],
       [ 0.04815957,  0.37059471,  0.11614805, ...,  0.13003826,
        -0.08048765,  0.37396757],
       [-0.3761628 ,  0.22218251, -0.1963708 , ..., -0.30147317,
        -0.23211718,  0.28959893]]))
uz_solve returned array([[ 0.61657919,  0.00167955,  0.00189086, ..., -0.00113257,
         0.00179285, -0.00123301],
       [ 0.6177442 , -0.00928282,  0.01188318, ...,  0.00533683,
        -0.00961989,  0.0214748 ],
       [ 0.61410725,  0.00172357,  0.00116812, ..., -0.00418589,
         0.00404158, -0.00091139],
       ...,
       [ 0.61605095, -0.00884124, -0.00210652, ...,  0.00389944,
         0.00911836,  0.00546019],
       [ 0.62963809, -0.00277628, -0.00371084, ..., -0.0052738 ,
         0.00610514, -0.00243562],
       [ 0.621902  ,  0.02177278, -0.00477938, ..., -0.00491535,
        -0.00379017,  0.0035896 ]])
X_t shape: (1000, 101)
l: 0
rho: 2
self: <solvers.MLP.MLP object at 0x00000165CED78DF0>

Calling uz_solve(<solvers.MLP.MLP object at 0x00000165CED78DF0>, n=0, rho=2, x_t=array([[-0.26142836, -0.16692717,  0.08781785, ..., -0.48966801,
        -0.35369197,  0.49305365],
       [ 0.10012194, -0.41357395, -0.08724794, ..., -0.26965663,
         0.30017978,  0.48313489],
       [ 0.14571229,  0.23537368, -0.42396975, ...,  0.29244643,
         0.17582241,  0.45580322],
       ...,
       [-0.26332405, -0.35373688, -0.18291198, ..., -0.14741766,
         0.30834341,  0.49372789],
       [-0.05312533,  0.15410554,  0.26911268, ...,  0.15185201,
         0.22511028,  0.47159187],
       [-0.56265694,  0.38344049, -0.47218063, ..., -0.25697517,
        -0.28772321,  0.4525749 ]]))
uz_solve returned array([[ 0.61725983,  0.00998377,  0.00725219, ..., -0.0032379 ,
        -0.00910685,  0.00192848],
       [ 0.61029175, -0.00624736, -0.00289249, ...,  0.00858174,
        -0.001051  ,  0.01018664],
       [ 0.61309897, -0.00179652, -0.00098646, ..., -0.00598415,
        -0.00067421,  0.00163862],
       ...,
       [ 0.6173463 , -0.00217573, -0.00145655, ...,  0.00557092,
        -0.0130324 ,  0.00242257],
       [ 0.63205271,  0.0028022 , -0.00163801, ...,  0.00618073,
         0.0017245 ,  0.00875318],
       [ 0.61803319, -0.00671378,  0.00750614, ..., -0.00454695,
        -0.00307358,  0.00240047]])
X_t shape: (1000, 101)
l: 0
rho: 2
self: <solvers.MLP.MLP object at 0x00000165CED78DF0>

Calling uz_solve(<solvers.MLP.MLP object at 0x00000165CED78DF0>, n=0, rho=2, x_t=array([[-0.21716358, -0.05310911, -0.01375066, ..., -0.45034584,
        -0.29970717,  0.49305365],
       [ 0.39297143, -0.26534805, -0.11548716, ..., -0.24186476,
         0.20945403,  0.48313489],
       [-0.0893595 ,  0.25571415, -0.39671698, ...,  0.32666838,
         0.09128977,  0.45580322],
       ...,
       [-0.24104919, -0.39159405, -0.18292159, ..., -0.11915488,
         0.25000471,  0.49372789],
       [ 0.02946059,  0.32568175,  0.10667008, ...,  0.15153144,
         0.02525935,  0.47159187],
       [-0.41137806,  0.1237694 , -0.25866085, ..., -0.43881783,
        -0.32042792,  0.4525749 ]]))
uz_solve returned array([[ 6.17834005e-01, -3.20993245e-04,  4.17683657e-03, ...,
         8.55001235e-04, -9.15419345e-04,  1.11455589e-03],
       [ 6.17076672e-01, -8.80250608e-03, -3.70218091e-03, ...,
         5.63139860e-04,  4.61921533e-03,  9.09728279e-03],
       [ 6.19221493e-01,  7.72594969e-03, -9.87047500e-03, ...,
        -1.19008467e-03, -1.03311718e-02,  1.09448470e-02],
       ...,
       [ 6.16073798e-01,  1.52825333e-03, -5.11320426e-04, ...,
         2.06507538e-03, -2.55050402e-04, -1.12724970e-03],
       [ 6.31421271e-01, -3.59317435e-04,  6.13668124e-04, ...,
        -5.91853174e-04,  7.43357095e-04, -1.90055971e-03],
       [ 6.20613827e-01, -5.30301002e-03,  1.11208707e-04, ...,
         7.62254347e-03,  5.69029014e-04,  2.96444142e-03]])
X_t shape: (1000, 101)
l: 0
rho: 2
self: <solvers.MLP.MLP object at 0x00000165CED78DF0>

Calling uz_solve(<solvers.MLP.MLP object at 0x00000165CED78DF0>, n=1, rho=2, x_t=array([[-0.27331534, -0.09437981,  0.00377008, ..., -0.4067995 ,
        -0.36865255,  0.44531148],
       [ 0.2103059 , -0.36009768, -0.14389628, ..., -0.2431744 ,
         0.28869748,  0.36722124],
       [-0.24303564,  0.30334115, -0.56236929, ...,  0.39194652,
        -0.09140942,  0.15203942],
       ...,
       [-0.30115935, -0.31768864, -0.2237777 , ..., -0.16863142,
         0.2598775 ,  0.45061979],
       [-0.09112811,  0.27940676,  0.17522466, ...,  0.03483518,
         0.08468629,  0.27634327],
       [-0.49586225,  0.06475255, -0.31795517, ..., -0.44338903,
        -0.27956575,  0.12662296]]))
Calling uz_solve(<solvers.MLP.MLP object at 0x00000165CED78DF0>, n=0, rho=2, x_t=array([[-0.24841162, -0.08755777,  0.05726454, ..., -0.44431616,
        -0.39054271,  0.45147497],
       [ 0.22654138, -0.32395557, -0.14406635, ..., -0.229619  ,
         0.32302106,  0.38218563],
       [-0.22391968,  0.24894391, -0.50557118, ...,  0.47563046,
        -0.08812335,  0.19125516],
       ...,
       [-0.28947975, -0.33015814, -0.24797872, ..., -0.14222132,
         0.28348531,  0.45618502],
       [-0.06676723,  0.29420138,  0.1797692 , ...,  0.0138248 ,
         0.1534846 ,  0.30154976],
       [-0.44075254,  0.01814593, -0.3280921 , ..., -0.43244917,
        -0.26656974,  0.16870317]]))
uz_solve returned array([[ 6.18430007e-01,  5.68076855e-04, -9.52692645e-03, ...,
         1.38427515e-02, -1.58889051e-02,  4.51678817e-03],
       [ 6.13186473e-01, -1.03496372e-03,  1.23058534e-04, ...,
        -5.70543065e-04,  5.47497058e-04, -7.09913789e-04],
       [ 6.10351367e-01,  1.47140968e-03, -7.81721105e-04, ...,
         3.26740666e-04,  3.09579796e-04, -4.48998278e-04],
       ...,
       [ 6.16322954e-01, -1.36054843e-04, -1.49376191e-04, ...,
        -2.83583249e-04, -5.72789225e-04, -4.59973707e-04],
       [ 6.32826547e-01, -2.44851344e-03, -1.95786591e-03, ...,
         6.14875108e-03,  1.69396483e-04,  4.23208326e-03],
       [ 6.22658203e-01, -3.70445513e-03,  1.61051883e-03, ...,
         1.80800061e-03,  5.84238557e-03,  1.60329408e-03]])
X_t shape: (1000, 101)
l: 0
rho: 2
self: <solvers.MLP.MLP object at 0x00000165CED78DF0>

Calling uz_solve(<solvers.MLP.MLP object at 0x00000165CED78DF0>, n=0, rho=2, x_t=array([[-0.26282307, -0.12204553,  0.08692057, ..., -0.43967059,
        -0.40938754,  0.47265574],
       [ 0.2066363 , -0.26574729, -0.14525257, ..., -0.3004135 ,
         0.32228472,  0.43361062],
       [-0.22097916,  0.28664557, -0.53624288, ...,  0.61586402,
        -0.0987544 ,  0.32601971],
       ...,
       [-0.29332008, -0.29514493, -0.31144095, ..., -0.1604764 ,
         0.21636058,  0.47530989],
       [-0.09459619,  0.27477156,  0.21959546, ...,  0.01773399,
         0.20778982,  0.38817164],
       [-0.46350759,  0.17679095, -0.32722912, ..., -0.35436558,
        -0.39342119,  0.31331148]]))
uz_solve returned array([[ 6.17959868e-01,  1.32640012e-03, -9.67344297e-04, ...,
         6.89170727e-04, -1.29748012e-03,  1.33272470e-04],
       [ 6.08396478e-01,  4.08198859e-03, -4.96788978e-03, ...,
         5.86161356e-03,  2.76952089e-03, -1.82163211e-02],
       [ 6.12317179e-01, -4.78486818e-04,  3.49830068e-04, ...,
         3.07341559e-04,  4.88701805e-04,  1.51992065e-04],
       ...,
       [ 6.14491830e-01,  9.69331163e-03,  2.33539754e-03, ...,
        -3.53274292e-03, -9.60913211e-03,  5.51373816e-03],
       [ 6.38098623e-01,  4.38817641e-04,  9.52460088e-03, ...,
         8.67270441e-04, -3.49680165e-03, -1.59263163e-03],
       [ 6.19227798e-01, -1.72639363e-03,  5.63011283e-03, ...,
        -7.44853274e-04, -2.60196677e-03, -8.59247293e-04]])
X_t shape: (1000, 101)
l: 0
rho: 2
self: <solvers.MLP.MLP object at 0x00000165CED78DF0>

Calling uz_solve(<solvers.MLP.MLP object at 0x00000165CED78DF0>, n=0, rho=2, x_t=array([[-0.29079315, -0.09013067,  0.09647746, ..., -0.39959739,
        -0.4339887 ,  0.49383651],
       [ 0.23282842, -0.20503356, -0.15084872, ..., -0.32403703,
         0.30036647,  0.48503561],
       [-0.19562313,  0.26093314, -0.80509036, ...,  0.50152204,
        -0.21189079,  0.46078426],
       ...,
       [-0.29107843, -0.29653724, -0.35127929, ..., -0.16245936,
         0.18919231,  0.49443477],
       [-0.09656365,  0.32032752,  0.2643364 , ...,  0.065441  ,
        -0.02743682,  0.47479351],
       [-0.51857311,  0.20296374, -0.30223391, ..., -0.27518003,
        -0.49285352,  0.45791979]]))
uz_solve returned array([[ 6.18904426e-01, -4.43489128e-04,  7.42144111e-04, ...,
        -2.82551898e-04,  9.03628874e-05, -3.03278018e-04],
       [ 6.10355115e-01,  1.16568079e-02, -2.66709122e-03, ...,
         1.21142118e-02, -9.94512017e-05, -3.33167744e-03],
       [ 6.13653181e-01,  1.93482337e-03, -2.46234628e-03, ...,
         2.01425909e-02,  1.23809971e-02,  1.22513255e-03],
       ...,
       [ 6.14103944e-01, -8.12635546e-03, -6.77781673e-03, ...,
         3.41631347e-03, -9.06437335e-04,  3.01910059e-03],
       [ 6.37556892e-01, -9.04768120e-03,  1.54828470e-03, ...,
        -1.83460317e-03, -1.65725488e-03, -8.28559414e-03],
       [ 6.21890338e-01,  7.50671358e-04, -7.86830104e-04, ...,
         5.81298687e-04,  9.28294373e-04,  3.74667547e-04]])
X_t shape: (1000, 101)
l: 0
rho: 2
self: <solvers.MLP.MLP object at 0x00000165CED78DF0>

uz_solve returned array([[ 6.17792466e-01, -1.22611156e-02,  5.21370619e-04, ...,
        -6.12855880e-03,  6.60518501e-03,  1.47744290e-02],
       [ 6.09168417e-01, -1.35881358e-03, -3.78601111e-02, ...,
        -1.51434622e-02,  1.53428800e-02, -1.20710329e-02],
       [ 6.12567496e-01, -5.29356136e-03,  2.25438533e-03, ...,
         6.46230339e-03, -1.41355171e-03,  6.89651430e-03],
       ...,
       [ 6.15325804e-01,  8.52953136e-05, -1.01280232e-03, ...,
        -1.63238192e-03, -2.13004640e-03,  3.22100756e-03],
       [ 6.33919017e-01, -9.79538238e-04,  1.74067295e-03, ...,
        -3.12099579e-04, -2.97248660e-03, -4.83174219e-03],
       [ 6.20989437e-01, -4.73671525e-03,  3.25992533e-03, ...,
        -4.30646764e-04, -2.31458429e-03,  1.47673667e-03]])
X_t shape: (1000, 101)
l: 1
rho: 2
self: <solvers.MLP.MLP object at 0x00000165CED78DF0>

Calling uz_solve(<solvers.MLP.MLP object at 0x00000165CED78DF0>, n=0, rho=2, x_t=array([[-0.27331534, -0.09437981,  0.00377008, ..., -0.4067995 ,
        -0.36865255,  0.44531148],
       [ 0.2103059 , -0.36009768, -0.14389628, ..., -0.2431744 ,
         0.28869748,  0.36722124],
       [-0.24303564,  0.30334115, -0.56236929, ...,  0.39194652,
        -0.09140942,  0.15203942],
       ...,
       [-0.30115935, -0.31768864, -0.2237777 , ..., -0.16863142,
         0.2598775 ,  0.45061979],
       [-0.09112811,  0.27940676,  0.17522466, ...,  0.03483518,
         0.08468629,  0.27634327],
       [-0.49586225,  0.06475255, -0.31795517, ..., -0.44338903,
        -0.27956575,  0.12662296]]))
uz_solve returned array([[ 6.18684237e-01,  7.41797427e-03,  1.93001808e-03, ...,
        -4.08772021e-03,  3.18471708e-03,  7.53391979e-03],
       [ 6.13133357e-01, -9.40602890e-04, -3.95464356e-03, ...,
         1.65213520e-03, -1.88004912e-03, -3.72327903e-03],
       [ 6.13455738e-01, -3.32619971e-03,  3.12844058e-03, ...,
        -1.35687106e-03, -5.99836627e-03, -3.44212204e-03],
       ...,
       [ 6.19246093e-01, -2.27128635e-03,  5.17817846e-03, ...,
         1.17292946e-02,  7.07691931e-03, -1.30500358e-02],
       [ 6.34164253e-01, -8.95697336e-04, -1.07421913e-05, ...,
         2.69859584e-04,  3.20872022e-04,  4.05973714e-04],
       [ 6.20537265e-01,  9.69867350e-04, -1.03026533e-05, ...,
         7.90289997e-04,  1.13633618e-03,  2.07511000e-05]])
X_t shape: (1000, 101)
l: 1
rho: 2
self: <solvers.MLP.MLP object at 0x00000165CED78DF0>

Calling uz_solve(<solvers.MLP.MLP object at 0x00000165CED78DF0>, n=1, rho=2, x_t=array([[-0.23719245, -0.07805613, -0.00770952, ..., -0.48992655,
        -0.38457865,  0.46918257],
       [ 0.19860366, -0.35555676, -0.1399921 , ..., -0.24715747,
         0.34775716,  0.42517807],
       [-0.19486132,  0.27856261, -0.4902038 , ...,  0.35521626,
         0.00263906,  0.30392132],
       ...,
       [-0.32674384, -0.36163235, -0.23695467, ..., -0.20030715,
         0.22270358,  0.47217384],
       [-0.14161703,  0.2506021 ,  0.13982615, ...,  0.12746418,
         0.02473109,  0.37396757],
       [-0.35954484,  0.00731165, -0.35736489, ..., -0.4869765 ,
        -0.20344368,  0.28959893]]))
Calling uz_solve(<solvers.MLP.MLP object at 0x00000165CED78DF0>, n=0, rho=2, x_t=array([[-0.25208758, -0.09270548,  0.0068429 , ..., -0.48019213,
        -0.39164203,  0.47265574],
       [ 0.2142853 , -0.38213178, -0.15769176, ..., -0.25080172,
         0.3271198 ,  0.43361062],
       [-0.16187208,  0.24793823, -0.4627719 , ...,  0.3281584 ,
         0.0350291 ,  0.32601971],
       ...,
       [-0.33674816, -0.37413712, -0.2332878 , ..., -0.21744123,
         0.21035806,  0.47530989],
       [-0.15463332,  0.22775088,  0.15225924, ...,  0.11696517,
         0.03374742,  0.38817164],
       [-0.35361695,  0.07068167, -0.36131488, ..., -0.46784722,
        -0.2501146 ,  0.31331148]]))
uz_solve returned array([[ 6.17304337e-01,  3.67905656e-04, -5.01620330e-04, ...,
         1.19228849e-03,  3.01871779e-05, -4.13191078e-04],
       [ 6.10907144e-01, -2.22481353e-02,  9.30403759e-03, ...,
        -6.72237026e-03, -8.41300900e-03, -9.25769118e-03],
       [ 6.15704795e-01,  2.77401641e-03, -1.84055777e-03, ...,
        -2.72960617e-03, -1.34168329e-03, -4.98955547e-03],
       ...,
       [ 6.13885182e-01,  1.29771504e-02,  3.62366848e-03, ...,
        -1.64587155e-04,  3.57693874e-03, -2.01203259e-03],
       [ 6.34092816e-01, -1.12207781e-03, -4.07777881e-06, ...,
         4.89015846e-04, -4.97427385e-03,  4.09401203e-04],
       [ 6.20169500e-01, -4.20890160e-03, -4.80326114e-04, ...,
         2.38285180e-03,  2.08005168e-03,  8.20199044e-05]])
X_t shape: (1000, 101)
l: 0
rho: 2
self: <solvers.MLP.MLP object at 0x00000165CED78DF0>

Calling uz_solve(<solvers.MLP.MLP object at 0x00000165CED78DF0>, n=0, rho=2, x_t=array([[-0.27890456, -0.05541225,  0.0458649 , ..., -0.42872985,
        -0.40961495,  0.48459128],
       [ 0.18236062, -0.4051974 , -0.15550311, ..., -0.30342732,
         0.41185929,  0.46258903],
       [-0.15139778,  0.34442836, -0.41392502, ...,  0.40651787,
         0.03483516,  0.40196066],
       ...,
       [-0.28930377, -0.39405355, -0.25320163, ..., -0.20177512,
         0.23732697,  0.48608692],
       [-0.13856236,  0.18558865,  0.08291399, ...,  0.11884714,
        -0.00232747,  0.43698379],
       [-0.20774699,  0.03641384, -0.22565027, ..., -0.487531  ,
        -0.25963983,  0.39479946]]))
uz_solve returned array([[ 6.17210680e-01, -5.91247206e-04,  6.48329449e-04, ...,
        -7.41733155e-04, -6.14339785e-04, -1.69919932e-04],
       [ 6.16236375e-01, -3.49184422e-03, -6.22904556e-04, ...,
         1.96311488e-03,  5.09490832e-03, -3.92281625e-03],
       [ 6.10590941e-01,  8.33240090e-03, -1.09067686e-02, ...,
         2.53281803e-02,  2.00734175e-02,  1.62449467e-02],
       ...,
       [ 6.15999006e-01, -2.83128788e-03, -3.28874299e-03, ...,
        -1.21638851e-02,  9.23595981e-04, -5.21206791e-03],
       [ 6.32634175e-01, -2.46102822e-04, -2.18170415e-03, ...,
         3.82756653e-04, -5.29439538e-04,  1.24622718e-03],
       [ 6.19391006e-01,  4.79405114e-03, -2.35410014e-03, ...,
        -9.45246671e-03, -1.31711326e-02,  2.59774933e-04]])
X_t shape: (1000, 101)
l: 0
rho: 2
self: <solvers.MLP.MLP object at 0x00000165CED78DF0>

Calling uz_solve(<solvers.MLP.MLP object at 0x00000165CED78DF0>, n=0, rho=2, x_t=array([[-0.28838607, -0.08366795,  0.04265879, ..., -0.43450234,
        -0.42246502,  0.49652682],
       [ 0.21599443, -0.42885799, -0.13747424, ..., -0.27633099,
         0.37666309,  0.49156744],
       [-0.00443745,  0.39538216, -0.49278862, ...,  0.34467204,
        -0.06027679,  0.47790161],
       ...,
       [-0.28728629, -0.45179138, -0.28172214, ..., -0.2118533 ,
         0.27276157,  0.49686395],
       [-0.08955057,  0.33342836,  0.10531239, ...,  0.03390066,
        -0.04355912,  0.48579594],
       [-0.28301155,  0.08660883, -0.27370171, ..., -0.3334046 ,
        -0.28279688,  0.47628745]]))
uz_solve returned array([[ 6.15186652e-01, -3.42765147e-03,  5.71554721e-03, ...,
         5.76984765e-04, -1.90072569e-03, -1.25076940e-02],
       [ 6.14746376e-01,  1.19405603e-02,  7.29516734e-03, ...,
         2.12075422e-03, -3.70555334e-03,  1.16687250e-03],
       [ 6.13805055e-01,  1.04878146e-04, -5.09187268e-04, ...,
        -7.55158136e-04, -5.72359572e-05,  2.14173277e-04],
       ...,
       [ 6.15715740e-01,  5.07755918e-04,  6.62289918e-03, ...,
        -5.29401630e-03, -7.90512802e-03, -1.43029417e-03],
       [ 6.36194242e-01,  1.68643498e-02, -3.29452445e-03, ...,
         6.06806340e-03,  9.72347591e-04, -8.56714175e-03],
       [ 6.21066290e-01, -8.48967055e-03, -1.49138916e-03, ...,
        -5.40298292e-03, -5.36214523e-03, -2.84609909e-03]])
X_t shape: (1000, 101)
l: 0
rho: 2
self: <solvers.MLP.MLP object at 0x00000165CED78DF0>

uz_solve returned array([[ 6.18654895e-01,  2.38836199e-02, -2.63988348e-03, ...,
        -5.84781273e-03, -1.21427549e-02,  1.15858190e-05],
       [ 6.14927577e-01, -5.62759097e-03,  1.23764200e-02, ...,
        -5.28349886e-03,  5.87954555e-04,  1.35790005e-02],
       [ 6.03160337e-01, -1.06987450e-02, -2.48316916e-02, ...,
        -2.53149011e-03, -2.05400979e-02, -1.19906957e-02],
       ...,
       [ 6.14595589e-01,  3.15032816e-04,  5.38899413e-03, ...,
        -1.17795051e-02,  3.57192747e-03,  1.15101688e-03],
       [ 6.33092942e-01,  4.57878667e-03,  1.98860561e-03, ...,
        -3.62783332e-03,  2.05739328e-03,  2.08665654e-03],
       [ 6.19943107e-01, -1.19110370e-02, -3.31064813e-03, ...,
         4.93782232e-03,  4.04529280e-04,  6.55098625e-03]])
X_t shape: (1000, 101)
l: 1
rho: 2
self: <solvers.MLP.MLP object at 0x00000165CED78DF0>

Calling uz_solve(<solvers.MLP.MLP object at 0x00000165CED78DF0>, n=0, rho=2, x_t=array([[-0.23719245, -0.07805613, -0.00770952, ..., -0.48992655,
        -0.38457865,  0.46918257],
       [ 0.19860366, -0.35555676, -0.1399921 , ..., -0.24715747,
         0.34775716,  0.42517807],
       [-0.19486132,  0.27856261, -0.4902038 , ...,  0.35521626,
         0.00263906,  0.30392132],
       ...,
       [-0.32674384, -0.36163235, -0.23695467, ..., -0.20030715,
         0.22270358,  0.47217384],
       [-0.14161703,  0.2506021 ,  0.13982615, ...,  0.12746418,
         0.02473109,  0.37396757],
       [-0.35954484,  0.00731165, -0.35736489, ..., -0.4869765 ,
        -0.20344368,  0.28959893]]))
uz_solve returned array([[ 6.14475157e-01, -2.29151682e-02,  1.17024939e-02, ...,
         7.25530408e-03, -3.59105143e-04, -3.36447895e-02],
       [ 6.15262230e-01,  2.07409646e-04,  3.34691711e-04, ...,
        -3.99588045e-04,  2.33537958e-04, -3.05906060e-05],
       [ 6.17239302e-01, -6.31755235e-03,  2.46427702e-02, ...,
        -2.36458921e-03,  9.24533644e-03, -3.15678488e-03],
       ...,
       [ 6.14898162e-01,  1.24518780e-03,  1.90790650e-03, ...,
        -2.94131945e-04,  2.29282317e-03,  1.51764300e-03],
       [ 6.35199037e-01,  7.70827257e-04, -5.19433328e-03, ...,
        -8.26159258e-04,  4.27872611e-04,  5.69949804e-03],
       [ 6.19135137e-01,  2.61727002e-03, -4.57592054e-03, ...,
        -2.98041002e-03,  7.95509191e-03, -3.70488286e-03]])
X_t shape: (1000, 101)
l: 1
rho: 2
self: <solvers.MLP.MLP object at 0x00000165CED78DF0>

Calling uz_solve(<solvers.MLP.MLP object at 0x00000165CED78DF0>, n=1, rho=2, x_t=array([[-0.22799776, -0.05064251, -0.08358511, ..., -0.4575012 ,
        -0.36266273,  0.49305365],
       [ 0.19632892, -0.3692016 , -0.27423003, ..., -0.26562166,
         0.36554152,  0.48313489],
       [-0.19436897,  0.31965074, -0.54287714, ...,  0.58509523,
         0.02643446,  0.45580322],
       ...,
       [-0.33668709, -0.33504403, -0.21669695, ..., -0.27425665,
         0.23615396,  0.49372789],
       [-0.21315639,  0.20830379,  0.18588272, ...,  0.09682416,
        -0.03163095,  0.47159187],
       [-0.41845801,  0.0787692 , -0.20472182, ..., -0.44448203,
        -0.20167078,  0.4525749 ]]))
Calling uz_solve(<solvers.MLP.MLP object at 0x00000165CED78DF0>, n=0, rho=2, x_t=array([[-0.24216397, -0.0528233 , -0.09384913, ..., -0.46144698,
        -0.35733928,  0.49383651],
       [ 0.19814962, -0.39325768, -0.26479586, ..., -0.27757427,
         0.38920222,  0.48503561],
       [-0.18446972,  0.31540907, -0.54443231, ...,  0.568291  ,
         0.03697032,  0.46078427],
       ...,
       [-0.34917184, -0.33281995, -0.2181695 , ..., -0.27547078,
         0.23364182,  0.49443477],
       [-0.22092592,  0.21838677,  0.2067924 , ...,  0.09002055,
        -0.0282927 ,  0.47479351],
       [-0.40066312,  0.0742124 , -0.22065757, ..., -0.46894379,
        -0.18964956,  0.45791979]]))
uz_solve returned array([[ 6.16369474e-01,  1.01708273e-03, -1.03759445e-03, ...,
         4.88325854e-03,  2.42710773e-03, -3.36819629e-04],
       [ 6.18017353e-01, -3.86828234e-03,  9.99206074e-04, ...,
         9.97780532e-04, -1.52462674e-03,  1.77177373e-03],
       [ 6.13887638e-01, -1.04914554e-03, -1.81706227e-03, ...,
         7.72934518e-03,  6.04230145e-03, -7.53105316e-03],
       ...,
       [ 6.14876757e-01,  3.57822884e-04, -6.40953696e-05, ...,
         1.23249630e-04,  6.90140861e-04, -7.59443683e-04],
       [ 6.34731020e-01, -3.28293172e-03, -6.83394992e-03, ...,
         5.77902529e-03,  7.64048659e-03, -5.70394975e-03],
       [ 6.19335603e-01,  3.46590804e-03, -2.01299803e-02, ...,
        -1.27095438e-02,  7.06843234e-03, -2.36473474e-03]])
X_t shape: (1000, 101)
l: 0
rho: 2
self: <solvers.MLP.MLP object at 0x00000165CED78DF0>

Calling uz_solve(<solvers.MLP.MLP object at 0x00000165CED78DF0>, n=0, rho=2, x_t=array([[-0.2421906 , -0.04833458, -0.10399362, ..., -0.47378904,
        -0.34652224,  0.49652682],
       [ 0.18977031, -0.41204501, -0.25125886, ..., -0.29501761,
         0.40265922,  0.49156744],
       [-0.1844653 ,  0.29261883, -0.56222549, ...,  0.50944622,
        -0.00775628,  0.47790161],
       ...,
       [-0.35501919, -0.3230483 , -0.21379729, ..., -0.28439059,
         0.24290198,  0.49686395],
       [-0.20043513,  0.18640385,  0.22385411, ...,  0.08795013,
        -0.02839472,  0.48579594],
       [-0.38633992,  0.0984539 , -0.15952221, ..., -0.47449859,
        -0.23558934,  0.47628745]]))
uz_solve returned array([[ 6.16324955e-01,  1.73416858e-03, -5.52225872e-03, ...,
         3.32939547e-04, -7.89170975e-03, -5.06772819e-04],
       [ 6.18948131e-01, -1.75565960e-03, -9.20968698e-03, ...,
         8.23404453e-03, -1.97708385e-02, -4.62825103e-03],
       [ 6.11424343e-01,  8.72370019e-04,  1.49491238e-03, ...,
        -2.72352976e-03, -5.33113690e-04,  3.50108498e-03],
       ...,
       [ 6.14761544e-01, -4.03883813e-04,  7.91491496e-04, ...,
        -1.70629758e-03,  8.97873406e-04,  5.26584491e-04],
       [ 6.33087086e-01,  2.92756354e-05,  2.96065861e-05, ...,
        -7.19702455e-06,  5.34114889e-06,  3.47764030e-05],
       [ 6.19739707e-01, -4.50909454e-03,  1.06606759e-02, ...,
         2.12101041e-03, -2.98755931e-03,  9.87850987e-03]])
X_t shape: (1000, 101)
l: 0
rho: 2
self: <solvers.MLP.MLP object at 0x00000165CED78DF0>

Calling uz_solve(<solvers.MLP.MLP object at 0x00000165CED78DF0>, n=0, rho=2, x_t=array([[-0.24513668, -0.03510773, -0.09618422, ..., -0.47691781,
        -0.34717825,  0.49921713],
       [ 0.15680522, -0.41588926, -0.23375497, ..., -0.29966006,
         0.42001499,  0.49809927],
       [-0.21385103,  0.30260214, -0.54164916, ...,  0.47564033,
        -0.02376516,  0.49501895],
       ...,
       [-0.33981292, -0.32147095, -0.19508926, ..., -0.29711709,
         0.23658738,  0.49929312],
       [-0.18028292,  0.1865252 ,  0.19946331, ...,  0.08317521,
        -0.02371188,  0.49679836],
       [-0.41150432,  0.08974562, -0.1531499 , ..., -0.50891171,
        -0.19777486,  0.49465511]]))
uz_solve returned array([[ 6.16775917e-01,  8.92230621e-04, -1.79020457e-04, ...,
        -5.13615308e-03,  2.88077231e-03,  9.50741418e-03],
       [ 6.18257366e-01,  7.65099590e-03, -1.96455130e-02, ...,
         1.69209574e-02,  1.63935778e-02, -9.76113886e-03],
       [ 6.11374121e-01,  5.94951673e-04,  1.81026631e-03, ...,
        -9.47855357e-03,  2.75441972e-03,  2.82306146e-03],
       ...,
       [ 6.15054136e-01,  1.49827939e-04, -1.95918620e-03, ...,
        -2.67627506e-03,  3.13424288e-03, -3.34789492e-03],
       [ 6.33760411e-01, -4.83089563e-04,  2.06493184e-03, ...,
         3.40638526e-03, -4.80034651e-04, -1.04784202e-03],
       [ 6.17303121e-01, -1.93899493e-03,  6.00503832e-03, ...,
         3.48981767e-03, -6.05267694e-03, -1.40938368e-03]])
X_t shape: (1000, 101)
l: 0
rho: 2
self: <solvers.MLP.MLP object at 0x00000165CED78DF0>

uz_solve returned array([[ 6.16834742e-01,  1.73502420e-03,  2.06223264e-04, ...,
         3.04871795e-03,  7.90165328e-04, -1.33135864e-03],
       [ 6.17151472e-01,  4.89204916e-03,  1.60268360e-02, ...,
         1.49301962e-03,  7.96218556e-03, -1.16638531e-02],
       [ 6.10268465e-01,  3.85505164e-04,  2.34276204e-03, ...,
        -5.09777510e-03,  1.14219286e-02, -6.60106136e-03],
       ...,
       [ 6.15022314e-01,  9.42579812e-03,  3.66386400e-03, ...,
         9.35166130e-03, -8.81269269e-03,  7.45754921e-03],
       [ 6.34357166e-01, -7.68579328e-04, -4.28895049e-03, ...,
         1.32645794e-03, -7.41370889e-04, -1.59416472e-03],
       [ 6.19066282e-01, -3.33504490e-03, -4.72839537e-03, ...,
        -8.47922032e-03,  1.09429799e-02, -4.40169084e-03]])
X_t shape: (1000, 101)
l: 1
rho: 2
self: <solvers.MLP.MLP object at 0x00000165CED78DF0>

Calling uz_solve(<solvers.MLP.MLP object at 0x00000165CED78DF0>, n=0, rho=2, x_t=array([[-0.22799776, -0.05064251, -0.08358511, ..., -0.4575012 ,
        -0.36266273,  0.49305365],
       [ 0.19632892, -0.3692016 , -0.27423003, ..., -0.26562166,
         0.36554152,  0.48313489],
       [-0.19436897,  0.31965074, -0.54287714, ...,  0.58509523,
         0.02643446,  0.45580322],
       ...,
       [-0.33668709, -0.33504403, -0.21669695, ..., -0.27425665,
         0.23615396,  0.49372789],
       [-0.21315639,  0.20830379,  0.18588272, ...,  0.09682416,
        -0.03163095,  0.47159187],
       [-0.41845801,  0.0787692 , -0.20472182, ..., -0.44448203,
        -0.20167078,  0.4525749 ]]))
uz_solve returned array([[ 6.17417254e-01, -2.07982018e-03, -1.78372315e-03, ...,
        -3.81510043e-03, -2.27269476e-03,  4.36651801e-03],
       [ 6.17456897e-01, -4.48007273e-04,  8.18064752e-04, ...,
        -5.29768758e-05, -2.69762381e-05,  3.02336732e-03],
       [ 6.12550099e-01,  8.05400306e-04,  1.81942902e-03, ...,
         1.78940647e-03, -6.14201027e-04,  2.76049344e-03],
       ...,
       [ 6.14743948e-01, -2.93552509e-03,  1.00015706e-03, ...,
        -2.67540741e-03,  2.93306807e-03,  2.81519270e-03],
       [ 6.34791748e-01, -1.59139996e-03,  3.11696048e-03, ...,
        -8.03870380e-03, -8.02137419e-03,  2.14052545e-04],
       [ 6.19004128e-01, -2.57898610e-03,  2.55281732e-04, ...,
         3.15315685e-03,  2.78714282e-03, -1.51657604e-03]])
X_t shape: (1000, 101)
l: 1
rho: 2
self: <solvers.MLP.MLP object at 0x00000165CED78DF0>

uz_solve returned array([[ 6.18480348e-01,  9.90376634e-03,  1.57871406e-02, ...,
         1.30785169e-02, -1.81252352e-02, -5.99324521e-03],
       [ 5.93574405e-01,  1.31734603e-01, -9.38521862e-02, ...,
        -4.93868215e-03,  8.72799475e-04,  7.81868961e-02],
       [ 6.34993352e-01,  3.54922821e-02,  8.72492827e-03, ...,
         2.84943894e-02, -1.66872837e-02,  2.43810316e-02],
       ...,
       [ 6.14937637e-01, -1.07377216e-02,  7.75371708e-03, ...,
         6.18314492e-03,  1.71131674e-02,  9.98998387e-03],
       [ 6.33706697e-01,  5.68117552e-04, -4.08753418e-03, ...,
         3.77685567e-03, -7.80400155e-03, -1.64584689e-03],
       [ 6.10627529e-01,  2.53993866e-02, -2.39725265e-02, ...,
        -6.09149133e-03, -1.28214756e-02, -2.37029133e-03]])
self: <solvers.MLP.MLP object at 0x00000165CED78DF0>
n: 2
rho: 2
x_t shape: (1000, 101)

