Calling uz_solve(<solvers.ScaML.ScaML object at 0x0000018B80A0FF70>, 2, 2, array([[-0.30848056,  0.12210876, -0.06227225, ..., -0.44288436,
         0.16942173,  0.3835583 ],
       [ 0.20811534,  0.2968672 ,  0.05776083, ...,  0.44555324,
         0.47903883,  0.44061613],
       [ 0.12768191,  0.43048656,  0.22478998, ..., -0.21412233,
         0.4867472 ,  0.21590042],
       ...,
       [-0.24218845, -0.10654616, -0.4272412 , ...,  0.39012098,
         0.2520023 ,  0.31323087],
       [ 0.27703446,  0.3275323 , -0.12261245, ...,  0.12962002,
        -0.06309515,  0.3448683 ],
       [ 0.18661183, -0.39013293, -0.22543019, ...,  0.32706976,
         0.16692704,  0.34205028]], dtype=float32))
Calling uz_solve(<solvers.ScaML.ScaML object at 0x0000018B80A0FF70>, n=0, rho=2, x_t=array([[-0.28965458,  0.04376407, -0.02004273, ..., -0.42889258,
         0.17135407,  0.39668148],
       [ 0.22582208,  0.28023726,  0.0929697 , ...,  0.45019221,
         0.47976816,  0.44730879],
       [ 0.17523894,  0.46216831,  0.22035637, ..., -0.18389577,
         0.4348177 ,  0.24791892],
       ...,
       [-0.22672154, -0.10398413, -0.44616711, ...,  0.39130771,
         0.25833064,  0.33428006],
       [ 0.25708854,  0.32524866, -0.12935723, ...,  0.08334622,
        -0.02286788,  0.3623519 ],
       [ 0.17159289, -0.37661812, -0.14631748, ...,  0.32471696,
         0.17895229,  0.35985148]]))
uz_solve returned array([[ 0.34740556, -0.00637168,  0.0048311 , ...,  0.01582375,
         0.02624424,  0.02106787],
       [ 0.31991577, -0.17778701,  0.01977689, ...,  0.16907142,
        -0.26938415,  0.0965094 ],
       [ 0.12568056, -0.00415927, -0.01529917, ...,  0.00923607,
         0.00554527,  0.00403462],
       ...,
       [ 0.19825878,  0.00419837,  0.0057111 , ..., -0.02176336,
        -0.00505701,  0.01181735],
       [ 0.10383798,  0.1461984 , -0.07870544, ...,  0.28596281,
         0.18971603,  0.10479043],
       [ 0.12750064,  0.06780233,  0.06205529, ..., -0.10022461,
         0.0408832 , -0.17699491]])
X_t shape: (1000, 101)
l: 0
rho: 2
self: <solvers.ScaML.ScaML object at 0x0000018B80A0FF70>

Calling uz_solve(<solvers.ScaML.ScaML object at 0x0000018B80A0FF70>, n=0, rho=2, x_t=array([[-0.32554618,  0.0788317 , -0.08784492, ..., -0.41974971,
         0.17551485,  0.39668148],
       [ 0.2008488 ,  0.31631961,  0.04384782, ...,  0.44392547,
         0.48078442,  0.44730879],
       [ 0.21419275,  0.34808016,  0.1984849 , ..., -0.22155654,
         0.44977686,  0.24791892],
       ...,
       [-0.18230377, -0.09298167, -0.47187254, ...,  0.3790476 ,
         0.25073332,  0.33428006],
       [ 0.23181267,  0.29891989, -0.14400306, ...,  0.14816748,
        -0.10564098,  0.3623519 ],
       [ 0.24098034, -0.35932443, -0.21575136, ...,  0.32750756,
         0.2086919 ,  0.35985148]]))
uz_solve returned array([[ 0.49936202, -0.06582774, -0.34190915, ...,  0.31437133,
        -0.14781175, -0.50281878],
       [ 0.35300087, -0.50809655, -0.31532078, ...,  0.41369134,
         0.05710873,  0.12972943],
       [ 0.10061806,  0.20214793, -0.19176188, ...,  0.09433531,
         0.08749417, -0.03268746],
       ...,
       [ 0.22872324,  0.02936965, -0.04754309, ...,  0.07650097,
         0.0401028 ,  0.06760577],
       [ 0.2014041 ,  0.05935556, -0.01535262, ..., -0.09473072,
        -0.02030209, -0.21572504],
       [ 0.15848476,  0.01593427, -0.01654268, ..., -0.0330059 ,
        -0.04636186, -0.01506912]])
X_t shape: (1000, 101)
l: 0
rho: 2
self: <solvers.ScaML.ScaML object at 0x0000018B80A0FF70>

Calling uz_solve(<solvers.ScaML.ScaML object at 0x0000018B80A0FF70>, n=0, rho=2, x_t=array([[-0.34471405,  0.01472717, -0.0892197 , ..., -0.41392332,
         0.14525083,  0.44177915],
       [ 0.21394712,  0.23955305,  0.11224353, ...,  0.45582449,
         0.50539112,  0.47030807],
       [ 0.22474463,  0.44080463,  0.1992403 , ..., -0.21928552,
         0.40449539,  0.35795021],
       ...,
       [-0.30137223, -0.04041446, -0.43503064, ...,  0.40878054,
         0.2342338 ,  0.40661544],
       [ 0.2309535 ,  0.36436304, -0.21271865, ...,  0.11908279,
         0.05539011,  0.42243415],
       [ 0.13128869, -0.2612395 , -0.14914796, ...,  0.33694255,
         0.25502688,  0.42102514]]))
uz_solve returned array([[ 3.63758593e-01,  4.25146835e-02, -7.43661765e-02, ...,
         4.64450504e-02, -1.38226548e-01,  3.35386089e-02],
       [ 3.59932237e-01,  1.77521950e-02, -2.81529193e-02, ...,
        -9.90770834e-02, -6.88101549e-02,  1.42843047e-01],
       [ 7.25070620e-02,  2.02108884e-01, -1.52002891e-01, ...,
         1.05883862e-01,  4.27413132e-02, -4.07178114e-02],
       ...,
       [ 1.22975229e-01,  9.36828044e-03, -2.47278792e-02, ...,
        -1.21680507e-01,  3.01071562e-02,  8.35542268e-02],
       [ 1.93901849e-01, -1.08286095e-02,  1.72390643e-02, ...,
        -2.14069846e-02, -9.60269809e-03,  1.95971786e-03],
       [ 1.75604437e-01,  5.24995367e-02, -2.79682562e-02, ...,
        -7.24959928e-05, -2.48646482e-03,  3.30125654e-02]])
X_t shape: (1000, 101)
l: 0
rho: 2
self: <solvers.ScaML.ScaML object at 0x0000018B80A0FF70>

Calling uz_solve(<solvers.ScaML.ScaML object at 0x0000018B80A0FF70>, n=0, rho=2, x_t=array([[-0.33370918,  0.06670912, -0.10832993, ..., -0.33664542,
         0.19839841,  0.44177915],
       [ 0.26448113,  0.28650385,  0.04087117, ...,  0.4306758 ,
         0.47059992,  0.47030807],
       [ 0.21792801,  0.3580972 ,  0.30780548, ..., -0.1496226 ,
         0.4132064 ,  0.35795021],
       ...,
       [-0.110333  , -0.07291459, -0.45889539, ...,  0.351179  ,
         0.18437533,  0.40661544],
       [ 0.14132279,  0.31416845, -0.05124462, ...,  0.19293481,
        -0.12153532,  0.42243415],
       [ 0.22164646, -0.3186754 , -0.13099475, ...,  0.27930662,
         0.25079286,  0.42102514]]))
uz_solve returned array([[ 0.38405492,  0.01341373,  0.00997131, ...,  0.01216292,
        -0.00830364,  0.01121536],
       [ 0.38359416, -0.22987384,  0.27911782, ..., -0.20798275,
        -0.05346738, -0.23353426],
       [ 0.16980921, -0.00068325,  0.00105996, ..., -0.00133654,
         0.00633849, -0.00299336],
       ...,
       [ 0.22675884,  0.03701749, -0.09713198, ..., -0.06924326,
        -0.15446466,  0.05910261],
       [ 0.14204425,  0.0324538 , -0.02276026, ...,  0.00557862,
         0.0827208 , -0.1237047 ],
       [ 0.14165821,  0.10671792, -0.01698628, ..., -0.04539689,
         0.02183701,  0.02592575]])
X_t shape: (1000, 101)
l: 0
rho: 2
self: <solvers.ScaML.ScaML object at 0x0000018B80A0FF70>

Calling uz_solve(<solvers.ScaML.ScaML object at 0x0000018B80A0FF70>, n=0, rho=2, x_t=array([[-0.36235622,  0.0892331 , -0.13877872, ..., -0.46719962,
         0.18925509,  0.48687683],
       [ 0.15012285,  0.20709729,  0.10089409, ...,  0.42763969,
         0.49753469,  0.49330734],
       [ 0.32762045,  0.39761871,  0.25696135, ..., -0.16936783,
         0.43543378,  0.4679815 ],
       ...,
       [-0.38425553,  0.01291479, -0.44624847, ...,  0.33844614,
         0.08956367,  0.47895081],
       [ 0.23439722,  0.44006371, -0.20240326, ...,  0.12574162,
         0.15436484,  0.4825164 ],
       [ 0.16188185, -0.1958466 , -0.16300571, ...,  0.25666308,
         0.31685629,  0.4821988 ]]))
uz_solve returned array([[ 0.34916551,  0.18974679, -0.12484187, ..., -0.15102931,
        -0.15904853,  0.02872141],
       [ 0.38012591,  0.05370795,  0.07553006, ..., -0.00069146,
        -0.08617111, -0.07364821],
       [ 0.10278534, -0.16384501,  0.04502368, ..., -0.00588527,
        -0.13875195,  0.09583467],
       ...,
       [ 0.17119835,  0.16175454,  0.20847342, ...,  0.31039902,
        -0.10022267, -0.22936077],
       [ 0.21533654, -0.03083351, -0.04257155, ...,  0.07852002,
        -0.03688211, -0.0162099 ],
       [ 0.18687845, -0.01192934,  0.00844584, ..., -0.02628121,
        -0.11004911, -0.17492238]])
X_t shape: (1000, 101)
l: 0
rho: 2
self: <solvers.ScaML.ScaML object at 0x0000018B80A0FF70>

Calling uz_solve(<solvers.ScaML.ScaML object at 0x0000018B80A0FF70>, n=0, rho=2, x_t=array([[-0.34111711,  0.11195327, -0.16879025, ..., -0.26702696,
         0.22728851,  0.48687683],
       [ 0.28841957,  0.28584835,  0.01452226, ...,  0.44319445,
         0.5304929 ,  0.49330734],
       [ 0.14921869,  0.31710073,  0.46652398, ..., -0.13802719,
         0.47623309,  0.4679815 ],
       ...,
       [-0.06941313, -0.03862761, -0.39389783, ...,  0.34447134,
         0.16028446,  0.47895081],
       [ 0.05314177,  0.25520843, -0.01232224, ...,  0.09525363,
        -0.11866111,  0.4825164 ],
       [ 0.15059085, -0.29693705, -0.04541065, ...,  0.25173986,
         0.29223642,  0.4821988 ]]))
uz_solve returned array([[ 4.70586293e-01,  3.91067830e-01,  4.39024495e-01, ...,
        -8.40227107e-02, -3.06488069e-01, -2.85103365e-01],
       [ 3.95277856e-01, -2.14235114e-02,  1.00173423e-01, ...,
         1.56542905e-01,  2.84990699e-01, -8.31025876e-02],
       [ 1.77719534e-01, -1.52480430e-02, -2.49726569e-02, ...,
         8.55737075e-02,  1.33120949e-02,  3.17362282e-02],
       ...,
       [ 1.91738222e-01,  1.45566447e-02,  1.09351681e-01, ...,
         2.40656550e-02, -8.34469965e-02, -1.21319585e-01],
       [ 1.83048978e-01, -3.19589901e-01,  1.64399090e-01, ...,
         3.41383793e-01,  3.82190505e-01, -8.67152447e-02],
       [ 1.80117581e-01,  5.55748333e-04,  1.56291395e-03, ...,
         5.74971539e-04, -6.80351224e-04, -3.80921681e-04]])
X_t shape: (1000, 101)
l: 0
rho: 2
self: <solvers.ScaML.ScaML object at 0x0000018B80A0FF70>

Calling uz_solve(<solvers.ScaML.ScaML object at 0x0000018B80A0FF70>, n=1, rho=2, x_t=array([[-0.28230679,  0.12855858, -0.04520506, ..., -0.46242553,
         0.14430481,  0.39668148],
       [ 0.18848082,  0.26710209,  0.03922873, ...,  0.45058236,
         0.47342402,  0.44730879],
       [ 0.10589403,  0.42814091,  0.23418474, ..., -0.21795531,
         0.45058623,  0.24791892],
       ...,
       [-0.28454757, -0.12698162, -0.44789779, ...,  0.36756617,
         0.27606046,  0.33428006],
       [ 0.2809042 ,  0.32566154, -0.1328786 , ...,  0.13854055,
        -0.10632669,  0.3623519 ],
       [ 0.17446482, -0.38493025, -0.23055504, ...,  0.33816996,
         0.12925148,  0.35985148]]))
Calling uz_solve(<solvers.ScaML.ScaML object at 0x0000018B80A0FF70>, n=0, rho=2, x_t=array([[-0.25411731,  0.16211287, -0.07463151, ..., -0.50594401,
         0.15273152,  0.40832565],
       [ 0.19608022,  0.29953186,  0.01285996, ...,  0.46081055,
         0.49305641,  0.45324718],
       [ 0.11201375,  0.46947183,  0.17545405, ..., -0.23457262,
         0.38906458,  0.27632887],
       ...,
       [-0.26346256, -0.10202284, -0.42800515, ...,  0.3821621 ,
         0.30894981,  0.35295698],
       [ 0.28005918,  0.31543882, -0.13323774, ...,  0.20115178,
        -0.09284971,  0.37786507],
       [ 0.11810539, -0.38167327, -0.21481093, ...,  0.33957715,
         0.10040593,  0.37564645]]))
uz_solve returned array([[ 0.45461917, -0.12586708,  0.31866949, ...,  0.10071818,
         0.33687144,  0.34678951],
       [ 0.35812018,  0.48152489,  0.23442502, ...,  0.00828872,
         0.00594982, -0.19262476],
       [ 0.16230497, -0.01113445,  0.00804991, ..., -0.02547163,
         0.00288829, -0.00933984],
       ...,
       [ 0.15924537, -0.07350682,  0.02790043, ..., -0.05612293,
         0.17144953,  0.18841205],
       [ 0.19899021, -0.03354223,  0.03041783, ...,  0.0022049 ,
        -0.06222808, -0.0213421 ],
       [ 0.18545447, -0.01143572, -0.02711087, ..., -0.02122659,
         0.02272045, -0.00542983]])
X_t shape: (1000, 101)
l: 0
rho: 2
self: <solvers.ScaML.ScaML object at 0x0000018B80A0FF70>

Calling uz_solve(<solvers.ScaML.ScaML object at 0x0000018B80A0FF70>, n=0, rho=2, x_t=array([[-0.24881551,  0.12104457, -0.09474766, ..., -0.54735941,
         0.06370256,  0.44834074],
       [ 0.22261328,  0.26578021, -0.01907395, ...,  0.37893661,
         0.53177888,  0.4736544 ],
       [ 0.13381348,  0.4923731 ,  0.18683456, ..., -0.16176345,
         0.35523149,  0.37395946],
       ...,
       [-0.19128265, -0.01278094, -0.40493657, ...,  0.38485965,
         0.37053298,  0.41714003],
       [ 0.25120408,  0.25984071,  0.00323258, ...,  0.25917632,
        -0.03524625,  0.43117595],
       [ 0.13688589, -0.38731673, -0.26068614, ...,  0.3799119 ,
         0.08971336,  0.42992574]]))
uz_solve returned array([[ 3.20598267e-01,  7.45322159e-01, -4.22365784e-01, ...,
        -5.33435882e-01, -7.85955406e-01,  7.90582195e-02],
       [ 2.41347277e-01, -1.59627150e-01, -4.14047690e-01, ...,
        -9.46654606e-01, -2.53167456e-01,  1.24525493e-01],
       [ 1.86738990e-01, -2.24773223e-02,  1.37169611e-01, ...,
        -3.73249236e-02,  7.00635205e-02,  1.96031368e-01],
       ...,
       [ 1.67770545e-01, -1.44775639e-01,  1.01824889e-02, ...,
        -3.53186042e-02,  1.00054698e-01,  6.68643724e-02],
       [ 1.93472862e-01, -8.86875614e-04, -1.05516454e-04, ...,
        -6.95729426e-04, -9.45971083e-04, -3.24697173e-04],
       [ 1.77349399e-01, -5.50221447e-02,  4.51836354e-02, ...,
         6.10019980e-02, -5.80330508e-02,  2.94714576e-02]])
X_t shape: (1000, 101)
l: 0
rho: 2
self: <solvers.ScaML.ScaML object at 0x0000018B80A0FF70>

Calling uz_solve(<solvers.ScaML.ScaML object at 0x0000018B80A0FF70>, n=0, rho=2, x_t=array([[-0.24381806,  0.0832614 , -0.10666354, ..., -0.58329728,
         0.07670844,  0.48835583],
       [ 0.2168206 ,  0.26562521, -0.02058676, ...,  0.40742288,
         0.55479516,  0.49406161],
       [ 0.1415441 ,  0.57272661,  0.14411256, ..., -0.21966489,
         0.34420994,  0.47159004],
       ...,
       [-0.24185506,  0.07877767, -0.47475743, ...,  0.42452123,
         0.42927964,  0.48132309],
       [ 0.27550963,  0.35763424, -0.031124  , ...,  0.19578452,
        -0.15540259,  0.48448683],
       [ 0.03786727, -0.37980877, -0.20328497, ...,  0.38061074,
         0.03160352,  0.48420503]]))
uz_solve returned array([[ 0.46546612, -0.05349863, -0.13594479, ...,  0.14967349,
        -0.0751396 ,  0.21435374],
       [ 0.2897216 ,  0.13003925, -0.05086056, ...,  0.06823143,
        -0.01454822, -0.27634208],
       [ 0.15128746, -0.01805451,  0.00423342, ..., -0.01474256,
         0.0195271 , -0.01301546],
       ...,
       [ 0.22516966,  0.14024927, -0.12875122, ..., -0.0467147 ,
         0.17825928, -0.00294369],
       [ 0.15256514, -0.3186769 ,  0.11201984, ..., -0.20225227,
         0.07395749,  0.0208146 ],
       [ 0.21539612,  0.04179616, -0.05263045, ..., -0.00463666,
        -0.01744761,  0.0525236 ]])
X_t shape: (1000, 101)
l: 0
rho: 2
self: <solvers.ScaML.ScaML object at 0x0000018B80A0FF70>

uz_solve returned array([[ 0.25959459, -0.64676145,  0.07220507, ..., -0.61418537,
         0.8839863 ,  0.54077396],
       [ 0.29057632, -0.08814218, -0.14211771, ..., -0.07135193,
         0.04843849, -0.21888953],
       [ 0.13438506,  0.00764132, -0.03973911, ...,  0.00171734,
         0.03175276,  0.01731022],
       ...,
       [ 0.17652923, -0.12067799, -0.19942473, ..., -0.18509419,
        -0.04415786, -0.17306773],
       [ 0.11658278,  0.16269865, -0.11155018, ...,  0.15116091,
        -0.16977505,  0.05514972],
       [ 0.17053277,  0.01277946, -0.03809543, ...,  0.0463526 ,
        -0.00716625,  0.10822387]])
X_t shape: (1000, 101)
l: 1
rho: 2
self: <solvers.ScaML.ScaML object at 0x0000018B80A0FF70>

Calling uz_solve(<solvers.ScaML.ScaML object at 0x0000018B80A0FF70>, n=0, rho=2, x_t=array([[-0.28230679,  0.12855858, -0.04520506, ..., -0.46242553,
         0.14430481,  0.39668148],
       [ 0.18848082,  0.26710209,  0.03922873, ...,  0.45058236,
         0.47342402,  0.44730879],
       [ 0.10589403,  0.42814091,  0.23418474, ..., -0.21795531,
         0.45058623,  0.24791892],
       ...,
       [-0.28454757, -0.12698162, -0.44789779, ...,  0.36756617,
         0.27606046,  0.33428006],
       [ 0.2809042 ,  0.32566154, -0.1328786 , ...,  0.13854055,
        -0.10632669,  0.3623519 ],
       [ 0.17446482, -0.38493025, -0.23055504, ...,  0.33816996,
         0.12925148,  0.35985148]]))
uz_solve returned array([[ 3.41226774e-01, -8.82470436e-05,  7.92128812e-03, ...,
         3.05207259e-03,  6.96582649e-03, -1.00740048e-03],
       [ 2.54237072e-01,  2.55832797e-01,  6.69114832e-03, ...,
        -5.99333118e-03, -2.04006995e-01,  8.75961359e-02],
       [ 2.11191829e-01,  2.17484327e-01, -2.54882233e-02, ...,
         1.85911240e-01,  5.85924426e-02,  1.60506917e-01],
       ...,
       [ 2.99655185e-01, -1.35042761e-01, -7.51538182e-03, ...,
         1.26650932e-01,  4.23150700e-01, -1.49405797e-01],
       [ 2.59218917e-01,  2.45407300e-02, -8.40561687e-02, ...,
        -3.56813264e-01,  2.03915970e-01,  9.43255568e-02],
       [ 1.52864257e-01, -2.66840359e-02, -5.05862452e-03, ...,
        -2.55850052e-02,  3.94729688e-02, -5.16198364e-02]])
X_t shape: (1000, 101)
l: 1
rho: 2
self: <solvers.ScaML.ScaML object at 0x0000018B80A0FF70>

Calling uz_solve(<solvers.ScaML.ScaML object at 0x0000018B80A0FF70>, n=1, rho=2, x_t=array([[-0.30075088,  0.14460765, -0.07570424, ..., -0.39641881,
         0.18910399,  0.44177915],
       [ 0.22067644,  0.27402124,  0.02519987, ...,  0.44240314,
         0.46403655,  0.47030807],
       [ 0.06057984,  0.38868406,  0.23706439, ..., -0.35817215,
         0.38395467,  0.35795021],
       ...,
       [-0.26425853, -0.18839496, -0.38199756, ...,  0.24077733,
         0.25754103,  0.40661544],
       [ 0.27464032,  0.26960158, -0.10423884, ...,  0.1838401 ,
        -0.16178925,  0.42243415],
       [ 0.11651544, -0.51264238, -0.31056502, ...,  0.4315705 ,
         0.11067939,  0.42102514]]))
Calling uz_solve(<solvers.ScaML.ScaML object at 0x0000018B80A0FF70>, n=0, rho=2, x_t=array([[-0.29495515,  0.13436411, -0.05101591, ..., -0.42392868,
         0.22525525,  0.44834074],
       [ 0.21692372,  0.26846004,  0.00204879, ...,  0.4488337 ,
         0.44771448,  0.4736544 ],
       [ 0.09208857,  0.37222648,  0.20973543, ..., -0.33944111,
         0.3931837 ,  0.37395946],
       ...,
       [-0.29535054, -0.1908997 , -0.385155  , ...,  0.25839734,
         0.28393119,  0.41714003],
       [ 0.26042433,  0.23333932, -0.10672602, ...,  0.14080281,
        -0.16426447,  0.43117595],
       [ 0.10184818, -0.50630705, -0.33460341, ...,  0.42423651,
         0.13643129,  0.42992574]]))
uz_solve returned array([[ 0.41349346, -0.03427699,  0.00834093, ...,  0.00240605,
         0.04155939,  0.01945494],
       [ 0.25490144,  0.11185274,  0.01629646, ..., -0.01850192,
        -0.04332948,  0.12188931],
       [ 0.16567949,  0.07155348,  0.03688638, ...,  0.01224273,
         0.00786597, -0.00598528],
       ...,
       [ 0.20994049, -0.00313083,  0.00830555, ..., -0.00404584,
         0.0062883 ,  0.06211687],
       [ 0.23392384,  0.35865031, -0.05887893, ..., -0.08054806,
         0.04670781, -0.13206065],
       [ 0.18033474, -0.04754459,  0.03655161, ...,  0.02197039,
        -0.06358323, -0.01429103]])
X_t shape: (1000, 101)
l: 0
rho: 2
self: <solvers.ScaML.ScaML object at 0x0000018B80A0FF70>

Calling uz_solve(<solvers.ScaML.ScaML object at 0x0000018B80A0FF70>, n=0, rho=2, x_t=array([[-0.34686316,  0.08538268, -0.05861934, ..., -0.378299  ,
         0.24214501,  0.47088958],
       [ 0.21794442,  0.25727734, -0.03395051, ...,  0.44565569,
         0.44894709,  0.48515403],
       [ 0.10027502,  0.38712957,  0.15922655, ..., -0.43741704,
         0.39829609,  0.42897511],
       ...,
       [-0.22513425, -0.1965893 , -0.38056101, ...,  0.31135505,
         0.27384492,  0.45330772],
       [ 0.27960344,  0.25969972, -0.07658304, ...,  0.14418157,
        -0.14502511,  0.46121708],
       [ 0.05911483, -0.49947167, -0.36437651, ...,  0.50190194,
         0.10659847,  0.46051257]]))
uz_solve returned array([[ 0.40121355, -0.23252841, -0.22029182, ..., -0.30438226,
         0.28354198,  0.01904797],
       [ 0.29977349,  0.02016381, -0.05745874, ...,  0.08262466,
         0.02365273,  0.07417961],
       [ 0.12790837,  0.00110481, -0.00558794, ..., -0.00643945,
         0.00826658,  0.00380503],
       ...,
       [ 0.19648866,  0.09336388, -0.0014729 , ...,  0.01141656,
         0.06488712,  0.11326116],
       [ 0.21004741, -0.00349562, -0.01398621, ...,  0.00903652,
         0.0009148 , -0.02063775],
       [ 0.15163974, -0.11921125,  0.02979261, ...,  0.00622758,
         0.02784875, -0.13784248]])
X_t shape: (1000, 101)
l: 0
rho: 2
self: <solvers.ScaML.ScaML object at 0x0000018B80A0FF70>

Calling uz_solve(<solvers.ScaML.ScaML object at 0x0000018B80A0FF70>, n=0, rho=2, x_t=array([[-0.35395633,  0.10859928, -0.09441379, ..., -0.3497781 ,
         0.26441322,  0.49343841],
       [ 0.16393909,  0.2707049 , -0.03493242, ...,  0.45994442,
         0.43673698,  0.49665367],
       [ 0.09432959,  0.38955303,  0.21476543, ..., -0.4138014 ,
         0.35010755,  0.48399075],
       ...,
       [-0.25586968, -0.20780629, -0.42676833, ...,  0.38262568,
         0.34847155,  0.4894754 ],
       [ 0.25932861,  0.28293842, -0.05831506, ...,  0.13138333,
        -0.1721005 ,  0.4912582 ],
       [ 0.01116486, -0.4567961 , -0.39508027, ...,  0.56189774,
         0.11984228,  0.4910994 ]]))
uz_solve returned array([[ 4.99250141e-01, -2.32460508e-02,  4.85783446e-02, ...,
         6.14172728e-02,  7.09268255e-02,  8.65277038e-02],
       [ 2.85954483e-01,  1.13892252e-02, -8.48124345e-02, ...,
        -2.47373355e-03,  1.02474102e-02, -3.92446165e-02],
       [ 1.23599401e-01, -3.22066332e-02,  8.49378340e-03, ...,
         9.43348749e-04,  1.08692379e-02,  6.60933599e-03],
       ...,
       [ 2.06517592e-01,  9.36682441e-02, -8.07630850e-03, ...,
         3.51558062e-02,  6.25139513e-03, -9.76613776e-02],
       [ 1.97402461e-01,  1.90939234e-02, -1.17053514e-02, ...,
        -7.15987970e-03,  3.83853685e-02, -1.58780006e-02],
       [ 1.52611279e-01,  2.05410459e-03, -3.79005934e-03, ...,
         1.15693155e-03,  2.74838420e-04, -5.11176292e-03]])
X_t shape: (1000, 101)
l: 0
rho: 2
self: <solvers.ScaML.ScaML object at 0x0000018B80A0FF70>

uz_solve returned array([[ 0.42047946,  0.20383758,  0.41326054, ..., -0.047082  ,
         0.06915074, -0.26001821],
       [ 0.26705163, -0.00322095,  0.00963696, ...,  0.08312219,
        -0.1083107 ,  0.02134228],
       [ 0.12323867, -0.00736996, -0.04390205, ..., -0.0641472 ,
         0.0148219 ,  0.01282491],
       ...,
       [ 0.1622238 ,  0.03460399,  0.01578957, ...,  0.00684943,
        -0.05944585, -0.01600008],
       [ 0.14679839, -0.04036328,  0.01096568, ...,  0.01760633,
         0.20848606,  0.00152541],
       [ 0.16751201,  0.09190991,  0.07125215, ..., -0.00340439,
        -0.00827694,  0.01622191]])
X_t shape: (1000, 101)
l: 1
rho: 2
self: <solvers.ScaML.ScaML object at 0x0000018B80A0FF70>

Calling uz_solve(<solvers.ScaML.ScaML object at 0x0000018B80A0FF70>, n=0, rho=2, x_t=array([[-0.30075088,  0.14460765, -0.07570424, ..., -0.39641881,
         0.18910399,  0.44177915],
       [ 0.22067644,  0.27402124,  0.02519987, ...,  0.44240314,
         0.46403655,  0.47030807],
       [ 0.06057984,  0.38868406,  0.23706439, ..., -0.35817215,
         0.38395467,  0.35795021],
       ...,
       [-0.26425853, -0.18839496, -0.38199756, ...,  0.24077733,
         0.25754103,  0.40661544],
       [ 0.27464032,  0.26960158, -0.10423884, ...,  0.1838401 ,
        -0.16178925,  0.42243415],
       [ 0.11651544, -0.51264238, -0.31056502, ...,  0.4315705 ,
         0.11067939,  0.42102514]]))
uz_solve returned array([[ 0.38774185,  0.17698026, -0.01156036, ...,  0.4921343 ,
        -0.20769057,  0.11907513],
       [ 0.24077886,  0.13635651, -0.31954795, ...,  0.07591161,
        -0.04499934,  0.12156051],
       [ 0.09613169,  0.01490213, -0.07579529, ...,  0.16177944,
        -0.16950586,  0.13217559],
       ...,
       [ 0.18751907, -0.02325377, -0.07768252, ..., -0.02558471,
         0.05190774, -0.02732567],
       [ 0.19081733,  0.00934657, -0.06720783, ..., -0.01942412,
         0.01358819,  0.01927761],
       [ 0.1409559 ,  0.0185329 ,  0.05971408, ...,  0.00414079,
         0.0090932 ,  0.01501783]])
X_t shape: (1000, 101)
l: 1
rho: 2
self: <solvers.ScaML.ScaML object at 0x0000018B80A0FF70>

Calling uz_solve(<solvers.ScaML.ScaML object at 0x0000018B80A0FF70>, n=1, rho=2, x_t=array([[-0.20627756,  0.18255717, -0.13343403, ..., -0.33796921,
         0.25595796,  0.48687683],
       [ 0.19745833,  0.17462923,  0.07113938, ...,  0.41670483,
         0.47746062,  0.49330734],
       [ 0.06593379,  0.35085765,  0.38098943, ..., -0.17482007,
         0.48384178,  0.4679815 ],
       ...,
       [-0.20553859, -0.25806367, -0.31048587, ...,  0.20325628,
         0.14924054,  0.47895081],
       [ 0.31393325,  0.27820826, -0.07864442, ...,  0.22443339,
        -0.09445251,  0.4825164 ],
       [ 0.17918387, -0.39995727, -0.47872734, ...,  0.38624167,
         0.07534426,  0.4821988 ]]))
Calling uz_solve(<solvers.ScaML.ScaML object at 0x0000018B80A0FF70>, n=0, rho=2, x_t=array([[-0.2290613 ,  0.20413397, -0.13110754, ..., -0.34162635,
         0.25755261,  0.48835583],
       [ 0.20131855,  0.1870799 ,  0.06809709, ...,  0.41927303,
         0.47475742,  0.49406161],
       [ 0.04138302,  0.3621712 ,  0.3659608 , ..., -0.19125209,
         0.47344701,  0.47159004],
       ...,
       [-0.21118725, -0.26501483, -0.30464011, ...,  0.20844565,
         0.14684782,  0.48132309],
       [ 0.30713397,  0.27682483, -0.08581712, ...,  0.22869534,
        -0.09980601,  0.48448683],
       [ 0.19962184, -0.38772406, -0.47691337, ...,  0.39130881,
         0.0703643 ,  0.48420503]]))
uz_solve returned array([[ 0.50097889, -0.05384955, -0.00423469, ..., -0.04185913,
         0.01659529, -0.01601273],
       [ 0.30999329, -0.10688336,  0.00179395, ..., -0.11438918,
         0.19457993, -0.08718196],
       [ 0.16841149, -0.00475228,  0.03608893, ...,  0.0230787 ,
         0.01490834, -0.03505089],
       ...,
       [ 0.17051126,  0.02327398,  0.00509663, ..., -0.02095272,
        -0.03371997,  0.01614356],
       [ 0.15449951,  0.00487294,  0.04065246, ...,  0.02281303,
         0.04494394,  0.00295471],
       [ 0.14647409,  0.14881233,  0.06693166, ...,  0.03740526,
        -0.01609414, -0.0431785 ]])
X_t shape: (1000, 101)
l: 0
rho: 2
self: <solvers.ScaML.ScaML object at 0x0000018B80A0FF70>

Calling uz_solve(<solvers.ScaML.ScaML object at 0x0000018B80A0FF70>, n=0, rho=2, x_t=array([[-0.22560223,  0.19648656, -0.12555439, ..., -0.33919552,
         0.25542457,  0.49343841],
       [ 0.20135774,  0.19021646,  0.07791188, ...,  0.41072183,
         0.46082239,  0.49665367],
       [ 0.01738435,  0.38202652,  0.35285413, ..., -0.15931855,
         0.44814267,  0.48399075],
       ...,
       [-0.19677633, -0.26582659, -0.30655682, ...,  0.19547637,
         0.18038778,  0.4894754 ],
       [ 0.30738555,  0.26089124, -0.09118308, ...,  0.23305221,
        -0.11809998,  0.4912582 ],
       [ 0.18573649, -0.34461967, -0.46954537, ...,  0.36446743,
         0.09291831,  0.4910994 ]]))
uz_solve returned array([[ 0.46090761,  0.04762015,  0.3358595 , ...,  0.01928666,
         0.47191438, -0.36381273],
       [ 0.27640305, -0.07109227,  0.34304555, ...,  0.02859938,
        -0.32719112, -0.27503096],
       [ 0.16295524, -0.00612427,  0.05438495, ..., -0.01881847,
         0.04589626, -0.00206141],
       ...,
       [ 0.15991935, -0.04576504,  0.00331681, ...,  0.02067428,
        -0.06801459,  0.02233695],
       [ 0.14771067,  0.00958492,  0.01512942, ...,  0.03014477,
        -0.04830206,  0.03472762],
       [ 0.156712  ,  0.01094504, -0.00864511, ...,  0.00122585,
         0.00074564,  0.04158011]])
X_t shape: (1000, 101)
l: 0
rho: 2
self: <solvers.ScaML.ScaML object at 0x0000018B80A0FF70>

Calling uz_solve(<solvers.ScaML.ScaML object at 0x0000018B80A0FF70>, n=0, rho=2, x_t=array([[-0.20844249,  0.18549126, -0.12177584, ..., -0.32606868,
         0.25569663,  0.498521  ],
       [ 0.2090955 ,  0.21393092,  0.09537568, ...,  0.4193772 ,
         0.45983987,  0.49924573],
       [ 0.00242602,  0.33949841,  0.31442395, ..., -0.18868931,
         0.44061235,  0.49639146],
       ...,
       [-0.18749548, -0.28348308, -0.29382554, ...,  0.21443235,
         0.12771516,  0.49762772],
       [ 0.29103967,  0.29281574, -0.07587827, ...,  0.2376229 ,
        -0.09209325,  0.49802957],
       [ 0.17672742, -0.30413744, -0.48674615, ...,  0.34749026,
         0.11472216,  0.49799378]]))
uz_solve returned array([[ 0.42996589, -0.04608536,  0.08975588, ...,  0.18943898,
         0.07094299,  0.05239123],
       [ 0.29994073, -0.02766958,  0.00060008, ..., -0.02491322,
        -0.00383008, -0.03204416],
       [ 0.15597791, -0.01361964, -0.00689489, ..., -0.01320492,
        -0.04156717,  0.00289842],
       ...,
       [ 0.17184742,  0.00554609, -0.01039173, ..., -0.00830544,
         0.0009579 ,  0.00150053],
       [ 0.1715175 , -0.2576163 , -0.14564828, ..., -0.02555689,
         0.11862598,  0.15891463],
       [ 0.15944516, -0.03569769,  0.17948375, ..., -0.07297216,
        -0.09990377,  0.14545587]])
X_t shape: (1000, 101)
l: 0
rho: 2
self: <solvers.ScaML.ScaML object at 0x0000018B80A0FF70>

uz_solve returned array([[ 0.5008952 ,  0.48860149, -0.29571709, ...,  0.19239731,
         0.0133292 , -0.38076385],
       [ 0.309558  ,  0.04322357,  0.05311879, ..., -0.04906298,
         0.0533367 ,  0.20303056],
       [ 0.16515787,  0.07415527, -0.02925817, ...,  0.0507    ,
         0.00748806,  0.00980048],
       ...,
       [ 0.16786638,  0.01048416,  0.01783499, ..., -0.0145169 ,
         0.0183155 , -0.01108398],
       [ 0.14396624,  0.05620433,  0.04162175, ..., -0.05130066,
         0.04376571, -0.03448914],
       [ 0.15300375,  0.01555253,  0.01032928, ...,  0.00595783,
        -0.00063461,  0.01006261]])
X_t shape: (1000, 101)
l: 1
rho: 2
self: <solvers.ScaML.ScaML object at 0x0000018B80A0FF70>

Calling uz_solve(<solvers.ScaML.ScaML object at 0x0000018B80A0FF70>, n=0, rho=2, x_t=array([[-0.20627756,  0.18255717, -0.13343403, ..., -0.33796921,
         0.25595796,  0.48687683],
       [ 0.19745833,  0.17462923,  0.07113938, ...,  0.41670483,
         0.47746062,  0.49330734],
       [ 0.06593379,  0.35085765,  0.38098943, ..., -0.17482007,
         0.48384178,  0.4679815 ],
       ...,
       [-0.20553859, -0.25806367, -0.31048587, ...,  0.20325628,
         0.14924054,  0.47895081],
       [ 0.31393325,  0.27820826, -0.07864442, ...,  0.22443339,
        -0.09445251,  0.4825164 ],
       [ 0.17918387, -0.39995727, -0.47872734, ...,  0.38624167,
         0.07534426,  0.4821988 ]]))
uz_solve returned array([[ 0.54860971,  0.02328004, -1.16753323, ...,  0.99700423,
         0.07483798, -0.78336068],
       [ 0.29936087, -0.01244762, -0.00806574, ..., -0.00145066,
         0.01493672,  0.00493517],
       [ 0.15762876,  0.03619754,  0.01401266, ..., -0.16484537,
        -0.01827475,  0.16567444],
       ...,
       [ 0.1865173 , -0.13045187,  0.13559779, ..., -0.09263008,
         0.06311052, -0.08312952],
       [ 0.17095268,  0.23915932,  0.13091113, ...,  0.05091403,
        -0.08698643, -0.06869476],
       [ 0.15723877,  0.01703647,  0.02463796, ..., -0.00175024,
         0.03171282, -0.02606375]])
X_t shape: (1000, 101)
l: 1
rho: 2
self: <solvers.ScaML.ScaML object at 0x0000018B80A0FF70>

uz_solve returned array([[ 2.57012074e-01, -2.98580452e-01,  6.01488033e-01, ...,
        -5.96020181e-01,  1.32171911e-01,  3.68012682e-01],
       [ 2.80532549e-01,  1.94437582e-02, -7.60623858e-03, ...,
        -1.25361782e-01,  1.47223822e-01, -1.99437796e-01],
       [ 1.55910373e-01,  9.55912176e-02, -7.88054911e-02, ...,
         2.33976180e-02,  9.15372117e-03, -2.87539945e-04],
       ...,
       [ 1.72427771e-01, -4.27605161e-02, -3.19900632e-02, ...,
         1.34013209e-01,  8.22315067e-02,  1.80120939e-02],
       [ 1.56619751e-01,  6.26049298e-02, -1.59743624e-02, ...,
         1.82220174e-02, -1.12491890e-02,  3.15780717e-02],
       [ 1.74196598e-01,  4.55810656e-02, -9.31922329e-02, ...,
         6.65266761e-03,  7.84432084e-02, -1.10009700e-01]])
self: <solvers.ScaML.ScaML object at 0x0000018B80A0FF70>
n: 2
rho: 2
x_t shape: (1000, 101)

