Results over 10 successful repetitions:
================================================================================

================================================================================
MEAN RELATIVE L2 ERROR (across repetitions)
================================================================================

PINN - Mean Relative L2 Error:
  Mean: 1.030842e-01
  Std:  1.752342e-03
  95% CI: ±1.086113e-03
  Range: [1.009485e-01, 1.057644e-01]

MLP - Mean Relative L2 Error:
  Mean: 5.364204e+00
  Std:  1.958143e-02
  95% CI: ±1.213669e-02
  Range: [5.341669e+00, 5.396031e+00]

SCaSML - Mean Relative L2 Error:
  Mean: 8.523669e-02
  Std:  1.515635e-02
  95% CI: ±9.394004e-03
  Range: [7.449230e-02, 1.145235e-01]

================================================================================
MEAN L1 ERROR (across repetitions)
================================================================================

PINN - Mean L1 Error:
  Mean: 1.921739e-01
  Std:  3.450454e-03
  95% CI: ±2.138614e-03
  Range: [1.865734e-01, 1.989337e-01]

MLP - Mean L1 Error:
  Mean: 1.225167e+01
  Std:  1.413938e-02
  95% CI: ±8.763676e-03
  Range: [1.222781e+01, 1.227033e+01]

SCaSML - Mean L1 Error:
  Mean: 1.413600e-01
  Std:  3.816148e-02
  95% CI: ±2.365273e-02
  Range: [1.156335e-01, 2.137662e-01]

================================================================================
MEAN L2 ERROR (squared, across repetitions)
================================================================================

PINN - Mean L2 Error:
  Mean: 5.550962e-02
  Std:  1.791756e-03
  95% CI: ±1.110542e-03
  Range: [5.351822e-02, 5.892191e-02]

MLP - Mean L2 Error:
  Mean: 1.502801e+02
  Std:  3.147320e-01
  95% CI: ±1.950729e-01
  Range: [1.497358e+02, 1.506878e+02]

SCaSML - Mean L2 Error:
  Mean: 3.898119e-02
  Std:  1.474551e-02
  95% CI: ±9.139363e-03
  Range: [2.899255e-02, 6.744752e-02]

================================================================================
STATISTICAL SIGNIFICANCE TESTS (Paired t-test)
================================================================================

Mean Relative L2 Error:
  PINN vs SCaSML: t=3.653116, p=5.291831e-03
  MLP vs SCaSML: t=822.863150, p=2.943735e-23
  PINN vs MLP: t=-868.411302, p=1.812677e-23

Mean L1 Error:
  PINN vs SCaSML: t=4.274610, p=2.066258e-03
  MLP vs SCaSML: t=866.132346, p=1.856057e-23
  PINN vs MLP: t=-2505.263337, p=1.309748e-27

Mean L2 Error:
  PINN vs SCaSML: t=3.423833, p=7.581824e-03
  MLP vs SCaSML: t=1485.044803, p=1.449464e-25
  PINN vs MLP: t=-1507.325086, p=1.267656e-25

================================================================================
TIMING STATISTICS
================================================================================

PINN - Execution Time (seconds):
  Mean: 4.682586e-01
  Std:  1.466698e+00
  95% CI: ±9.090689e-01
  Range: [4.351139e-03, 4.642555e+00]

MLP - Execution Time (seconds):
  Mean: 1.187802e+00
  Std:  3.530669e+00
  95% CI: ±2.188331e+00
  Range: [6.465983e-02, 1.123623e+01]

SCaSML - Execution Time (seconds):
  Mean: 3.764648e+01
  Std:  6.809263e+00
  95% CI: ±4.220425e+00
  Range: [3.328362e+01, 5.666457e+01]

================================================================================
Logging results to Weights & Biases...
================================================================================
