Results over 10 successful repetitions:
================================================================================

================================================================================
MEAN RELATIVE L2 ERROR (across repetitions)
================================================================================

PINN - Mean Relative L2 Error:
  Mean: 1.250981e-02
  Std:  3.910314e-04
  95% CI: ±2.423638e-04
  Range: [1.186836e-02, 1.309395e-02]

MLP - Mean Relative L2 Error:
  Mean: 8.337402e-02
  Std:  2.183914e-03
  95% CI: ±1.353483e-03
  Range: [8.081055e-02, 8.782959e-02]

SCaSML - Mean Relative L2 Error:
  Mean: 4.370642e-03
  Std:  2.938524e-04
  95% CI: ±1.821316e-04
  Range: [3.899916e-03, 4.780930e-03]

================================================================================
MEAN L1 ERROR (across repetitions)
================================================================================

PINN - Mean L1 Error:
  Mean: 5.825828e-03
  Std:  1.805187e-04
  95% CI: ±1.118866e-04
  Range: [5.479403e-03, 6.114419e-03]

MLP - Mean L1 Error:
  Mean: 3.430176e-02
  Std:  1.091957e-03
  95% CI: ±6.767417e-04
  Range: [3.289795e-02, 3.607178e-02]

SCaSML - Mean L1 Error:
  Mean: 1.443772e-03
  Std:  4.829167e-05
  95% CI: ±2.993149e-05
  Range: [1.377484e-03, 1.548887e-03]

================================================================================
MEAN L2 ERROR (squared, across repetitions)
================================================================================

PINN - Mean L2 Error:
  Mean: 5.631223e-05
  Std:  3.600447e-06
  95% CI: ±2.231580e-06
  Range: [5.031203e-05, 6.226061e-05]

MLP - Mean L2 Error:
  Mean: 2.502441e-03
  Std:  0.000000e+00
  95% CI: ±0.000000e+00
  Range: [2.298355e-03, 2.815247e-03]

SCaSML - Mean L2 Error:
  Mean: 6.897267e-06
  Std:  9.352282e-07
  95% CI: ±5.796604e-07
  Range: [5.547923e-06, 8.300353e-06]

================================================================================
STATISTICAL SIGNIFICANCE TESTS (Paired t-test)
================================================================================

Mean Relative L2 Error:
  PINN vs SCaSML: t=172.001398, p=3.859603e-17
  MLP vs SCaSML: t=108.050324, p=2.528524e-15
  PINN vs MLP: t=-93.895656, p=8.938170e-15

Mean L1 Error:
  PINN vs SCaSML: t=84.492372, p=2.308208e-14
  MLP vs SCaSML: t=93.544324, p=9.244587e-15
  PINN vs MLP: t=-80.780416, p=3.456745e-14

Mean L2 Error:
  PINN vs SCaSML: t=57.369098, p=7.480261e-13
  MLP vs SCaSML: t=47.993626, p=3.709285e-12
  PINN vs MLP: t=-46.907502, p=4.554467e-12

================================================================================
TIMING STATISTICS
================================================================================

PINN - Execution Time (seconds):
  Mean: 2.495090e-01
  Std:  7.879458e-01
  95% CI: ±4.883739e-01
  Range: [2.760887e-04, 2.492042e+00]

MLP - Execution Time (seconds):
  Mean: 1.231528e+00
  Std:  3.686396e+00
  95% CI: ±2.284852e+00
  Range: [5.565143e-02, 1.172318e+01]

SCaSML - Execution Time (seconds):
  Mean: 1.244571e+01
  Std:  4.841301e+00
  95% CI: ±3.000669e+00
  Range: [1.043943e+01, 2.620832e+01]

================================================================================
Logging results to Weights & Biases...
================================================================================
