Calling uz_solve(<solvers.MLP.MLP object at 0x000001D031518DF0>, 2, 2, array([[ 0.34564525, -0.06592864,  0.44417578, ...,  0.45860416,
         0.41639888,  0.40585473],
       [ 0.45227867, -0.48022246,  0.20524526, ..., -0.3235396 ,
        -0.08433363,  0.1923548 ],
       [-0.3338554 ,  0.4544108 , -0.188321  , ...,  0.47499722,
        -0.04974538,  0.18010478],
       ...,
       [ 0.27665883, -0.12274018, -0.07131478, ...,  0.49557823,
         0.23979461,  0.4693164 ],
       [ 0.43021905, -0.31980765,  0.11066121, ..., -0.3211144 ,
         0.06252825,  0.24628147],
       [ 0.3008774 , -0.27927822,  0.38011533, ..., -0.41009235,
        -0.26657093,  0.44932693]], dtype=float32))
Calling uz_solve(<solvers.MLP.MLP object at 0x000001D031518DF0>, n=0, rho=2, x_t=array([[ 0.20862646,  0.06724912,  0.39403364, ...,  0.41645244,
         0.34266466,  0.41646506],
       [ 0.53017235, -0.43052843,  0.20610629, ..., -0.17488828,
         0.54406673,  0.22702692],
       [-0.08020292,  0.47976476, -0.09416305, ...,  0.19404234,
        -0.0392196 ,  0.2161575 ],
       ...,
       [ 0.20690192, -0.25088879, -0.11205231, ...,  0.4968065 ,
         0.28960192,  0.47277449],
       [ 0.09810513, -0.43325508, -0.05337838, ..., -0.15796717,
        -0.18430336,  0.27487598],
       [ 0.27268669, -0.38770878,  0.3741827 , ..., -0.58470404,
        -0.16754447,  0.45503787]]))
uz_solve returned array([[ 2.66151258,  4.95917025, -3.12479918, ...,  0.5231295 ,
         2.60654715,  3.58853392],
       [ 3.55059318,  0.27777472, -2.94818915, ..., -0.57589287,
        -5.88475888,  0.83060105],
       [ 3.45002961,  1.39139018,  0.38570801, ...,  1.15929328,
        -0.9219483 ,  2.60636564],
       ...,
       [ 1.86309185, -4.64494442,  1.65341677, ..., -5.98011829,
        -1.83360174, -2.02081426],
       [ 3.55824374,  9.43555855,  1.03409882, ..., -2.20481745,
         6.3972483 ,  4.11602943],
       [ 2.41452563,  4.2130197 , -2.78165469, ...,  1.30446957,
         1.6321906 , -2.6392429 ]])
X_t shape: (1000, 101)
l: 0
rho: 2
self: <solvers.MLP.MLP object at 0x000001D031518DF0>

Calling uz_solve(<solvers.MLP.MLP object at 0x000001D031518DF0>, n=0, rho=2, x_t=array([[ 0.3751117 , -0.01639139,  0.32999593, ...,  0.55401671,
         0.51216918,  0.41646506],
       [ 0.45014876, -0.43212718,  0.23617361, ..., -0.22131591,
        -0.41851431,  0.22702692],
       [ 0.00406078,  0.54671723, -0.53823596, ...,  0.32430086,
        -0.30926323,  0.2161575 ],
       ...,
       [ 0.24653533, -0.26198873,  0.02132239, ...,  0.45936653,
         0.37817085,  0.47277449],
       [ 0.25324011, -0.53983933,  0.27252159, ..., -0.69498158,
         0.40329522,  0.27487598],
       [ 0.28646183, -0.35563615,  0.60916448, ..., -0.35363761,
        -0.3098855 ,  0.45503787]]))
uz_solve returned array([[ 2.62012111, -0.12662826,  4.54032813, ...,  1.3308765 ,
        -4.89969343, -1.32278526],
       [ 3.25467401,  1.19115474,  0.89702585, ..., -2.86597621,
         2.42698123, -2.1704607 ],
       [ 3.5436599 ,  3.56458177,  1.04881662, ...,  0.76797954,
        -0.12283178, -4.36191691],
       ...,
       [ 1.90336507, -1.55161907, -2.23457869, ...,  1.37483803,
        -0.93625606, -3.13854585],
       [ 3.4768556 ,  1.454115  , -1.69178231, ...,  5.92366318,
         6.54517369,  3.51458431],
       [ 2.10936239,  2.73881297,  3.66792164, ..., -2.60335939,
         1.3162041 ,  3.55838805]])
X_t shape: (1000, 101)
l: 0
rho: 2
self: <solvers.MLP.MLP object at 0x000001D031518DF0>

Calling uz_solve(<solvers.MLP.MLP object at 0x000001D031518DF0>, n=0, rho=2, x_t=array([[-5.82086258e-02,  3.37885916e-01,  1.44576177e-01, ...,
         2.75503725e-01, -4.25784439e-02,  4.52927366e-01],
       [ 1.16905296e+00, -1.20629065e-01, -7.64044672e-02, ...,
         4.49494421e-01,  7.59239197e-01,  3.46177399e-01],
       [-6.26480058e-02,  3.60527188e-01, -4.85381752e-01, ...,
        -3.19450498e-01,  2.26406485e-01,  3.40052381e-01],
       ...,
       [ 1.84423551e-01, -1.27207935e-01, -2.62742162e-01, ...,
         7.88197994e-01,  4.39363539e-01,  4.84658197e-01],
       [ 2.15732232e-01,  3.07320744e-01, -5.19685984e-01, ...,
         2.35110372e-01, -7.16325760e-01,  3.73140737e-01],
       [ 5.83848178e-01, -4.02367085e-01,  4.81173784e-01, ...,
        -6.86081707e-01, -2.48234544e-04,  4.74663466e-01]]))
uz_solve returned array([[ 2.43313428,  1.73886845, -0.41645232, ..., -0.90609925,
        -1.01623861,  0.22216315],
       [ 3.31970571,  1.72396958,  1.19584616, ...,  1.58034719,
        -1.66362612, -0.14900772],
       [ 3.37602601,  1.4580346 , -0.46945915, ...,  0.70404509,
        -0.46682809, -0.43702126],
       ...,
       [ 1.93058221, -7.42874964,  3.3393669 , ..., -0.34003156,
        -1.95596698, -0.12173947],
       [ 3.46348211, -0.20061624,  0.13504263, ..., -0.60633553,
         1.40542997,  1.66858664],
       [ 2.1432629 , -1.01848129,  1.71794521, ..., -0.0654723 ,
        -1.18672354,  0.68083731]])
X_t shape: (1000, 101)
l: 0
rho: 2
self: <solvers.MLP.MLP object at 0x000001D031518DF0>

Calling uz_solve(<solvers.MLP.MLP object at 0x000001D031518DF0>, n=0, rho=2, x_t=array([[-0.22554168, -0.13919252,  0.54566467, ...,  0.57601172,
         0.08523587,  0.45292737],
       [ 0.78022391, -0.51455981,  0.13860707, ...,  0.02821481,
         0.49448887,  0.3461774 ],
       [ 1.01665425,  0.21448483, -0.23466288, ...,  0.57486182,
         0.65312487,  0.34005238],
       ...,
       [ 0.37056926, -0.22515489,  0.16000491, ...,  0.46613678,
         0.27727035,  0.4846582 ],
       [ 0.5507102 , -1.17226326,  0.46877006, ..., -0.82399809,
         0.47989589,  0.37314074],
       [ 0.12208458, -0.51368332,  0.68403393, ..., -0.54137254,
        -0.58151233,  0.47466347]]))
uz_solve returned array([[ 2.56688865,  0.36881952, -0.40270133, ...,  0.39448705,
        -2.00236073, -0.42332307],
       [ 3.68954375,  1.23289427,  1.96207248, ..., -0.81799347,
        -2.24120772, -0.93468787],
       [ 3.57459624, -0.03625513,  0.01696889, ..., -0.98259673,
        -0.95820611, -0.0579072 ],
       ...,
       [ 1.86176585,  4.05338409,  1.22519276, ..., -2.54741893,
         0.58874369, -0.68513583],
       [ 3.52909291, -1.59890321, -0.66260623, ..., -1.55801522,
         1.09152457, -0.02940813],
       [ 2.17916444, -1.52605293,  1.52973584, ...,  1.63616587,
        -1.41763664,  0.0863447 ]])
X_t shape: (1000, 101)
l: 0
rho: 2
self: <solvers.MLP.MLP object at 0x000001D031518DF0>

Calling uz_solve(<solvers.MLP.MLP object at 0x000001D031518DF0>, n=0, rho=2, x_t=array([[-0.22347476,  0.31835094,  0.3648929 , ...,  0.19185176,
        -0.30210915,  0.48938967],
       [ 1.21911693, -0.60768503, -0.23563331, ...,  0.15621468,
         2.09588957,  0.46532787],
       [-0.16501072,  0.20749176, -0.71144497, ...,  0.34132683,
         0.76262486,  0.46394726],
       ...,
       [ 0.24120378,  0.10049297, -0.34878796, ...,  1.01628613,
         0.42563376,  0.49654191],
       [ 1.30385196, -0.06784744, -0.68213934, ..., -1.02394903,
        -0.65728247,  0.4714055 ],
       [ 0.40547591,  0.05298671,  0.71880025, ..., -0.89213073,
         0.02781234,  0.49428906]]))
uz_solve returned array([[ 2.49465894, -0.45536623,  0.16903241, ...,  0.049281  ,
        -0.3737057 ,  0.21193624],
       [ 3.65712905,  0.36784349,  0.11444851, ...,  0.64723381,
         0.31102427, -1.90673324],
       [ 3.48479855, -0.28604669, -0.70649755, ...,  0.31312889,
         0.13251474, -0.1699414 ],
       ...,
       [ 1.93355975,  0.90868369,  3.4513108 , ..., -3.18777136,
         0.14919768,  0.96594124],
       [ 3.53989546, -0.38236555,  0.46169275, ...,  0.05387871,
         0.13449516, -0.07110918],
       [ 2.23574179, -0.23695745,  0.43769306, ..., -0.43580125,
        -0.13520832,  0.08667638]])
X_t shape: (1000, 101)
l: 0
rho: 2
self: <solvers.MLP.MLP object at 0x000001D031518DF0>

Calling uz_solve(<solvers.MLP.MLP object at 0x000001D031518DF0>, n=0, rho=2, x_t=array([[-0.14886883, -0.13707481,  0.2587783 , ...,  1.33659756,
         0.31027424,  0.48938967],
       [ 0.74085963, -0.04777558,  0.59107798, ..., -0.18917665,
         1.04612684,  0.46532787],
       [ 1.20202422, -0.58914435, -0.20307809, ...,  1.0768764 ,
         0.24379291,  0.46394726],
       ...,
       [ 0.37331635, -0.09479377,  0.19487806, ...,  0.64145708,
         0.56141424,  0.49654191],
       [ 0.92973548, -1.51078975,  0.03184053, ..., -0.62650061,
         0.61468273,  0.4714055 ],
       [ 0.20046861, -0.25141335,  0.65189165, ..., -0.63409722,
        -0.86732364,  0.49428906]]))
uz_solve returned array([[ 2.8027488 ,  1.74056125, -0.71358633, ...,  0.11151908,
        -2.57289503,  0.40250491],
       [ 3.48954951,  0.03645115, -0.2048789 , ..., -0.15897366,
         0.00525262,  0.78985334],
       [ 3.66905789,  0.56391143, -0.02651532, ..., -0.00849794,
        -0.14135715, -0.10517085],
       ...,
       [ 1.79884156, -0.12750718,  0.32363636, ..., -0.30098027,
         0.14178626,  0.41192817],
       [ 3.60150534, -0.28976225,  0.3038185 , ..., -0.74006858,
         1.46206198, -0.5074682 ],
       [ 2.19445534,  0.17928146, -0.31270242, ..., -0.15123264,
        -0.2730528 ,  0.50700368]])
X_t shape: (1000, 101)
l: 0
rho: 2
self: <solvers.MLP.MLP object at 0x000001D031518DF0>

Calling uz_solve(<solvers.MLP.MLP object at 0x000001D031518DF0>, n=1, rho=2, x_t=array([[ 0.33194113,  0.30748355,  0.23981041, ...,  0.29482847,
         0.53770763,  0.41646506],
       [ 0.30584958,  0.10247097,  0.14472638, ..., -0.52805543,
        -0.05208034,  0.22702692],
       [-0.49615562,  0.25255984, -0.31889263, ...,  0.62520111,
         0.18459938,  0.2161575 ],
       ...,
       [ 0.27171144, -0.28509471, -0.05497329, ...,  0.47294712,
         0.18246849,  0.47277449],
       [ 0.28382164, -0.64613223,  0.14676802, ..., -0.54614162,
        -0.40923548,  0.27487598],
       [ 0.49755517, -0.24386415,  0.41221735, ..., -0.4530561 ,
         0.0080349 ,  0.45503787]]))
Calling uz_solve(<solvers.MLP.MLP object at 0x000001D031518DF0>, n=0, rho=2, x_t=array([[ 0.37420406,  0.31595877,  0.31352739, ...,  0.14630499,
         0.68841916,  0.42587959],
       [ 0.23496455,  0.30318317,  0.59427451, ..., -0.50592059,
        -0.16735982,  0.25779145],
       [-0.10021733, -0.00112979, -0.49187808, ...,  0.54840767,
         0.19100882,  0.24814702],
       ...,
       [ 0.15449238, -0.25824548, -0.12002378, ...,  0.54096743,
         0.23350463,  0.47584285],
       [-0.16564977, -0.81578013,  0.48335707, ..., -0.8788774 ,
        -0.21733862,  0.30024783],
       [ 0.44328207, -0.1652328 ,  0.32398681, ..., -0.57285117,
         0.10541714,  0.46010518]]))
uz_solve returned array([[ 2.68648282, -3.2177793 , -2.23096121, ..., -1.15329724,
         2.01917721, -6.66177448],
       [ 3.34619034,  0.50442669,  3.9100443 , ..., -1.0597527 ,
         0.52265489,  2.27221444],
       [ 3.6603294 ,  0.14587789, -1.86611845, ...,  3.30781716,
        -1.23477821,  1.66470148],
       ...,
       [ 2.09766809,  5.78953762, -2.79238827, ...,  0.10753478,
         0.4976551 ,  1.26599154],
       [ 3.1348911 , -0.18119827,  3.02135257, ...,  2.48168804,
         0.25369562,  2.84551709],
       [ 2.29271024,  2.12132205,  4.56660107, ...,  0.07230478,
        -0.0875667 , -3.97622367]])
X_t shape: (1000, 101)
l: 0
rho: 2
self: <solvers.MLP.MLP object at 0x000001D031518DF0>

Calling uz_solve(<solvers.MLP.MLP object at 0x000001D031518DF0>, n=0, rho=2, x_t=array([[-0.0131646 ,  0.16145325,  0.42421852, ...,  0.43693154,
         0.26924079,  0.45823253],
       [ 1.01128182,  0.60998762,  1.38036029, ..., -1.01603852,
        -0.14178909,  0.36351346],
       [-0.16470616,  0.12772041, -0.38529344, ...,  1.15909215,
        -0.32473519,  0.35807875],
       ...,
       [ 0.09913699, -0.09987733, -0.14034213, ...,  0.67387391,
         0.18454964,  0.48638724],
       [ 0.3495777 , -1.15193032,  0.75646607, ..., -0.5748718 ,
        -0.13295056,  0.38743799],
       [ 0.52034791, -0.41288515,  0.32187624, ..., -0.45357489,
         0.49545792,  0.47751894]]))
uz_solve returned array([[ 2.79904219, -0.91951832, -2.77568331, ...,  6.61746418,
         2.07665309, -1.78876124],
       [ 3.1827408 , -0.77894313, -0.16729577, ..., -0.36913722,
        -0.20152487,  0.05778551],
       [ 3.56649813,  1.90406135, -1.87352046, ..., -1.1975992 ,
        -0.62274354,  0.74186421],
       ...,
       [ 1.92616512, -1.09969533, -0.06465165, ..., -0.55763119,
        -0.15834979,  1.36549983],
       [ 3.54439842, -1.62366247, -0.93861031, ..., -0.89717081,
        -0.6135667 ,  2.6150918 ],
       [ 2.38321338,  6.42893943, -3.31252578, ..., -3.50372872,
        -0.99347839,  3.68822415]])
X_t shape: (1000, 101)
l: 0
rho: 2
self: <solvers.MLP.MLP object at 0x000001D031518DF0>

Calling uz_solve(<solvers.MLP.MLP object at 0x000001D031518DF0>, n=0, rho=2, x_t=array([[ 0.08086758,  0.4059307 ,  0.32104366, ...,  0.61643416,
        -0.08672761,  0.49058547],
       [ 1.03712544,  1.31142182,  1.48672262, ..., -0.64762413,
        -1.05096164,  0.46923548],
       [-0.90034249, -0.1747267 ,  0.41707141, ...,  1.62979882,
        -0.33432974,  0.46801048],
       ...,
       [-0.00790745, -0.28810897, -0.10945782, ...,  0.60768045,
         0.20591588,  0.49693164],
       [-0.48120846, -0.96298846,  0.89752548, ..., -0.59011025,
        -0.17955518,  0.47462815],
       [ 0.42721744, -0.11330899,  0.01283051, ..., -0.24976571,
         0.67734844,  0.49493269]]))
uz_solve returned array([[ 2.55225539,  0.23732048,  0.05387586, ..., -1.21681261,
         0.32180731, -0.11491949],
       [ 3.61040842, -0.43514956,  0.23273137, ...,  0.58935201,
         0.57173321,  0.05095658],
       [ 3.61805404, -0.25456064, -0.15630979, ..., -0.87614103,
        -0.23818041, -0.71567476],
       ...,
       [ 1.97696906,  0.59988273,  2.43339416, ..., -0.20385653,
         1.37787579,  2.79042753],
       [ 3.35537841,  1.10747209,  2.21154754, ..., -0.32905698,
         1.24297289,  1.67413271],
       [ 2.32463124,  0.3476408 ,  1.5738288 , ..., -0.75113553,
         0.10527457, -0.08947302]])
X_t shape: (1000, 101)
l: 0
rho: 2
self: <solvers.MLP.MLP object at 0x000001D031518DF0>

uz_solve returned array([[ -39.2501366 ,   54.13833817,   37.15927188, ...,  332.54763242,
         182.14889127, -139.48804544],
       [ -40.83807574,   33.72655491, -193.02505984, ...,  133.14414971,
          -6.8597915 ,  109.04219037],
       [ -78.65795214, -564.91751517,  359.18926977, ...,   64.65072316,
          47.17627423,   41.09627814],
       ...,
       [ -10.35427908,  216.64725285,  -51.8088252 , ...,   41.52852378,
        -130.55741675,  -76.38110774],
       [ -67.75365662,  342.85633066,  261.89993018, ...,  -10.99388455,
         265.34920502, -217.23436033],
       [ -25.89541072,   56.02413725,   -2.31681345, ...,  -55.04597222,
         144.68121224, -413.0337486 ]])
X_t shape: (1000, 101)
l: 1
rho: 2
self: <solvers.MLP.MLP object at 0x000001D031518DF0>

Calling uz_solve(<solvers.MLP.MLP object at 0x000001D031518DF0>, n=0, rho=2, x_t=array([[ 0.33194113,  0.30748355,  0.23981041, ...,  0.29482847,
         0.53770763,  0.41646506],
       [ 0.30584958,  0.10247097,  0.14472638, ..., -0.52805543,
        -0.05208034,  0.22702692],
       [-0.49615562,  0.25255984, -0.31889263, ...,  0.62520111,
         0.18459938,  0.2161575 ],
       ...,
       [ 0.27171144, -0.28509471, -0.05497329, ...,  0.47294712,
         0.18246849,  0.47277449],
       [ 0.28382164, -0.64613223,  0.14676802, ..., -0.54614162,
        -0.40923548,  0.27487598],
       [ 0.49755517, -0.24386415,  0.41221735, ..., -0.4530561 ,
         0.0080349 ,  0.45503787]]))
uz_solve returned array([[ 2.42662944,  2.21219524,  2.06825374, ...,  2.57215057,
        -0.4393563 , -1.86087058],
       [ 3.55504125,  2.591759  ,  1.91875028, ..., -3.00153124,
        -1.12776359,  1.52134319],
       [ 3.57977052, -2.95871718,  0.07774971, ..., -0.69284813,
        -0.50275096, -1.92450287],
       ...,
       [ 2.06844643, -2.74145573, -1.31776603, ..., -1.16402704,
        -1.11999131, -0.21880122],
       [ 3.27731115, -0.25512514, -2.31213505, ...,  2.88487576,
        -0.54157371, -0.5744418 ],
       [ 2.41260499, -1.38054496,  1.09324004, ...,  3.7175853 ,
        -6.63171639,  0.77006207]])
X_t shape: (1000, 101)
l: 1
rho: 2
self: <solvers.MLP.MLP object at 0x000001D031518DF0>

Calling uz_solve(<solvers.MLP.MLP object at 0x000001D031518DF0>, n=1, rho=2, x_t=array([[ 0.26519954,  0.51386815, -0.1653998 , ...,  0.35675922,
        -0.06455619,  0.45292737],
       [ 0.74575442, -0.51814032,  0.32101649, ...,  0.04976651,
        -0.77308613,  0.3461774 ],
       [-0.52753717,  0.67198008, -0.17573021, ...,  0.92469656,
         0.41454661,  0.34005238],
       ...,
       [ 0.55138659, -0.07136739,  0.03821923, ...,  0.68779284,
         0.39512214,  0.4846582 ],
       [ 0.884296  , -1.08341026, -0.0660421 , ..., -0.63373977,
        -0.55050224,  0.37314074],
       [ 0.38388145, -0.41787916,  0.74846983, ..., -0.87946534,
        -0.03118075,  0.47466347]]))
Calling uz_solve(<solvers.MLP.MLP object at 0x000001D031518DF0>, n=0, rho=2, x_t=array([[ 0.31562768,  0.61941289, -0.11430727, ...,  0.46596134,
        -0.30635108,  0.45823253],
       [ 0.75691958, -0.20071616,  0.22808009, ..., -0.15754848,
        -0.64985437,  0.36351346],
       [-0.42721397,  0.64425013, -0.28626313, ...,  0.98118261,
         0.31109671,  0.35807874],
       ...,
       [ 0.49701203, -0.09743415, -0.0028805 , ...,  0.69307432,
         0.32437631,  0.48638724],
       [ 1.07235995, -1.20396104, -0.06223744, ..., -0.67585129,
        -0.68594274,  0.38743799],
       [ 0.44039519, -0.34270416,  0.81569948, ..., -0.77183158,
         0.04742276,  0.47751894]]))
uz_solve returned array([[ 2.62694326, -3.82126351,  2.23522441, ...,  1.05158923,
         0.63537819, -0.27195296],
       [ 3.57693816, -0.05320784,  0.24033771, ...,  0.53682372,
        -1.5101909 , -2.15287947],
       [ 3.47562513,  0.22834131,  0.48458577, ..., -1.52379886,
        -0.10567507, -0.88363055],
       ...,
       [ 1.99161233,  1.60342355, -2.24786831, ...,  3.5915118 ,
         0.91101494, -1.38755659],
       [ 3.50806833, -0.79437562, -0.61975339, ..., -3.69488703,
        -0.39641601,  2.56355819],
       [ 2.30924772,  1.12014568,  2.10618174, ..., -1.54524601,
        -1.55714541,  0.77863705]])
X_t shape: (1000, 101)
l: 0
rho: 2
self: <solvers.MLP.MLP object at 0x000001D031518DF0>

Calling uz_solve(<solvers.MLP.MLP object at 0x000001D031518DF0>, n=0, rho=2, x_t=array([[ 0.23688263,  0.38915888, -0.07629376, ...,  0.51658078,
        -0.24992219,  0.47646368],
       [ 1.13873585, -0.61761254, -0.41419472, ..., -0.86225807,
        -0.95982446,  0.4230887 ],
       [-0.54068148,  0.27372754, -0.23908365, ...,  0.41928737,
         0.65751765,  0.42002619],
       ...,
       [ 0.29524001, -0.06611654,  0.1056156 , ...,  0.74299827,
         0.12345841,  0.4923291 ],
       [ 1.06113492, -1.34311776, -0.00316203, ..., -0.36579437,
        -0.6720589 ,  0.43657037],
       [ 0.51260961, -0.66135624,  0.57604945, ..., -0.59081913,
        -0.14969683,  0.48733173]]))
uz_solve returned array([[ 2.61780721e+00, -6.79597927e-01, -3.58142417e+00, ...,
        -1.06393389e+00,  1.22612240e+00,  9.86273711e-01],
       [ 3.93950115e+00,  8.45637098e-01,  3.44012846e-01, ...,
        -2.40605377e+00,  2.10525075e+00,  7.71209706e-01],
       [ 3.49225191e+00, -1.11198234e+00, -2.06511410e-01, ...,
         8.13716227e-01,  2.22885344e-01,  1.17168135e-01],
       ...,
       [ 1.85702158e+00,  3.89257829e-01, -5.64830894e-01, ...,
         6.07393844e-01, -5.90630823e-01,  8.55825196e-01],
       [ 3.20231750e+00, -3.88828325e-02,  1.04130827e-03, ...,
        -3.33624169e-02,  1.07785543e-01,  5.21944461e-02],
       [ 2.13621374e+00, -1.01341436e+00, -5.54528374e-01, ...,
         3.72612163e-01,  1.12997058e-01, -9.18172330e-01]])
X_t shape: (1000, 101)
l: 0
rho: 2
self: <solvers.MLP.MLP object at 0x000001D031518DF0>

Calling uz_solve(<solvers.MLP.MLP object at 0x000001D031518DF0>, n=0, rho=2, x_t=array([[ 0.2206432 ,  0.3552984 , -0.07644736, ...,  0.57170428,
        -0.69055999,  0.49469484],
       [ 0.44049943, -0.64905332, -1.16766176, ..., -0.96447279,
        -0.90456814,  0.48266394],
       [-0.53020145,  0.54439513,  0.62901529, ...,  0.60714788,
         1.1034884 ,  0.48197364],
       ...,
       [ 0.33554791, -0.05582545, -0.00121095, ...,  0.64224136,
         0.19268221,  0.49827095],
       [ 0.84882299, -1.10748017,  0.27520033, ..., -0.24434374,
         0.07880129,  0.48570275],
       [ 0.40721698, -0.76501535,  0.52160631, ..., -0.54313029,
         0.06672559,  0.49714453]]))
uz_solve returned array([[ 2.63357484, -0.14211152, -0.23583579, ...,  1.73996712,
         0.91103022, -1.02837088],
       [ 3.7546012 ,  0.13860007, -0.43112601, ...,  0.20277412,
         0.93913195, -0.20539254],
       [ 3.52871778,  0.06225965,  0.51126891, ..., -0.25288946,
        -0.34141659,  0.07416097],
       ...,
       [ 1.96915696,  0.53981789,  0.02063646, ..., -0.96599383,
         1.26704224,  0.96091585],
       [ 3.28321575,  0.3893503 , -0.10836343, ...,  0.02947617,
        -0.48190762, -0.35198909],
       [ 2.20129255,  1.29466683, -0.3924355 , ..., -1.0127593 ,
        -1.69058271,  0.18092223]])
X_t shape: (1000, 101)
l: 0
rho: 2
self: <solvers.MLP.MLP object at 0x000001D031518DF0>

uz_solve returned array([[-1.20144628e+01, -3.99931598e+01, -6.85866820e+01, ...,
        -2.89606249e+02, -1.36195527e+02,  2.71597134e+02],
       [-2.11058784e+01, -5.26351600e+01, -9.34326080e+01, ...,
         1.02906138e+02,  1.99170278e+02, -1.64789318e+01],
       [-8.08820925e+00, -2.85961964e+01,  2.04459968e+01, ...,
         1.97601414e+01,  2.34130958e-01,  2.13072879e+01],
       ...,
       [-1.73282638e+00,  7.50209218e+01,  2.91919916e+01, ...,
         1.28064721e+00, -2.61836036e+00,  8.90102058e+01],
       [-6.42850689e+00, -9.21592397e+01,  5.41820953e+01, ...,
         1.19561345e+01,  1.73851924e+01,  6.72823124e+01],
       [-2.28901886e+00, -4.50213119e+01, -4.52999715e+01, ...,
         9.89114291e-01, -9.91584573e+01, -6.39115155e+01]])
X_t shape: (1000, 101)
l: 1
rho: 2
self: <solvers.MLP.MLP object at 0x000001D031518DF0>

Calling uz_solve(<solvers.MLP.MLP object at 0x000001D031518DF0>, n=0, rho=2, x_t=array([[ 0.26519954,  0.51386815, -0.1653998 , ...,  0.35675922,
        -0.06455619,  0.45292737],
       [ 0.74575442, -0.51814032,  0.32101649, ...,  0.04976651,
        -0.77308613,  0.3461774 ],
       [-0.52753717,  0.67198008, -0.17573021, ...,  0.92469656,
         0.41454661,  0.34005238],
       ...,
       [ 0.55138659, -0.07136739,  0.03821923, ...,  0.68779284,
         0.39512214,  0.4846582 ],
       [ 0.884296  , -1.08341026, -0.0660421 , ..., -0.63373977,
        -0.55050224,  0.37314074],
       [ 0.38388145, -0.41787916,  0.74846983, ..., -0.87946534,
        -0.03118075,  0.47466347]]))
uz_solve returned array([[ 2.49725083, -0.14432545, -0.9915284 , ..., -1.64572922,
         2.10398492,  0.33407961],
       [ 3.49056254,  1.74513365, -0.45651158, ...,  0.46896539,
         3.36389542,  0.73899784],
       [ 3.53519899, -1.87962907, -0.0092442 , ..., -0.57841303,
        -0.38019011,  1.62475296],
       ...,
       [ 1.84965034, -0.71450159,  1.52964646, ..., -0.33685863,
         1.50981582, -1.71469171],
       [ 3.34517004, -1.50218482, -0.0740403 , ..., -1.459074  ,
         1.53459396,  2.13835984],
       [ 2.25019863,  1.0166533 , -1.82811928, ..., -0.14576659,
        -0.83912354,  1.60676612]])
X_t shape: (1000, 101)
l: 1
rho: 2
self: <solvers.MLP.MLP object at 0x000001D031518DF0>

Calling uz_solve(<solvers.MLP.MLP object at 0x000001D031518DF0>, n=1, rho=2, x_t=array([[ 0.72617954, -0.10041135,  0.45908573, ...,  0.03895712,
         0.29951015,  0.48938967],
       [ 0.90922242, -0.92256844,  0.51702046, ...,  1.06982708,
        -1.36093819,  0.46532787],
       [-0.82465088,  0.74121541,  0.1387696 , ...,  1.40486801,
         0.52991849,  0.46394726],
       ...,
       [ 0.44867834, -0.09484053, -0.1883578 , ...,  0.68820566,
         0.4180938 ,  0.49654191],
       [ 0.68838036, -1.66279554, -0.15715308, ..., -1.40671635,
        -0.53356624,  0.4714055 ],
       [ 0.58561981, -0.15340306,  0.78700322, ..., -1.40587771,
         0.26762307,  0.49428906]]))
Calling uz_solve(<solvers.MLP.MLP object at 0x000001D031518DF0>, n=0, rho=2, x_t=array([[ 0.69062783,  0.00631144,  0.46364287, ...,  0.14542891,
         0.28951871,  0.49058547],
       [ 0.98319918, -0.95605197,  0.62841975, ...,  1.02712739,
        -1.28489653,  0.46923548],
       [-0.79990138,  0.74252836,  0.27540589, ...,  1.5298084 ,
         0.56335055,  0.46801047],
       ...,
       [ 0.41472944, -0.04732737, -0.19093526, ...,  0.65155838,
         0.3890311 ,  0.49693164],
       [ 0.55004762, -1.64348533, -0.20202901, ..., -1.43427831,
        -0.40575193,  0.47462815],
       [ 0.59595157, -0.12541665,  0.83918492, ..., -1.39920977,
         0.22839545,  0.49493269]]))
uz_solve returned array([[ 2.38629061,  0.02182835, -0.03974604, ..., -0.00534777,
         0.05951813, -0.02620452],
       [ 3.57353145, -0.38159608,  0.08460531, ...,  0.17666947,
         0.45814909,  0.0563791 ],
       [ 3.38741489, -0.17740663, -0.40046839, ..., -0.14457182,
         0.4738676 , -0.49542339],
       ...,
       [ 1.99064457,  0.25755406, -0.13451212, ..., -0.1781738 ,
         0.03362819, -0.30924403],
       [ 3.45546762,  0.52475681, -0.37053821, ...,  0.10956232,
        -0.34290974,  0.13705808],
       [ 2.3449232 , -0.22420975, -0.16549858, ...,  0.51109906,
        -0.40316846,  0.00513887]])
X_t shape: (1000, 101)
l: 0
rho: 2
self: <solvers.MLP.MLP object at 0x000001D031518DF0>

Calling uz_solve(<solvers.MLP.MLP object at 0x000001D031518DF0>, n=0, rho=2, x_t=array([[ 0.75794025, -0.0108929 ,  0.45071471, ...,  0.19931162,
         0.38173403,  0.49469484],
       [ 0.88745021, -0.81002193,  0.65876705, ...,  1.02534334,
        -1.08959423,  0.48266394],
       [-0.74959099,  0.60064803,  0.51838706, ...,  1.8046529 ,
         0.5835185 ,  0.48197363],
       ...,
       [ 0.37564856,  0.02802404, -0.11511733, ...,  0.64280412,
         0.34419996,  0.49827095],
       [ 0.31789055, -1.6052931 , -0.37104274, ..., -1.3368125 ,
        -0.3113765 ,  0.48570275],
       [ 0.59792194, -0.18431298,  0.78829475, ..., -1.42983471,
         0.20463136,  0.49714453]]))
uz_solve returned array([[ 2.55533686, -0.2049315 , -0.23163353, ...,  0.46558351,
        -0.64297615,  0.33733811],
       [ 3.57760486, -0.16034949, -0.63281159, ...,  0.1449081 ,
         0.89031879, -0.44769534],
       [ 3.46908191, -0.1732754 , -0.23726525, ...,  1.14466293,
        -0.34009015, -0.74794828],
       ...,
       [ 2.02854428,  0.16932918, -0.11372757, ..., -0.01117084,
         0.05888821, -0.0973222 ],
       [ 3.43469159, -0.17163375,  0.1117948 , ...,  0.12437714,
         0.10582292,  0.04639265],
       [ 2.42664627,  0.13988811,  0.10286321, ...,  0.0260538 ,
         0.2040552 ,  0.20306699]])
X_t shape: (1000, 101)
l: 0
rho: 2
self: <solvers.MLP.MLP object at 0x000001D031518DF0>

Calling uz_solve(<solvers.MLP.MLP object at 0x000001D031518DF0>, n=0, rho=2, x_t=array([[ 0.79888576, -0.14540969,  0.48805504, ...,  0.3263953 ,
         0.31808043,  0.4988042 ],
       [ 0.81396327, -0.76047922,  0.72036443, ...,  0.88487042,
        -1.00573288,  0.49609239],
       [-0.7564736 ,  0.43874451,  0.28814244, ...,  1.95528057,
         0.39445177,  0.4959368 ],
       ...,
       [ 0.41109774,  0.03068117, -0.09026098, ...,  0.71513712,
         0.41737161,  0.49961027],
       [ 0.34638303, -1.65599783, -0.66181138, ..., -1.31342756,
        -0.28579947,  0.49677735],
       [ 0.6711463 , -0.13449643,  0.80807972, ..., -1.33105707,
         0.33189726,  0.49935637]]))
uz_solve returned array([[ 2.48892298,  1.37322425,  1.13682356, ..., -0.16784031,
         0.44957698, -0.0422816 ],
       [ 3.66707236,  1.17365037, -0.06213109, ..., -0.19606459,
         0.57320704,  0.95604636],
       [ 3.53404602,  0.35612315, -0.14988957, ..., -0.39042206,
         0.24029216, -0.42423788],
       ...,
       [ 2.08840752, -0.20522359,  0.15715789, ...,  0.23792179,
         0.71368653,  0.43819227],
       [ 3.47407467,  0.98011684,  0.50200874, ...,  0.63627229,
         0.55201083, -0.35184663],
       [ 2.49478876, -0.13711598, -3.17376186, ..., -1.06814509,
        -2.49226913, -1.36758296]])
X_t shape: (1000, 101)
l: 0
rho: 2
self: <solvers.MLP.MLP object at 0x000001D031518DF0>

uz_solve returned array([[  1.10099705,  -5.47917116, -13.5602341 , ..., -17.21938475,
        -30.48572486, -13.31795016],
       [  2.96194908,  -0.5304569 ,  -2.49583748, ...,  -0.33469734,
          2.19142991,  -6.91919353],
       [  2.07814191,  -4.67775028,   5.67926478, ..., -19.08928799,
        -21.08170742,  -2.85429309],
       ...,
       [  2.00604287,  -0.5324826 ,  -0.87712583, ...,  -0.31363226,
          0.4085547 ,  -0.55468265],
       [  2.58874756,  11.86392447,  -1.01557928, ...,  -1.26088392,
         -0.58696218,  -9.79211165],
       [  1.6244147 ,  -9.42417914,  -3.27910163, ...,  11.4374401 ,
         -8.07784791,  -5.65122992]])
X_t shape: (1000, 101)
l: 1
rho: 2
self: <solvers.MLP.MLP object at 0x000001D031518DF0>

Calling uz_solve(<solvers.MLP.MLP object at 0x000001D031518DF0>, n=0, rho=2, x_t=array([[ 0.72617954, -0.10041135,  0.45908573, ...,  0.03895712,
         0.29951015,  0.48938967],
       [ 0.90922242, -0.92256844,  0.51702046, ...,  1.06982708,
        -1.36093819,  0.46532787],
       [-0.82465088,  0.74121541,  0.1387696 , ...,  1.40486801,
         0.52991849,  0.46394726],
       ...,
       [ 0.44867834, -0.09484053, -0.1883578 , ...,  0.68820566,
         0.4180938 ,  0.49654191],
       [ 0.68838036, -1.66279554, -0.15715308, ..., -1.40671635,
        -0.53356624,  0.4714055 ],
       [ 0.58561981, -0.15340306,  0.78700322, ..., -1.40587771,
         0.26762307,  0.49428906]]))
uz_solve returned array([[ 2.58530249,  0.04490153,  5.96470462, ..., -3.19668258,
        -1.81923417,  2.31404696],
       [ 3.69530906,  1.1713293 , -1.51043603, ..., -3.57335543,
         0.33845682,  0.67990663],
       [ 3.45880691,  2.15058582, -0.67186696, ...,  0.65240238,
         0.78267078,  1.74757703],
       ...,
       [ 2.00600848, -0.15778201, -0.05314179, ..., -0.18873896,
         0.06305624, -0.07875476],
       [ 3.49291016,  0.11204175,  0.60280041, ...,  1.15167782,
        -0.00800474, -0.29944824],
       [ 2.34964615, -0.027801  , -0.03586733, ...,  0.00949039,
         0.12445145,  0.05264213]])
X_t shape: (1000, 101)
l: 1
rho: 2
self: <solvers.MLP.MLP object at 0x000001D031518DF0>

uz_solve returned array([[-2.38038161e+05,  2.32166564e+05, -4.89489762e+06, ...,
         1.85300047e+06,  2.00771404e+06, -9.64304099e+05],
       [-4.43959506e+05,  7.20362260e+05, -3.59188301e+06, ...,
         1.09275976e+06,  1.02929172e+06,  2.41216697e+05],
       [-1.15921008e+06,  3.54127102e+06,  4.27503518e+06, ...,
        -9.14372081e+06, -3.35375724e+06, -5.16463427e+06],
       ...,
       [-1.75128667e+04, -5.90935757e+04,  3.81085899e+05, ...,
        -2.67503818e+05,  5.04616685e+03,  9.87338984e+04],
       [-4.78971584e+05,  1.36520569e+06,  3.63551560e+06, ...,
        -1.24958368e+06,  2.43567966e+06,  5.09072707e+06],
       [-6.52741437e+04, -1.40872412e+06, -2.19170950e+05, ...,
        -6.33692875e+05,  4.11549675e+05, -1.99418669e+06]])
self: <solvers.MLP.MLP object at 0x000001D031518DF0>
n: 2
rho: 2
x_t shape: (1000, 101)

