Calling uz_solve(<solvers.ScaML.ScaML object at 0x000001A09BE0BE50>, 2, 2, array([[ 0.34564525, -0.06592864,  0.44417578, ...,  0.45860416,
         0.41639888,  0.40585473],
       [ 0.45227867, -0.48022246,  0.20524526, ..., -0.3235396 ,
        -0.08433363,  0.1923548 ],
       [-0.3338554 ,  0.4544108 , -0.188321  , ...,  0.47499722,
        -0.04974538,  0.18010478],
       ...,
       [ 0.27665883, -0.12274018, -0.07131478, ...,  0.49557823,
         0.23979461,  0.4693164 ],
       [ 0.43021905, -0.31980765,  0.11066121, ..., -0.3211144 ,
         0.06252825,  0.24628147],
       [ 0.3008774 , -0.27927822,  0.38011533, ..., -0.41009235,
        -0.26657093,  0.44932693]], dtype=float32))
Calling uz_solve(<solvers.ScaML.ScaML object at 0x000001A09BE0BE50>, n=0, rho=2, x_t=array([[ 0.09692806, -0.1141012 ,  0.36260784, ...,  0.25529164,
         0.34838763,  0.41646506],
       [ 0.82575315, -0.60432756,  0.04627717, ..., -0.33054289,
         0.37585068,  0.22702692],
       [-0.27643126,  0.51117456, -0.16821267, ...,  0.72889751,
        -0.12395759,  0.2161575 ],
       ...,
       [ 0.45192724, -0.01070376, -0.08854662, ...,  0.49690592,
         0.22132008,  0.47277449],
       [ 0.29831216, -0.15526675,  0.33263749, ..., -0.38327384,
        -0.42043301,  0.27487598],
       [ 0.31698185, -0.15901186,  0.26763403, ..., -0.39783946,
        -0.2662394 ,  0.45503787]]))
uz_solve returned array([[-1.67368215, -0.78548794, -2.54253636, ..., -0.56371486,
         2.06204469,  2.92555659],
       [-0.75383704,  3.22149561,  2.43134935, ..., -1.57975078,
        -2.52651651,  0.48919229],
       [-0.87965397, -1.52405743,  0.77018796, ...,  0.7278162 ,
        -1.03433248, -0.13516603],
       ...,
       [-2.08022146, -1.61602621,  1.073794  , ...,  0.66827498,
        -0.55627058, -8.51524048],
       [-0.99746323,  0.02116054, -2.80729327, ...,  0.24717249,
         1.40394541,  4.78560991],
       [-1.69330922, -2.15742557,  2.82406788, ..., -3.37784864,
        -0.06597817, -0.88701491]])
X_t shape: (1000, 101)
l: 0
rho: 2
self: <solvers.ScaML.ScaML object at 0x000001A09BE0BE50>

Calling uz_solve(<solvers.ScaML.ScaML object at 0x000001A09BE0BE50>, n=0, rho=2, x_t=array([[ 0.43100488, -0.08852349,  0.45560032, ...,  0.61943603,
         0.40153858,  0.41646506],
       [ 0.58068949, -0.72451133,  0.54830915, ..., -0.49257517,
         0.24829966,  0.22702692],
       [-0.6220867 ,  0.31522021, -0.08689814, ...,  0.7842868 ,
         0.20811503,  0.2161575 ],
       ...,
       [ 0.270549  , -0.19548029,  0.04096555, ...,  0.57742959,
         0.22198546,  0.47277449],
       [ 0.33554703,  0.19301648,  0.46765429, ..., -0.14894396,
         0.14085305,  0.27487598],
       [ 0.26994541, -0.23750761,  0.32918885, ..., -0.31188846,
        -0.25392005,  0.45503787]]))
uz_solve returned array([[-1.47818538e+00, -3.71430756e-01, -4.51127098e+00, ...,
        -7.63975363e-02,  1.47994354e+00,  2.08553663e-01],
       [-8.16270637e-01,  7.57097354e-01, -2.05617006e+00, ...,
        -2.37631589e+00, -1.67323204e-01,  8.52047366e-01],
       [-6.71709090e-01, -4.98090352e-01,  1.36639904e-03, ...,
        -1.86293477e-01,  6.18738670e+00, -1.39341024e+00],
       ...,
       [-2.11250703e+00,  3.44640930e+00,  1.11101335e+00, ...,
         1.89977934e+00, -8.73167171e-01, -1.79831168e+00],
       [-1.02310009e+00, -5.19340878e+00, -2.07473602e+00, ...,
         1.58732037e+00, -1.71967363e+00,  1.04814555e+00],
       [-1.89012089e+00,  1.32130885e-01, -1.24703761e-01, ...,
         1.67496144e+00,  2.22930883e+00, -1.53116317e-01]])
X_t shape: (1000, 101)
l: 0
rho: 2
self: <solvers.ScaML.ScaML object at 0x000001A09BE0BE50>

Calling uz_solve(<solvers.ScaML.ScaML object at 0x000001A09BE0BE50>, n=0, rho=2, x_t=array([[ 0.29007065, -0.26791027,  0.2766515 , ...,  0.32054511,
         0.59446466,  0.45292737],
       [ 0.36912397, -0.24040614,  0.72056037, ..., -0.41612071,
         1.18211222,  0.3461774 ],
       [-0.28730065,  0.22123432, -0.28765109, ...,  1.02681828,
         0.81172311,  0.34005238],
       ...,
       [ 0.29731604,  0.13292813, -0.20126203, ...,  0.27990273,
         0.28430012,  0.4846582 ],
       [ 0.33574244, -0.71774054, -0.50276816, ..., -0.5071879 ,
        -0.89419979,  0.37314074],
       [ 0.07316404, -0.17451501,  0.27100134, ..., -0.25910747,
        -0.02194086,  0.47466347]]))
uz_solve returned array([[-1.46723569, -1.0637904 , -0.06889052, ...,  0.18710475,
         0.99052237,  0.20627426],
       [-0.80659818, -0.17455701,  0.0436323 , ..., -0.47434836,
        -1.75524942, -0.62507617],
       [-0.83691714,  0.72945027,  1.16420479, ..., -1.94935023,
         3.17483107, -0.89121715],
       ...,
       [-2.037352  , -0.0712935 ,  1.88850576, ..., -0.24231439,
        -3.12737319,  0.90992154],
       [-0.94749609, -0.68365194, -0.32973881, ...,  0.86029199,
         1.54636091, -3.47528643],
       [-1.70397121,  2.41016072,  4.0483801 , ...,  1.70021095,
        -0.55082556,  1.84025153]])
X_t shape: (1000, 101)
l: 0
rho: 2
self: <solvers.ScaML.ScaML object at 0x000001A09BE0BE50>

Calling uz_solve(<solvers.ScaML.ScaML object at 0x000001A09BE0BE50>, n=0, rho=2, x_t=array([[ 0.40621907,  0.08886669,  0.36950254, ...,  0.4658716 ,
         0.63014632,  0.45292737],
       [ 1.3555752 , -0.59911752,  0.33976486, ..., -0.88246989,
         0.47850779,  0.3461774 ],
       [-0.40268135,  0.10354715, -0.45205832, ...,  0.93949956,
        -0.04590506,  0.34005238],
       ...,
       [ 0.42904666, -0.18254562,  0.10112923, ...,  0.57618558,
         0.36556193,  0.4846582 ],
       [ 0.94719982,  0.61404014,  1.06078422, ..., -0.63472587,
         1.11056173,  0.37314074],
       [ 0.07386343, -0.25963914,  0.54863435, ..., -0.26373026,
        -0.00968428,  0.47466347]]))
uz_solve returned array([[-1.48668011, -1.45745197,  0.66488025, ..., -4.02800135,
        -0.12983825,  0.60019194],
       [-0.80812769, -0.1610596 , -0.11689615, ..., -0.69131852,
         0.08600938,  0.08728249],
       [-0.71765195,  1.38969689, -0.40506687, ..., -2.52573191,
         0.11040303, -0.23828863],
       ...,
       [-2.0998101 ,  1.76742852, -0.32074029, ..., -2.08827883,
        -2.21772482, -0.0914375 ],
       [-0.86031731, -0.10075913,  2.1364763 , ...,  1.39502471,
        -0.76739647,  0.6249557 ],
       [-1.70115885,  1.96996593,  0.75896514, ..., -0.27638113,
         2.1803771 , -1.57682543]])
X_t shape: (1000, 101)
l: 0
rho: 2
self: <solvers.ScaML.ScaML object at 0x000001A09BE0BE50>

Calling uz_solve(<solvers.ScaML.ScaML object at 0x000001A09BE0BE50>, n=0, rho=2, x_t=array([[ 0.82184285, -0.43931752,  0.56021565, ...,  0.39996135,
         0.89990556,  0.48938967],
       [-0.01431524,  0.03881553,  0.08142225, ...,  0.07918856,
         1.92021346,  0.46532787],
       [-0.66202813,  1.63620555, -0.59491765, ...,  0.92735916,
         1.64330852,  0.46394726],
       ...,
       [ 0.26461393,  0.16784936,  0.0443815 , ...,  0.33195454,
         0.15975209,  0.49654191],
       [-0.08420657, -0.45259976, -0.84198207, ..., -1.10426152,
        -0.74781847,  0.4714055 ],
       [-0.17653662, -0.47143152,  0.55290282, ..., -0.22159146,
        -0.10366265,  0.49428906]]))
uz_solve returned array([[-1.45905989,  0.0680282 ,  0.10963374, ...,  0.16166153,
        -0.01654837,  0.19235816],
       [-0.71674813,  0.16269652, -0.17591303, ...,  0.0605473 ,
        -0.17101957, -0.096862  ],
       [-0.91028248, -0.27692552,  0.20910281, ..., -0.4322399 ,
         0.07643378, -0.41215686],
       ...,
       [-2.01152632, -1.18407751,  0.38643146, ..., -0.592447  ,
         0.03462909, -1.39837196],
       [-0.90275854, -0.10794059,  0.03194679, ..., -0.60740003,
        -0.45072459, -1.06882767],
       [-1.72129392, -0.08637902, -0.0076413 , ...,  0.16588523,
         0.02172478, -0.04618511]])
X_t shape: (1000, 101)
l: 0
rho: 2
self: <solvers.ScaML.ScaML object at 0x000001A09BE0BE50>

Calling uz_solve(<solvers.ScaML.ScaML object at 0x000001A09BE0BE50>, n=0, rho=2, x_t=array([[ 0.64302284, -0.26938748, -0.42108986, ...,  0.65718657,
         0.5760771 ,  0.48938967],
       [ 1.63767016, -0.81520075,  0.42830548, ..., -1.71848297,
         0.35757014,  0.46532787],
       [-1.01146972, -0.61367887, -0.18082197, ...,  1.18064821,
        -0.89004076,  0.46394726],
       ...,
       [ 0.66181284, -0.14691259,  0.10763419, ...,  0.66716737,
         0.1373032 ,  0.49654191],
       [ 1.09856963, -0.09390882,  1.55629241, ..., -0.7992726 ,
         1.01948738,  0.4714055 ],
       [-0.16680494, -0.54389697,  0.85396343, ..., -0.01210066,
        -0.10852169,  0.49428906]]))
uz_solve returned array([[-1.43223042,  0.17687687,  1.17905004, ..., -0.21658596,
        -0.46789875,  0.45713548],
       [-0.78557638, -0.14993829, -0.08441465, ...,  0.1991112 ,
        -0.05054519, -0.04684856],
       [-0.79682188, -0.21214746, -0.72373236, ..., -0.47145276,
        -0.01471145, -0.13753612],
       ...,
       [-2.106032  ,  0.13669996, -0.0483723 , ...,  0.12455319,
        -0.10633021, -0.17633307],
       [-1.03416556,  0.33745339, -0.46722449, ..., -0.04581483,
         0.69428316,  0.20520927],
       [-1.79115538,  0.10420779,  0.05746083, ..., -0.09970601,
        -0.0842913 ,  0.05107387]])
X_t shape: (1000, 101)
l: 0
rho: 2
self: <solvers.ScaML.ScaML object at 0x000001A09BE0BE50>

Calling uz_solve(<solvers.ScaML.ScaML object at 0x000001A09BE0BE50>, n=1, rho=2, x_t=array([[ 0.2830666 , -0.00428299,  0.62262833, ...,  0.40427271,
         0.4050388 ,  0.41646506],
       [ 0.23715742,  0.15421042, -0.11980308, ..., -0.51438695,
        -0.04336566,  0.22702692],
       [-0.08759757,  0.85239226, -0.17399499, ..., -0.09197871,
         0.34549519,  0.2161575 ],
       ...,
       [ 0.18941882, -0.29784432,  0.04016293, ...,  0.43209544,
         0.23847316,  0.47277449],
       [ 0.64705139, -0.68719482, -0.02474962, ..., -0.29917929,
         0.1937433 ,  0.27487598],
       [ 0.37748167, -0.4983725 ,  0.46404049, ..., -0.48313662,
        -0.21325952,  0.45503787]]))
Calling uz_solve(<solvers.ScaML.ScaML object at 0x000001A09BE0BE50>, n=0, rho=2, x_t=array([[ 0.27349319, -0.04951416,  0.571474  , ...,  0.48355721,
         0.37868308,  0.42587959],
       [ 0.09730837,  0.28415542,  0.26528511, ..., -0.77845403,
        -0.30630928,  0.25779145],
       [-0.16339122,  0.99568823,  0.07487438, ..., -0.07980841,
         0.32891851,  0.24814702],
       ...,
       [ 0.15148641, -0.23299494, -0.03699475, ...,  0.20356131,
         0.09543781,  0.47584285],
       [ 0.90583325, -0.52581102, -0.08204383, ...,  0.0911756 ,
         0.04184454,  0.30024783],
       [ 0.28658769, -0.49713711,  0.39579845, ..., -0.48425   ,
        -0.17947197,  0.46010518]]))
uz_solve returned array([[-1.43463288e+00, -2.00159798e+00,  3.86677920e+00, ...,
         2.84778621e+00,  6.06636640e-02,  4.39775922e+00],
       [-8.93324577e-01,  1.96053755e+00, -2.69550784e-02, ...,
         2.66671548e+00,  1.99810933e+00, -3.18278478e+00],
       [-9.00929885e-01, -7.66765824e-02, -1.71863069e-01, ...,
        -2.00967788e-03,  9.04290821e-01,  3.47850631e-01],
       ...,
       [-2.10690793e+00, -5.16446672e-01,  6.16667429e-01, ...,
         4.64119104e+00,  2.92505191e+00,  4.01243347e+00],
       [-9.04993093e-01,  1.05888340e+00,  2.81132962e-01, ...,
        -3.51190382e+00,  1.24915199e+00,  3.32085193e+00],
       [-1.73831739e+00,  1.51150190e+00, -1.31915390e+00, ...,
         1.74045844e+00, -3.27568294e+00, -3.04155436e-01]])
X_t shape: (1000, 101)
l: 0
rho: 2
self: <solvers.ScaML.ScaML object at 0x000001A09BE0BE50>

Calling uz_solve(<solvers.ScaML.ScaML object at 0x000001A09BE0BE50>, n=0, rho=2, x_t=array([[ 0.37022339,  0.02657242,  0.62113007, ...,  0.90758832,
         0.27754198,  0.45823253],
       [-0.31199309,  0.37949886,  0.14018305, ..., -1.2250306 ,
        -0.18840485,  0.36351346],
       [ 0.41066377,  1.55375642,  0.16089711, ...,  0.24292951,
         1.08110122,  0.35807875],
       ...,
       [ 0.30687542, -0.21398398,  0.14415263, ...,  0.05710464,
        -0.11155794,  0.48638724],
       [ 0.05273573, -0.88559855,  0.03550044, ...,  0.23078521,
         0.14473815,  0.38743799],
       [ 0.17630148, -0.45354034,  0.67859257, ..., -0.41756195,
        -0.19635828,  0.47751894]]))
uz_solve returned array([[-1.52478423,  1.10661483, -1.54047932, ..., -0.35271266,
        -1.02423725, -0.19965223],
       [-0.88417807,  0.45003124,  1.7909913 , ..., -1.74803981,
        -0.77407443, -0.12368029],
       [-0.93175261,  0.28369915,  0.1733942 , ..., -0.28968943,
        -0.1715884 , -0.35196027],
       ...,
       [-2.04732396,  0.48601253, -1.62039613, ...,  1.14580191,
        -0.08852853, -2.33273609],
       [-0.88206572,  0.76830377,  0.81390575, ..., -0.02319773,
         0.81890926, -0.54276826],
       [-1.76082142,  0.43566459, -1.16648062, ...,  0.68518362,
        -0.76861814,  0.96430488]])
X_t shape: (1000, 101)
l: 0
rho: 2
self: <solvers.ScaML.ScaML object at 0x000001A09BE0BE50>

Calling uz_solve(<solvers.ScaML.ScaML object at 0x000001A09BE0BE50>, n=0, rho=2, x_t=array([[ 0.18490111,  0.34899434,  0.4272031 , ...,  1.02525685,
        -0.22668176,  0.49058547],
       [ 0.14401904,  0.20196542,  0.13352182, ..., -1.56492481,
        -0.3052865 ,  0.46923548],
       [ 0.59758058,  1.97899867,  0.02634413, ...,  0.46802153,
         1.03749859,  0.46801048],
       ...,
       [ 0.46483768, -0.32189979,  0.01005849, ...,  0.07581012,
        -0.08858225,  0.49693164],
       [-0.24930286, -1.3964212 ,  0.64106502, ...,  0.13869963,
        -0.10074713,  0.47462815],
       [ 0.21601001, -0.38869096,  1.093193  , ..., -0.66884713,
        -0.05716545,  0.49493269]]))
uz_solve returned array([[-1.54865562,  0.38823162,  0.09992245, ...,  0.19289102,
        -0.1365106 , -0.86243749],
       [-0.83631522, -0.19431054,  0.10596691, ...,  0.90287974,
        -0.12843286, -0.28648613],
       [-0.7681882 , -0.04754398,  0.17508248, ...,  0.06961897,
        -0.30636263, -0.29730678],
       ...,
       [-2.07042887, -0.04617369, -0.02511066, ...,  0.02788035,
         0.00945037, -0.14711559],
       [-0.9009647 , -0.5773008 , -0.1404445 , ..., -0.0328549 ,
         0.04545036, -0.03556102],
       [-1.65471203,  0.76127606,  0.02654361, ...,  0.97410665,
         0.53778043,  1.28845206]])
X_t shape: (1000, 101)
l: 0
rho: 2
self: <solvers.ScaML.ScaML object at 0x000001A09BE0BE50>

uz_solve returned array([[ -52.69995393,   -4.20347215,   94.21640974, ..., -585.25550625,
        -353.89059036,  107.68062029],
       [ -78.93426502,  231.08475515, -167.65025069, ...,   81.89429961,
         392.43492937,  294.72825842],
       [ -30.42976048,   36.09316952,  -95.97820099, ...,  -87.16550025,
         -13.01549461,   -2.68254856],
       ...,
       [ -14.74446073,   26.88120913, -130.85865011, ..., -131.03430672,
         479.0698109 ,  332.67541097],
       [ -51.46522297, -199.43329853, -138.9795314 , ..., -283.28959129,
        -435.28943003,  155.00978376],
       [ -21.2851047 ,  199.57971772,  -13.74416461, ..., -166.61305007,
           0.59126556,  -66.0111265 ]])
X_t shape: (1000, 101)
l: 1
rho: 2
self: <solvers.ScaML.ScaML object at 0x000001A09BE0BE50>

Calling uz_solve(<solvers.ScaML.ScaML object at 0x000001A09BE0BE50>, n=0, rho=2, x_t=array([[ 0.2830666 , -0.00428299,  0.62262833, ...,  0.40427271,
         0.4050388 ,  0.41646506],
       [ 0.23715742,  0.15421042, -0.11980308, ..., -0.51438695,
        -0.04336566,  0.22702692],
       [-0.08759757,  0.85239226, -0.17399499, ..., -0.09197871,
         0.34549519,  0.2161575 ],
       ...,
       [ 0.18941882, -0.29784432,  0.04016293, ...,  0.43209544,
         0.23847316,  0.47277449],
       [ 0.64705139, -0.68719482, -0.02474962, ..., -0.29917929,
         0.1937433 ,  0.27487598],
       [ 0.37748167, -0.4983725 ,  0.46404049, ..., -0.48313662,
        -0.21325952,  0.45503787]]))
uz_solve returned array([[-1.62650802,  0.87580959,  3.70202764, ...,  3.21159532,
         0.20910068, -0.49184351],
       [-0.98258617, -1.24963012, -2.17127624, ...,  1.22188575,
        -0.33022103,  2.30789001],
       [-0.81947559, -1.47446237,  4.04797315, ..., -0.7897887 ,
        -1.61960253,  1.48279243],
       ...,
       [-2.08147112,  2.87963462, -3.72851656, ...,  0.67244088,
        -2.86304305, -2.19712158],
       [-0.86160971, -1.28284047,  1.68873332, ...,  0.22040926,
         0.51351705,  2.09088097],
       [-1.8682988 , -1.413903  ,  1.29939425, ..., -1.53406622,
         3.76771804,  1.29444039]])
X_t shape: (1000, 101)
l: 1
rho: 2
self: <solvers.ScaML.ScaML object at 0x000001A09BE0BE50>

Calling uz_solve(<solvers.ScaML.ScaML object at 0x000001A09BE0BE50>, n=1, rho=2, x_t=array([[ 0.2213154 , -0.17678393,  0.63931292, ...,  0.4522559 ,
        -0.25684279,  0.45292737],
       [ 0.23401567, -0.81826001,  0.56720173, ..., -1.13107717,
         0.35823745,  0.3461774 ],
       [-0.04276571,  1.18770146, -0.41806543, ...,  0.83147836,
         0.5921914 ,  0.34005238],
       ...,
       [ 0.24583001, -0.47494474,  0.21708073, ...,  0.0539702 ,
         0.26698381,  0.4846582 ],
       [ 0.87632191, -0.09292381,  0.23994265, ..., -0.32584724,
         0.47894084,  0.37314074],
       [ 0.10668751, -0.56511837,  0.62988997, ..., -0.37470567,
        -0.41518983,  0.47466347]]))
Calling uz_solve(<solvers.ScaML.ScaML object at 0x000001A09BE0BE50>, n=0, rho=2, x_t=array([[ 0.29834354, -0.11859881,  0.63742592, ...,  0.43662591,
        -0.3475535 ,  0.45823253],
       [ 0.41211552, -0.76880577,  0.70583971, ..., -0.93587514,
         0.11594089,  0.36351346],
       [ 0.28406377,  1.14801937, -0.11974606, ...,  0.69470785,
         0.78919036,  0.35807874],
       ...,
       [ 0.22311035, -0.51106217,  0.14100426, ...,  0.1232779 ,
         0.20167406,  0.48638724],
       [ 1.12122747, -0.39002312,  0.10726983, ..., -0.39592265,
         0.22889651,  0.38743799],
       [ 0.0246372 , -0.52125329,  0.7361437 , ..., -0.41135176,
        -0.4569038 ,  0.47751894]]))
uz_solve returned array([[-1.34289608e+00,  1.08273700e+00,  1.41976220e-01, ...,
         1.83988905e+00,  1.93770612e-01, -2.70046165e+00],
       [-8.38802062e-01,  1.57675601e+00,  7.68585114e-01, ...,
         6.89574124e-02, -3.24332736e-01, -1.42476022e-01],
       [-8.34895267e-01,  8.19771389e-01,  2.16287464e-01, ...,
         7.69444834e-01,  2.90885746e-01,  3.27511991e-01],
       ...,
       [-1.97799177e+00,  7.67695680e-01, -2.77216434e+00, ...,
        -8.16494004e-01, -1.11051918e+00,  2.15313746e+00],
       [-9.10193760e-01,  4.41144641e+00, -4.97892392e-01, ...,
         1.09706835e+00, -2.63542669e+00, -5.64461581e-01],
       [-1.78226140e+00,  3.21314598e-01,  7.96270858e-01, ...,
         4.37039764e-04,  5.05731628e-02, -1.19381391e+00]])
X_t shape: (1000, 101)
l: 0
rho: 2
self: <solvers.ScaML.ScaML object at 0x000001A09BE0BE50>

Calling uz_solve(<solvers.ScaML.ScaML object at 0x000001A09BE0BE50>, n=0, rho=2, x_t=array([[ 0.25283178, -0.24825712,  0.43779946, ...,  0.54130904,
        -0.5305038 ,  0.47646368],
       [-0.14556736, -0.27854022,  0.61613996, ..., -0.60731775,
         0.26903544,  0.4230887 ],
       [ 0.47195384,  0.73743934, -0.5920999 , ...,  0.81660388,
         0.82166614,  0.42002619],
       ...,
       [ 0.13232559, -0.48341558,  0.05803506, ...,  0.12237838,
         0.05402245,  0.4923291 ],
       [ 1.11539817, -0.45063329, -0.04243169, ..., -0.87553763,
         0.17241622,  0.43657037],
       [-0.04081162, -0.65680461,  0.81241357, ..., -0.23197326,
        -0.63080667,  0.48733173]]))
uz_solve returned array([[-1.4981719 , -0.07694723, -0.51418914, ...,  0.3100464 ,
        -0.20730201,  0.12136491],
       [-0.83273532, -0.77194366, -0.630746  , ...,  0.39623039,
        -0.52503907, -0.02777217],
       [-0.75422333, -1.154011  ,  0.56673818, ..., -0.14274242,
         0.94734942,  0.03983604],
       ...,
       [-2.02541418, -0.50274153, -0.4889815 , ..., -0.18355313,
         2.12840943, -0.04767823],
       [-1.02385762,  0.01038967,  0.74178079, ..., -0.21929644,
         1.21740012, -0.93988539],
       [-1.7019902 , -0.18370328, -0.0301365 , ..., -0.56189987,
         0.32997071, -0.39759566]])
X_t shape: (1000, 101)
l: 0
rho: 2
self: <solvers.ScaML.ScaML object at 0x000001A09BE0BE50>

Calling uz_solve(<solvers.ScaML.ScaML object at 0x000001A09BE0BE50>, n=0, rho=2, x_t=array([[ 0.05890044, -0.03672077,  0.5870005 , ...,  0.24343328,
        -0.31384028,  0.49469484],
       [-0.40814903, -0.20316523,  0.38590894, ..., -0.24359687,
         0.76528547,  0.48266394],
       [ 0.56991008,  0.1115893 , -0.3450823 , ...,  0.87656055,
         0.83312419,  0.48197364],
       ...,
       [ 0.0398006 , -0.57699549,  0.04342687, ...,  0.36579724,
        -0.0269161 ,  0.49827095],
       [ 1.17379684, -0.54612756,  0.29049154, ..., -1.36371669,
         0.0495331 ,  0.48570275],
       [-0.10566788, -0.83835746,  0.71015646, ..., -0.25313083,
        -0.93163868,  0.49714453]]))
uz_solve returned array([[-1.51515915,  0.04077202, -0.08009848, ...,  0.08159384,
         0.06985464,  0.03429255],
       [-0.94061074, -0.04471431, -0.02054379, ...,  0.02181367,
         0.02277299, -0.01688086],
       [-0.82102524,  0.15338317,  0.44697024, ...,  0.30855002,
         0.44153621,  0.18464128],
       ...,
       [-2.0332803 ,  0.08806583, -1.26424874, ...,  0.01663389,
         0.34911141, -0.33746636],
       [-1.1019897 ,  0.09428888,  0.04151576, ..., -0.01332116,
        -0.0360738 ,  0.03691868],
       [-1.59267683, -0.37059813,  0.77090853, ..., -0.18726249,
         0.08821215,  0.29174469]])
X_t shape: (1000, 101)
l: 0
rho: 2
self: <solvers.ScaML.ScaML object at 0x000001A09BE0BE50>

uz_solve returned array([[ -16.17071484, -107.96040244,  -69.43535444, ..., -295.36568099,
          11.04624551,  160.55217813],
       [ -15.12067881,  -32.56692434,  -47.23285524, ...,   96.3370666 ,
         -91.4240799 ,   80.28070479],
       [ -15.08054394,  -94.57606962,   48.56191947, ...,  -56.27174079,
          21.60630268,  -49.43579705],
       ...,
       [  -7.04441291,   48.03091113,   57.9444547 , ..., -147.41342537,
        -119.13736944,  126.51769766],
       [ -27.15167174, -248.1234587 ,  305.98419883, ...,  198.01795082,
         108.41733793,  259.38326792],
       [  -4.67136704,   47.31692855,  -15.80935462, ...,   25.16902354,
          11.44564168,   32.83819213]])
X_t shape: (1000, 101)
l: 1
rho: 2
self: <solvers.ScaML.ScaML object at 0x000001A09BE0BE50>

Calling uz_solve(<solvers.ScaML.ScaML object at 0x000001A09BE0BE50>, n=0, rho=2, x_t=array([[ 0.2213154 , -0.17678393,  0.63931292, ...,  0.4522559 ,
        -0.25684279,  0.45292737],
       [ 0.23401567, -0.81826001,  0.56720173, ..., -1.13107717,
         0.35823745,  0.3461774 ],
       [-0.04276571,  1.18770146, -0.41806543, ...,  0.83147836,
         0.5921914 ,  0.34005238],
       ...,
       [ 0.24583001, -0.47494474,  0.21708073, ...,  0.0539702 ,
         0.26698381,  0.4846582 ],
       [ 0.87632191, -0.09292381,  0.23994265, ..., -0.32584724,
         0.47894084,  0.37314074],
       [ 0.10668751, -0.56511837,  0.62988997, ..., -0.37470567,
        -0.41518983,  0.47466347]]))
uz_solve returned array([[-1.37175327, -1.01739907, -0.4318873 , ..., -0.71724005,
         0.17408654,  0.78272082],
       [-0.95673169, -0.08499914,  0.31904608, ...,  0.70040974,
         0.29218781,  0.95755484],
       [-0.74811816, -0.22255542,  1.0141059 , ...,  0.59647492,
         0.67091893,  1.08524015],
       ...,
       [-1.89819223, -2.29434822, -2.6652061 , ...,  3.34929387,
        -6.14241246,  3.95023544],
       [-1.02340458, -0.22853376, -0.03547723, ...,  1.08495666,
        -0.90052766,  0.08052668],
       [-1.71582117, -0.33014751, -0.48877921, ..., -0.81153072,
         3.96106807, -0.34908131]])
X_t shape: (1000, 101)
l: 1
rho: 2
self: <solvers.ScaML.ScaML object at 0x000001A09BE0BE50>

Calling uz_solve(<solvers.ScaML.ScaML object at 0x000001A09BE0BE50>, n=1, rho=2, x_t=array([[ 0.05223437, -0.54426789,  0.02776233, ...,  0.08710471,
        -0.36427835,  0.48938967],
       [-0.30005047,  0.14872201,  0.58910322, ..., -0.46637878,
         0.83310038,  0.46532787],
       [-0.72971278,  1.23033988, -0.53453737, ...,  0.54392123,
         1.12520564,  0.46394726],
       ...,
       [ 0.38841355, -0.35913041,  0.07925525, ..., -0.10417069,
         0.36707735,  0.49654191],
       [ 0.63524437, -0.23903845, -0.01743515, ..., -0.78645831,
         0.25061363,  0.4714055 ],
       [-0.25396162, -0.57930088,  0.46761447, ..., -0.22226189,
        -0.45860404,  0.49428906]]))
Calling uz_solve(<solvers.ScaML.ScaML object at 0x000001A09BE0BE50>, n=0, rho=2, x_t=array([[ 0.04678066, -0.55741042,  0.05740556, ...,  0.15342152,
        -0.27454163,  0.49058547],
       [-0.19154882,  0.15323396,  0.62697199, ..., -0.35151162,
         0.74156599,  0.46923548],
       [-0.68053852,  1.20958595, -0.49222174, ...,  0.50882355,
         1.2603784 ,  0.46801047],
       ...,
       [ 0.4287641 , -0.38345628,  0.06417957, ..., -0.0862336 ,
         0.3975329 ,  0.49693164],
       [ 0.67354717, -0.43144267, -0.07479655, ..., -0.65194486,
         0.33871248,  0.47462815],
       [-0.30196602, -0.52058387,  0.4032249 , ..., -0.22723244,
        -0.43624567,  0.49493269]]))
uz_solve returned array([[-1.48146017, -0.14510005,  0.33799488, ...,  0.14085754,
         0.47123722, -0.14980546],
       [-0.95658394,  0.0285989 ,  0.02412452, ...,  0.02744187,
         0.09843218,  0.0023992 ],
       [-0.86505813, -0.31362437,  0.12469471, ...,  0.01188118,
         0.19619644,  0.06777836],
       ...,
       [-2.08846155,  2.3656113 ,  0.09900022, ..., -0.18263017,
        -0.36219438,  0.7361682 ],
       [-0.98847668,  0.38249357,  0.88126676, ...,  0.21583221,
        -1.02871206,  0.50698333],
       [-1.86132591,  0.29793635,  0.35740698, ...,  0.5610705 ,
         1.49894739,  0.17729996]])
X_t shape: (1000, 101)
l: 0
rho: 2
self: <solvers.ScaML.ScaML object at 0x000001A09BE0BE50>

Calling uz_solve(<solvers.ScaML.ScaML object at 0x000001A09BE0BE50>, n=0, rho=2, x_t=array([[ 0.10656113, -0.71431383,  0.02263401, ...,  0.20239392,
        -0.35851012,  0.49469484],
       [ 0.02888781, -0.04790668,  0.8569872 , ..., -0.56486165,
         0.56276463,  0.48266394],
       [-0.53153519,  1.34319237, -0.79119762, ...,  0.50084669,
         1.48228539,  0.48197363],
       ...,
       [ 0.46637091, -0.45369214,  0.06669429, ..., -0.14127864,
         0.44102387,  0.49827095],
       [ 0.65163834, -0.17554194, -0.12606382, ..., -0.68963691,
         0.24957243,  0.48570275],
       [-0.25001436, -0.50906313,  0.28859548, ..., -0.21054415,
        -0.42282787,  0.49714453]]))
uz_solve returned array([[-1.48750466,  0.06919811,  0.19423744, ..., -0.7284765 ,
        -0.14163029, -0.32084912],
       [-0.91842696, -0.22257504, -0.03312301, ..., -0.0712605 ,
         0.25049895,  0.21550653],
       [-0.82532039,  0.14888633, -0.23654907, ..., -0.2521481 ,
         0.12262773, -0.05449776],
       ...,
       [-2.05206626,  0.36580927,  0.70157612, ...,  0.28622117,
         0.38025689,  0.28850307],
       [-1.07202678,  0.01377095,  0.01651075, ...,  0.03413607,
        -0.00939662, -0.03994319],
       [-1.8854381 , -0.22117491, -0.18808352, ..., -0.23672809,
        -0.43851481,  0.093453  ]])
X_t shape: (1000, 101)
l: 0
rho: 2
self: <solvers.ScaML.ScaML object at 0x000001A09BE0BE50>

Calling uz_solve(<solvers.ScaML.ScaML object at 0x000001A09BE0BE50>, n=0, rho=2, x_t=array([[ 0.03219453, -0.64787997, -0.01945072, ...,  0.32366335,
        -0.44737575,  0.4988042 ],
       [ 0.00442615, -0.05742288,  0.82890821, ..., -0.62174725,
         0.60991167,  0.49609239],
       [-0.30398996,  1.19846245, -0.64656515, ...,  0.42806158,
         1.33031864,  0.4959368 ],
       ...,
       [ 0.45224508, -0.39820195, -0.11357313, ..., -0.10329478,
         0.43544458,  0.49961027],
       [ 0.60979279, -0.45848838, -0.344536  , ..., -0.5726315 ,
         0.11532419,  0.49677735],
       [-0.22144385, -0.52863351,  0.20678701, ..., -0.22391534,
        -0.40531004,  0.49935637]]))
uz_solve returned array([[-1.52572548, -0.42476888,  0.37930616, ...,  0.55285757,
         1.07863186, -1.0479401 ],
       [-0.97839817,  0.01842157, -0.21416893, ...,  0.30938774,
        -0.0054462 ,  0.2430709 ],
       [-0.83641293,  0.0205374 , -0.14709085, ...,  0.11166008,
         0.06862717, -0.06222084],
       ...,
       [-2.06611151, -0.13358386,  0.41512475, ..., -0.69437737,
         0.2917652 , -0.19189427],
       [-1.06981066, -0.01513819, -0.04573684, ...,  0.00306487,
        -0.0113252 , -0.00242518],
       [-1.9086951 , -0.02242228,  0.06597994, ...,  0.02837418,
         0.0877208 ,  0.01262229]])
X_t shape: (1000, 101)
l: 0
rho: 2
self: <solvers.ScaML.ScaML object at 0x000001A09BE0BE50>

uz_solve returned array([[ -1.95759392,  -1.24609047,   7.63465692, ...,  -6.74130029,
        -11.47333758,  -8.5902049 ],
       [ -1.53239204,  -7.27462493,   4.25102032, ...,   8.06551776,
          2.01293057,   5.58736959],
       [ -1.14641506,  -2.02392375,  -0.28240066, ...,  -1.4477552 ,
          0.90647063,  -4.1550489 ],
       ...,
       [ -2.33004461, -13.36931516,   9.4555094 , ...,  -9.27187125,
         -3.14602486,  -8.70377745],
       [ -2.11095765,  -8.42207151,  41.80921781, ...,  16.2960575 ,
        -29.04702198, -19.17973796],
       [ -2.06150866,   6.90627321, -11.49123317, ...,   4.89640311,
          0.94361641,  -3.92758801]])
X_t shape: (1000, 101)
l: 1
rho: 2
self: <solvers.ScaML.ScaML object at 0x000001A09BE0BE50>

Calling uz_solve(<solvers.ScaML.ScaML object at 0x000001A09BE0BE50>, n=0, rho=2, x_t=array([[ 0.05223437, -0.54426789,  0.02776233, ...,  0.08710471,
        -0.36427835,  0.48938967],
       [-0.30005047,  0.14872201,  0.58910322, ..., -0.46637878,
         0.83310038,  0.46532787],
       [-0.72971278,  1.23033988, -0.53453737, ...,  0.54392123,
         1.12520564,  0.46394726],
       ...,
       [ 0.38841355, -0.35913041,  0.07925525, ..., -0.10417069,
         0.36707735,  0.49654191],
       [ 0.63524437, -0.23903845, -0.01743515, ..., -0.78645831,
         0.25061363,  0.4714055 ],
       [-0.25396162, -0.57930088,  0.46761447, ..., -0.22226189,
        -0.45860404,  0.49428906]]))
uz_solve returned array([[-1.51097978,  0.34481335, -0.44822876, ..., -0.09949078,
         0.27642081,  0.17766078],
       [-0.9095544 , -0.21919431, -0.11630536, ..., -0.82239134,
         0.62193946, -0.7407507 ],
       [-0.93773667, -0.03495542, -0.0584945 , ...,  0.05320456,
         0.07906122,  0.06732553],
       ...,
       [-2.08001975,  0.56313213,  0.10711011, ...,  0.43416684,
        -1.53567726, -0.5236343 ],
       [-1.02768675, -1.35710825,  0.47746376, ...,  1.61950795,
        -0.15818157,  0.10037234],
       [-1.8053216 , -1.20329164, -0.34093303, ..., -2.38376389,
        -0.47341316, -1.8611266 ]])
X_t shape: (1000, 101)
l: 1
rho: 2
self: <solvers.ScaML.ScaML object at 0x000001A09BE0BE50>

uz_solve returned array([[  -973550.64999543,   3564641.7671478 ,  -2756343.34857158, ...,
          6343923.62591421,   2767160.14081748,   2748935.3477066 ],
       [ -1512355.02591126,   6118233.17197656, -17356608.91327236, ...,
          2469503.66107219,   5857799.90329538,  -1447189.24179053],
       [  -449278.00982314,  -1885775.5567619 ,  -3141032.6957813 , ...,
         -4662078.14768359,   3980060.67080641,  -3089643.77862444],
       ...,
       [   -65100.34740205,    765161.13081911,   1858022.31698379, ...,
           546924.87414134,   1021771.74000882,    -19284.5723762 ],
       [ -1530867.7315792 ,  -6462169.5908395 ,   7656498.75693532, ...,
         -2412759.14550654,   -480353.16394949,  -4400966.27227642],
       [  -128416.37382118,  -1109386.50791997,   3343537.77742982, ...,
         -1379662.09021523,   1088147.99013939,   -769844.18330214]])
self: <solvers.ScaML.ScaML object at 0x000001A09BE0BE50>
n: 2
rho: 2
x_t shape: (1000, 101)

