Total time for PINN: 2.2818315029144287 seconds
Total time for MLP: 12.014567852020264 seconds
Total time for ScaSML: 28.160587310791016 seconds
PINN rel L2, rho=2-> 0.04850782
MLP rel L2, rho=2-> 0.227
ScaSML rel L2, rho=2-> 0.027182981
Real Solution-> 0.98420178700919
PINN L1, rho=2-> min: 1.9788742e-05 max: 0.24051118 mean: 0.03190471 std: 0.035515334 95% CI: ±2.009469e-03
MLP L1, rho=2-> min: 0.0 max: 0.906 mean: 0.1674 std: 0.1482 95% CI: ±8.386802e-03
ScaSML L1, rho=2-> min: 0.0 max: 0.16385567 mean: 0.017693143 std: 0.0200675 95% CI: ±1.135426e-03

Statistical Significance Tests (Paired t-test):
PINN vs ScaSML: t-statistic=13.638094, p-value=1.776312e-39
MLP vs ScaSML: t-statistic=35.631969, p-value=3.023091e-190
PINN vs MLP: t-statistic=-31.127337, p-value=2.148372e-156

PINN L2, rho=2-> min: 3.915943e-10 max: 0.057845626 mean: 0.0022792493 std: 0.005478035 95% CI: ±3.099490e-04
MLP L2, rho=2-> min: 0.0 max: 0.8203 mean: 0.05 std: 0.08575 95% CI: ±4.852364e-03
ScaSML L2, rho=2-> min: 0.0 max: 0.026848681 mean: 0.00071575184 std: 0.0017508344 95% CI: ±9.906277e-05

Statistical Significance Tests for L2 (Paired t-test):
PINN vs ScaSML: t-statistic=9.925546, p-value=2.284960e-22
MLP vs ScaSML: t-statistic=19.943226, p-value=1.195721e-76
PINN vs MLP: t-statistic=-19.305042, p-value=1.602629e-72
PINN L2 - ScaSML L2, rho=2-> positive count: 827 negative count: 373 positive sum: 23.82192 negative sum: -6.7680445
MLP L2 - ScaSML L2, rho=2-> positive count: 1130 negative count: 69 positive sum: 180.94464 negative sum: -1.2928929
PINN (L2) - ScaSML (L2), squared errors, rho=2-> positive count: 827 negative count: 373 positive sum: 2.3030953 negative sum: -0.4268985
MLP (L2) - ScaSML (L2), squared errors, rho=2-> positive count: 1130 negative count: 69 positive sum: 59.213394 negative sum: -0.09906558
