Results over 10 successful repetitions:
================================================================================

================================================================================
MEAN RELATIVE L2 ERROR (across repetitions)
================================================================================

PINN - Mean Relative L2 Error:
  Mean: 9.828445e-03
  Std:  2.597612e-04
  95% CI: ±1.610017e-04
  Range: [9.451626e-03, 1.020641e-02]

MLP - Mean Relative L2 Error:
  Mean: 8.618164e-02
  Std:  2.630234e-03
  95% CI: ±1.629729e-03
  Range: [8.197021e-02, 9.045410e-02]

SCaSML - Mean Relative L2 Error:
  Mean: 9.187675e-03
  Std:  2.767229e-04
  95% CI: ±1.715147e-04
  Range: [8.634205e-03, 9.605187e-03]

================================================================================
MEAN L1 ERROR (across repetitions)
================================================================================

PINN - Mean L1 Error:
  Mean: 1.197832e-02
  Std:  3.176325e-04
  95% CI: ±1.968707e-04
  Range: [1.139630e-02, 1.238842e-02]

MLP - Mean L1 Error:
  Mean: 9.368896e-02
  Std:  2.584457e-03
  95% CI: ±1.601984e-03
  Range: [8.972168e-02, 9.771729e-02]

SCaSML - Mean L1 Error:
  Mean: 1.137341e-02
  Std:  3.355315e-04
  95% CI: ±2.079646e-04
  Range: [1.072490e-02, 1.185680e-02]

================================================================================
MEAN L2 ERROR (squared, across repetitions)
================================================================================

PINN - Mean L2 Error:
  Mean: 2.481091e-04
  Std:  1.307479e-05
  95% CI: ±8.103842e-06
  Range: [2.290491e-04, 2.679960e-04]

MLP - Mean L2 Error:
  Mean: 1.907349e-02
  Std:  1.118660e-03
  95% CI: ±6.936301e-04
  Range: [1.727295e-02, 2.082825e-02]

SCaSML - Mean L2 Error:
  Mean: 2.168414e-04
  Std:  1.267575e-05
  95% CI: ±7.856514e-06
  Range: [1.911438e-04, 2.349558e-04]

================================================================================
STATISTICAL SIGNIFICANCE TESTS (Paired t-test)
================================================================================

Mean Relative L2 Error:
  PINN vs SCaSML: t=14.290417, p=1.717199e-07
  MLP vs SCaSML: t=92.597711, p=1.012989e-14
  PINN vs MLP: t=-89.789806, p=1.336120e-14

Mean L1 Error:
  PINN vs SCaSML: t=14.085807, p=1.945336e-07
  MLP vs SCaSML: t=101.769466, p=4.332815e-15
  PINN vs MLP: t=-100.361189, p=4.911248e-15

Mean L2 Error:
  PINN vs SCaSML: t=14.159884, p=1.859080e-07
  MLP vs SCaSML: t=53.122803, p=1.491711e-12
  PINN vs MLP: t=-52.884276, p=1.553186e-12

================================================================================
TIMING STATISTICS
================================================================================

PINN - Execution Time (seconds):
  Mean: 3.455862e-01
  Std:  1.091289e+00
  95% CI: ±6.763878e-01
  Range: [3.271103e-04, 3.451449e+00]

MLP - Execution Time (seconds):
  Mean: 1.267694e+00
  Std:  3.787395e+00
  95% CI: ±2.347452e+00
  Range: [5.698991e-02, 1.204672e+01]

SCaSML - Execution Time (seconds):
  Mean: 7.327357e+01
  Std:  7.713275e+00
  95% CI: ±4.780737e+00
  Range: [6.901893e+01, 9.503893e+01]

================================================================================
Logging results to Weights & Biases...
================================================================================
