Results over 10 successful repetitions:
================================================================================

================================================================================
MEAN RELATIVE L2 ERROR (across repetitions)
================================================================================

PINN - Mean Relative L2 Error:
  Mean: 4.617682e-02
  Std:  1.050737e-03
  95% CI: ±6.512536e-04
  Range: [4.434776e-02, 4.749316e-02]

MLP - Mean Relative L2 Error:
  Mean: 1.174927e-01
  Std:  3.202438e-03
  95% CI: ±1.984385e-03
  Range: [1.135864e-01, 1.227417e-01]

SCaSML - Mean Relative L2 Error:
  Mean: 3.534528e-02
  Std:  9.758100e-04
  95% CI: ±6.048134e-04
  Range: [3.360991e-02, 3.647185e-02]

================================================================================
MEAN L1 ERROR (across repetitions)
================================================================================

PINN - Mean L1 Error:
  Mean: 2.237508e-02
  Std:  4.368760e-04
  95% CI: ±2.707786e-04
  Range: [2.135270e-02, 2.288798e-02]

MLP - Mean L1 Error:
  Mean: 4.794312e-02
  Std:  1.673698e-03
  95% CI: ±1.037429e-03
  Range: [4.547119e-02, 5.044556e-02]

SCaSML - Mean L1 Error:
  Mean: 1.502795e-02
  Std:  4.258407e-04
  95% CI: ±2.639388e-04
  Range: [1.413609e-02, 1.551852e-02]

================================================================================
MEAN L2 ERROR (squared, across repetitions)
================================================================================

PINN - Mean L2 Error:
  Mean: 8.398198e-04
  Std:  2.932613e-05
  95% CI: ±1.817652e-05
  Range: [7.719813e-04, 8.711513e-04]

MLP - Mean L2 Error:
  Mean: 5.443573e-03
  Std:  3.452301e-04
  95% CI: ±2.139698e-04
  Range: [4.993439e-03, 6.092072e-03]

SCaSML - Mean L2 Error:
  Mean: 4.921113e-04
  Std:  2.206077e-05
  95% CI: ±1.367341e-05
  Range: [4.434024e-04, 5.180729e-04]

================================================================================
STATISTICAL SIGNIFICANCE TESTS (Paired t-test)
================================================================================

Mean Relative L2 Error:
  PINN vs SCaSML: t=202.562755, p=8.860227e-18
  MLP vs SCaSML: t=74.950717, p=6.777110e-14
  PINN vs MLP: t=-63.284123, p=3.099058e-13

Mean L1 Error:
  PINN vs SCaSML: t=133.848273, p=3.685221e-16
  MLP vs SCaSML: t=56.752406, p=8.242417e-13
  PINN vs MLP: t=-43.999234, p=8.083960e-12

Mean L2 Error:
  PINN vs SCaSML: t=128.287610, p=5.398052e-16
  MLP vs SCaSML: t=44.010372, p=8.065643e-12
  PINN vs MLP: t=-40.652665, p=1.642178e-11

================================================================================
TIMING STATISTICS
================================================================================

PINN - Execution Time (seconds):
  Mean: 3.038946e-01
  Std:  9.596360e-01
  95% CI: ±5.947886e-01
  Range: [3.390312e-04, 3.035067e+00]

MLP - Execution Time (seconds):
  Mean: 1.204058e+00
  Std:  3.581359e+00
  95% CI: ±2.219749e+00
  Range: [5.988240e-02, 1.139676e+01]

SCaSML - Execution Time (seconds):
  Mean: 2.157663e+01
  Std:  5.857261e+00
  95% CI: ±3.630368e+00
  Range: [1.864273e+01, 3.808857e+01]

================================================================================
Logging results to Weights & Biases...
================================================================================
