================================================================================
COMPUTING BUDGET TEST - FINAL RESULTS
================================================================================
Equation: Grad_Dependent_Nonlinear
Dimension: 21
Budget levels tested: [1.0, 2.0, 4.0, 8.0, 16.0]
================================================================================

Budget       PINN Error      MLP Error       SCaSML Error   
------------------------------------------------------------
1.0          9.958070e-03    1.139526e-01    4.043743e-03   
2.0          9.012815e-03    1.139526e-01    3.768757e-03   
4.0          7.997303e-03    1.139526e-01    3.621849e-03   
8.0          6.372769e-03    1.289062e-01    3.697722e-03   
16.0         4.383613e-03    1.289062e-01    3.234946e-03   

Average Improvement:
  SCaSML vs PINN: +48.09%
  SCaSML vs MLP: +96.92%

Final Budget Level (16.0×):
  PINN error: 4.383613e-03
  MLP error: 1.289062e-01
  SCaSML error: 3.234946e-03
  Improvement vs PINN: +26.20%
  Improvement vs MLP: +97.49%
================================================================================
