================================================================================
COMPUTING BUDGET TEST - FINAL RESULTS
================================================================================
Equation: Grad_Dependent_Nonlinear
Dimension: 21
Budget levels tested: [1.0, 2.0, 4.0, 8.0, 16.0]
================================================================================

Budget       PINN Error      MLP Error       SCaSML Error   
------------------------------------------------------------
1.0          1.087449e-02    1.556396e-01    6.274102e-03   
2.0          9.462738e-03    1.556396e-01    5.759616e-03   
4.0          8.016867e-03    1.556396e-01    4.711466e-03   
8.0          6.087119e-03    1.225586e-01    4.516022e-03   
16.0         5.837210e-03    1.225586e-01    4.449526e-03   

Average Improvement:
  SCaSML vs PINN: +34.45%
  SCaSML vs MLP: +96.39%

Final Budget Level (16.0×):
  PINN error: 5.837210e-03
  MLP error: 1.225586e-01
  SCaSML error: 4.449526e-03
  Improvement vs PINN: +23.77%
  Improvement vs MLP: +96.37%
================================================================================
