Results over 10 successful repetitions:
================================================================================

================================================================================
MEAN RELATIVE L2 ERROR (across repetitions)
================================================================================

PINN - Mean Relative L2 Error:
  Mean: 5.448772e-02
  Std:  1.578885e-03
  95% CI: ±9.786029e-04
  Range: [5.219534e-02, 5.742750e-02]

MLP - Mean Relative L2 Error:
  Mean: 2.115479e-01
  Std:  5.195618e-03
  95% CI: ±3.220856e-03
  Range: [2.011719e-01, 2.181396e-01]

SCaSML - Mean Relative L2 Error:
  Mean: 4.338328e-02
  Std:  1.393103e-03
  95% CI: ±8.634541e-04
  Range: [4.162364e-02, 4.602186e-02]

================================================================================
MEAN L1 ERROR (across repetitions)
================================================================================

PINN - Mean L1 Error:
  Mean: 2.657473e-02
  Std:  7.145480e-04
  95% CI: ±4.428815e-04
  Range: [2.544697e-02, 2.793651e-02]

MLP - Mean L1 Error:
  Mean: 8.728027e-02
  Std:  2.210617e-03
  95% CI: ±1.370372e-03
  Range: [8.404541e-02, 9.082031e-02]

SCaSML - Mean L1 Error:
  Mean: 1.957236e-02
  Std:  5.883978e-04
  95% CI: ±3.646927e-04
  Range: [1.848943e-02, 2.067325e-02]

================================================================================
MEAN L2 ERROR (squared, across repetitions)
================================================================================

PINN - Mean L2 Error:
  Mean: 1.126525e-03
  Std:  5.335996e-05
  95% CI: ±3.307285e-05
  Range: [1.057380e-03, 1.233724e-03]

MLP - Mean L2 Error:
  Mean: 1.698303e-02
  Std:  9.765625e-04
  95% CI: ±6.052676e-04
  Range: [1.505280e-02, 1.853943e-02]

SCaSML - Mean L2 Error:
  Mean: 7.142752e-04
  Std:  3.924866e-05
  95% CI: ±2.432657e-05
  Range: [6.624125e-04, 7.923309e-04]

================================================================================
STATISTICAL SIGNIFICANCE TESTS (Paired t-test)
================================================================================

Mean Relative L2 Error:
  PINN vs SCaSML: t=141.279134, p=2.266562e-16
  MLP vs SCaSML: t=93.460730, p=9.319201e-15
  PINN vs MLP: t=-86.366262, p=1.895096e-14

Mean L1 Error:
  PINN vs SCaSML: t=128.662141, p=5.258334e-16
  MLP vs SCaSML: t=91.634959, p=1.112799e-14
  PINN vs MLP: t=-78.517501, p=4.462526e-14

Mean L2 Error:
  PINN vs SCaSML: t=87.899057, p=1.617873e-14
  MLP vs SCaSML: t=52.466915, p=1.667638e-12
  PINN vs MLP: t=-50.910566, p=2.184947e-12

================================================================================
TIMING STATISTICS
================================================================================

PINN - Execution Time (seconds):
  Mean: 4.411252e-02
  Std:  1.383613e-01
  95% CI: ±8.575722e-02
  Range: [2.398491e-04, 4.378955e-01]

MLP - Execution Time (seconds):
  Mean: 1.987545e+01
  Std:  2.162015e+00
  95% CI: ±1.340031e+00
  Range: [1.622254e+01, 2.281567e+01]

SCaSML - Execution Time (seconds):
  Mean: 9.572951e+01
  Std:  4.712093e+00
  95% CI: ±2.920585e+00
  Range: [8.864758e+01, 1.043339e+02]

================================================================================
Logging results to Weights & Biases...
================================================================================
