Results over 10 successful repetitions:
================================================================================

================================================================================
MEAN RELATIVE L2 ERROR (across repetitions)
================================================================================

PINN - Mean Relative L2 Error:
  Mean: 4.510093e-02
  Std:  1.294585e-03
  95% CI: ±8.023924e-04
  Range: [4.227147e-02, 4.669784e-02]

MLP - Mean Relative L2 Error:
  Mean: 1.062622e-01
  Std:  2.223969e-03
  95% CI: ±1.378816e-03
  Range: [1.028442e-01, 1.104126e-01]

SCaSML - Mean Relative L2 Error:
  Mean: 3.383801e-02
  Std:  1.077234e-03
  95% CI: ±6.676765e-04
  Range: [3.164478e-02, 3.525473e-02]

================================================================================
MEAN L1 ERROR (across repetitions)
================================================================================

PINN - Mean L1 Error:
  Mean: 2.162345e-02
  Std:  4.486156e-04
  95% CI: ±2.780548e-04
  Range: [2.082041e-02, 2.219843e-02]

MLP - Mean L1 Error:
  Mean: 4.376221e-02
  Std:  9.765625e-04
  95% CI: ±6.052676e-04
  Range: [4.266357e-02, 4.547119e-02]

SCaSML - Mean L1 Error:
  Mean: 1.409062e-02
  Std:  3.484589e-04
  95% CI: ±2.159771e-04
  Range: [1.359158e-02, 1.453784e-02]

================================================================================
MEAN L2 ERROR (squared, across repetitions)
================================================================================

PINN - Mean L2 Error:
  Mean: 7.716785e-04
  Std:  3.286804e-05
  95% CI: ±2.037182e-05
  Range: [7.186609e-04, 8.169812e-04]

MLP - Mean L2 Error:
  Mean: 4.287720e-03
  Std:  2.441406e-04
  95% CI: ±1.513169e-04
  Range: [3.910065e-03, 4.722595e-03]

SCaSML - Mean L2 Error:
  Mean: 4.344656e-04
  Std:  2.221834e-05
  95% CI: ±1.377107e-05
  Range: [4.027483e-04, 4.656433e-04]

================================================================================
STATISTICAL SIGNIFICANCE TESTS (Paired t-test)
================================================================================

Mean Relative L2 Error:
  PINN vs SCaSML: t=135.173841, p=3.372578e-16
  MLP vs SCaSML: t=110.993290, p=1.985651e-15
  PINN vs MLP: t=-88.079538, p=1.588311e-14

Mean L1 Error:
  PINN vs SCaSML: t=77.655643, p=4.927925e-14
  MLP vs SCaSML: t=104.448539, p=3.429923e-15
  PINN vs MLP: t=-64.766774, p=2.517054e-13

Mean L2 Error:
  PINN vs SCaSML: t=96.572729, p=6.941712e-15
  MLP vs SCaSML: t=51.588672, p=1.940365e-12
  PINN vs MLP: t=-47.238854, p=4.275879e-12

================================================================================
TIMING STATISTICS
================================================================================

PINN - Execution Time (seconds):
  Mean: 2.868243e-01
  Std:  9.058645e-01
  95% CI: ±5.614606e-01
  Range: [3.371239e-04, 2.864960e+00]

MLP - Execution Time (seconds):
  Mean: 1.253348e+00
  Std:  3.735064e+00
  95% CI: ±2.315016e+00
  Range: [6.355023e-02, 1.188349e+01]

SCaSML - Execution Time (seconds):
  Mean: 1.710622e+01
  Std:  5.692630e+00
  95% CI: ±3.528329e+00
  Range: [1.410384e+01, 3.322418e+01]

================================================================================
Logging results to Weights & Biases...
================================================================================
