Results over 10 successful repetitions:
================================================================================

================================================================================
MEAN RELATIVE L2 ERROR (across repetitions)
================================================================================

PINN - Mean Relative L2 Error:
  Mean: 3.589964e-02
  Std:  8.069194e-04
  95% CI: ±5.001338e-04
  Range: [3.471226e-02, 3.711754e-02]

MLP - Mean Relative L2 Error:
  Mean: 8.740234e-02
  Std:  2.466202e-03
  95% CI: ±1.528399e-03
  Range: [8.282471e-02, 9.167480e-02]

SCaSML - Mean Relative L2 Error:
  Mean: 3.366642e-02
  Std:  8.201138e-04
  95% CI: ±5.083118e-04
  Range: [3.242609e-02, 3.479890e-02]

================================================================================
MEAN L1 ERROR (across repetitions)
================================================================================

PINN - Mean L1 Error:
  Mean: 4.500780e-02
  Std:  9.516810e-04
  95% CI: ±5.898580e-04
  Range: [4.355391e-02, 4.669226e-02]

MLP - Mean L1 Error:
  Mean: 9.613037e-02
  Std:  2.290726e-03
  95% CI: ±1.419831e-03
  Range: [9.338379e-02, 1.005859e-01]

SCaSML - Mean L1 Error:
  Mean: 4.221324e-02
  Std:  9.930661e-04
  95% CI: ±6.155088e-04
  Range: [4.058163e-02, 4.390862e-02]

================================================================================
MEAN L2 ERROR (squared, across repetitions)
================================================================================

PINN - Mean L2 Error:
  Mean: 3.307616e-03
  Std:  1.445626e-04
  95% CI: ±8.960086e-05
  Range: [3.096416e-03, 3.528453e-03]

MLP - Mean L2 Error:
  Mean: 1.960754e-02
  Std:  1.091957e-03
  95% CI: ±6.767417e-04
  Range: [1.766968e-02, 2.146912e-02]

SCaSML - Mean L2 Error:
  Mean: 2.909128e-03
  Std:  1.380718e-04
  95% CI: ±8.557780e-05
  Range: [2.701984e-03, 3.101395e-03]

================================================================================
STATISTICAL SIGNIFICANCE TESTS (Paired t-test)
================================================================================

Mean Relative L2 Error:
  PINN vs SCaSML: t=72.407167, p=9.242502e-14
  MLP vs SCaSML: t=62.120979, p=3.660896e-13
  PINN vs MLP: t=-59.948452, p=5.039939e-13

Mean L1 Error:
  PINN vs SCaSML: t=35.541397, p=5.465705e-11
  MLP vs SCaSML: t=62.900525, p=3.272996e-13
  PINN vs MLP: t=-59.191835, p=5.648805e-13

Mean L2 Error:
  PINN vs SCaSML: t=68.891221, p=1.445539e-13
  MLP vs SCaSML: t=46.926922, p=4.537594e-12
  PINN vs MLP: t=-45.796208, p=5.646732e-12

================================================================================
TIMING STATISTICS
================================================================================

PINN - Execution Time (seconds):
  Mean: 4.727372e-01
  Std:  1.493227e+00
  95% CI: ±9.255114e-01
  Range: [3.783703e-04, 4.722534e+00]

MLP - Execution Time (seconds):
  Mean: 1.357960e+00
  Std:  4.086108e+00
  95% CI: ±2.532596e+00
  Range: [5.688643e-02, 1.298719e+01]

SCaSML - Execution Time (seconds):
  Mean: 1.062249e+02
  Std:  7.814546e+00
  95% CI: ±4.843506e+00
  Range: [1.025843e+02, 1.280604e+02]

================================================================================
Logging results to Weights & Biases...
================================================================================
