Results over 10 successful repetitions:
================================================================================

================================================================================
MEAN RELATIVE L2 ERROR (across repetitions)
================================================================================

PINN - Mean Relative L2 Error:
  Mean: 1.096585e-02
  Std:  3.020538e-04
  95% CI: ±1.872149e-04
  Range: [1.041324e-02, 1.131051e-02]

MLP - Mean Relative L2 Error:
  Mean: 9.014893e-02
  Std:  1.145363e-03
  95% CI: ±7.099153e-04
  Range: [8.776855e-02, 9.167480e-02]

SCaSML - Mean Relative L2 Error:
  Mean: 9.998841e-03
  Std:  2.755019e-04
  95% CI: ±1.707579e-04
  Range: [9.611297e-03, 1.029008e-02]

================================================================================
MEAN L1 ERROR (across repetitions)
================================================================================

PINN - Mean L1 Error:
  Mean: 1.360046e-02
  Std:  3.990051e-04
  95% CI: ±2.473059e-04
  Range: [1.291841e-02, 1.410388e-02]

MLP - Mean L1 Error:
  Mean: 9.771729e-02
  Std:  1.891136e-03
  95% CI: ±1.171933e-03
  Range: [9.509277e-02, 1.011963e-01]

SCaSML - Mean L1 Error:
  Mean: 1.240540e-02
  Std:  2.836491e-04
  95% CI: ±1.758076e-04
  Range: [1.201144e-02, 1.278837e-02]

================================================================================
MEAN L2 ERROR (squared, across repetitions)
================================================================================

PINN - Mean L2 Error:
  Mean: 3.089017e-04
  Std:  1.668122e-05
  95% CI: ±1.033913e-05
  Range: [2.789678e-04, 3.294846e-04]

MLP - Mean L2 Error:
  Mean: 2.085876e-02
  Std:  4.882812e-04
  95% CI: ±3.026338e-04
  Range: [1.979065e-02, 2.154541e-02]

SCaSML - Mean L2 Error:
  Mean: 2.568178e-04
  Std:  1.380673e-05
  95% CI: ±8.557503e-06
  Range: [2.376546e-04, 2.721032e-04]

================================================================================
STATISTICAL SIGNIFICANCE TESTS (Paired t-test)
================================================================================

Mean Relative L2 Error:
  PINN vs SCaSML: t=25.871468, p=9.284293e-10
  MLP vs SCaSML: t=249.338722, p=1.366174e-18
  PINN vs MLP: t=-242.329221, p=1.765820e-18

Mean L1 Error:
  PINN vs SCaSML: t=16.710501, p=4.401436e-08
  MLP vs SCaSML: t=142.313646, p=2.122573e-16
  PINN vs MLP: t=-134.701916, p=3.480373e-16

Mean L2 Error:
  PINN vs SCaSML: t=24.297980, p=1.621277e-09
  MLP vs SCaSML: t=132.391451, p=4.066486e-16
  PINN vs MLP: t=-132.152751, p=4.133040e-16

================================================================================
TIMING STATISTICS
================================================================================

PINN - Execution Time (seconds):
  Mean: 3.443055e-01
  Std:  1.087035e+00
  95% CI: ±6.737513e-01
  Range: [4.093647e-04, 3.438061e+00]

MLP - Execution Time (seconds):
  Mean: 1.255027e+00
  Std:  3.724303e+00
  95% CI: ±2.308347e+00
  Range: [6.616163e-02, 1.185455e+01]

SCaSML - Execution Time (seconds):
  Mean: 9.163990e+01
  Std:  5.776882e+00
  95% CI: ±3.580549e+00
  Range: [8.783806e+01, 1.077691e+02]

================================================================================
Logging results to Weights & Biases...
================================================================================
