Results over 10 successful repetitions:
================================================================================

================================================================================
MEAN RELATIVE L2 ERROR (across repetitions)
================================================================================

PINN - Mean Relative L2 Error:
  Mean: 3.227778e-02
  Std:  5.395868e-04
  95% CI: ±3.344394e-04
  Range: [3.138252e-02, 3.339904e-02]

MLP - Mean Relative L2 Error:
  Mean: 8.959961e-02
  Std:  2.277374e-03
  95% CI: ±1.411386e-03
  Range: [8.685303e-02, 9.472656e-02]

SCaSML - Mean Relative L2 Error:
  Mean: 3.001557e-02
  Std:  4.753744e-04
  95% CI: ±2.946401e-04
  Range: [2.917429e-02, 3.091498e-02]

================================================================================
MEAN L1 ERROR (across repetitions)
================================================================================

PINN - Mean L1 Error:
  Mean: 4.049351e-02
  Std:  7.949187e-04
  95% CI: ±4.926957e-04
  Range: [3.907622e-02, 4.213946e-02]

MLP - Mean L1 Error:
  Mean: 9.887695e-02
  Std:  2.290726e-03
  95% CI: ±1.419831e-03
  Range: [9.527588e-02, 1.040649e-01]

SCaSML - Mean L1 Error:
  Mean: 3.766113e-02
  Std:  6.505635e-04
  95% CI: ±4.032234e-04
  Range: [3.644327e-02, 3.884205e-02]

================================================================================
MEAN L2 ERROR (squared, across repetitions)
================================================================================

PINN - Mean L2 Error:
  Mean: 2.674291e-03
  Std:  8.675856e-05
  95% CI: ±5.377351e-05
  Range: [2.530867e-03, 2.853673e-03]

MLP - Mean L2 Error:
  Mean: 2.059937e-02
  Std:  1.035690e-03
  95% CI: ±6.417586e-04
  Range: [1.931763e-02, 2.297974e-02]

SCaSML - Mean L2 Error:
  Mean: 2.312485e-03
  Std:  6.980516e-05
  95% CI: ±4.326569e-05
  Range: [2.187228e-03, 2.444974e-03]

================================================================================
STATISTICAL SIGNIFICANCE TESTS (Paired t-test)
================================================================================

Mean Relative L2 Error:
  PINN vs SCaSML: t=47.347344, p=4.188819e-12
  MLP vs SCaSML: t=80.556693, p=3.544001e-14
  PINN vs MLP: t=-75.173350, p=6.598851e-14

Mean L1 Error:
  PINN vs SCaSML: t=33.491263, p=9.295820e-11
  MLP vs SCaSML: t=84.186152, p=2.384790e-14
  PINN vs MLP: t=-76.440173, p=5.678601e-14

Mean L2 Error:
  PINN vs SCaSML: t=41.769008, p=1.288373e-11
  MLP vs SCaSML: t=55.511287, p=1.005212e-12
  PINN vs MLP: t=-53.804412, p=1.330439e-12

================================================================================
TIMING STATISTICS
================================================================================

PINN - Execution Time (seconds):
  Mean: 5.205454e-01
  Std:  1.644575e+00
  95% CI: ±1.019318e+00
  Range: [4.055500e-04, 5.201088e+00]

MLP - Execution Time (seconds):
  Mean: 1.279994e+00
  Std:  3.816204e+00
  95% CI: ±2.365308e+00
  Range: [6.481385e-02, 1.214109e+01]

SCaSML - Execution Time (seconds):
  Mean: 1.067410e+02
  Std:  8.077377e+00
  95% CI: ±5.006410e+00
  Range: [1.022563e+02, 1.291934e+02]

================================================================================
Logging results to Weights & Biases...
================================================================================
