Total time for PINN: 2.828794479370117 seconds
Total time for MLP: 12.010288715362549 seconds
Total time for ScaSML: 37.70005702972412 seconds
PINN rel L2, rho=2-> 0.039224926
MLP rel L2, rho=2-> 0.11707
ScaSML rel L2, rho=2-> 0.028553111
Real Solution-> 0.6332810765173706
PINN L1, rho=2-> min: 1.2889504e-05 max: 0.07962769 mean: 0.019213349 std: 0.015744612 95% CI: ±8.908353e-04
MLP L1, rho=2-> min: 0.0 max: 0.3926 mean: 0.0482 std: 0.05637 95% CI: ±3.189099e-03
ScaSML L1, rho=2-> min: 3.1590462e-06 max: 0.0696277 mean: 0.012141558 std: 0.013399499 95% CI: ±7.581480e-04

Statistical Significance Tests (Paired t-test):
PINN vs ScaSML: t-statistic=54.857731, p-value=0.000000e+00
MLP vs ScaSML: t-statistic=21.512364, p-value=4.540439e-87
PINN vs MLP: t-statistic=-17.014604, p-value=2.548263e-58

PINN L2, rho=2-> min: 1.6613932e-10 max: 0.0063405694 mean: 0.0006170456 std: 0.00092615274 95% CI: ±5.240202e-05
MLP L2, rho=2-> min: 0.0 max: 0.1542 mean: 0.005497 std: 0.01335 95% CI: ±7.554288e-04
ScaSML L2, rho=2-> min: 9.979573e-12 max: 0.004848017 mean: 0.00032696396 std: 0.0006437477 95% CI: ±3.642345e-05

Statistical Significance Tests for L2 (Paired t-test):
PINN vs ScaSML: t-statistic=32.589275, p-value=2.333578e-167
MLP vs ScaSML: t-statistic=13.371723, p-value=4.100856e-38
PINN vs MLP: t-statistic=-12.590528, p-value=3.137170e-34
PINN L2 - ScaSML L2, rho=2-> positive count: 1075 negative count: 125 positive sum: 8.818403 negative sum: -0.33225203
MLP L2 - ScaSML L2, rho=2-> positive count: 904 negative count: 296 positive sum: 47.05866 negative sum: -3.820394
PINN (L2) - ScaSML (L2), squared errors, rho=2-> positive count: 1075 negative count: 125 positive sum: 0.35218105 negative sum: -0.0040830458
MLP (L2) - ScaSML (L2), squared errors, rho=2-> positive count: 903 negative count: 297 positive sum: 6.369211 negative sum: -0.16292514
