Results over 10 successful repetitions:
================================================================================

================================================================================
MEAN RELATIVE L2 ERROR (across repetitions)
================================================================================

PINN - Mean Relative L2 Error:
  Mean: 1.169214e-02
  Std:  4.783105e-04
  95% CI: ±2.964599e-04
  Range: [1.101256e-02, 1.243772e-02]

MLP - Mean Relative L2 Error:
  Mean: 1.577148e-01
  Std:  5.107880e-03
  95% CI: ±3.165366e-03
  Range: [1.513672e-01, 1.668701e-01]

SCaSML - Mean Relative L2 Error:
  Mean: 5.823991e-03
  Std:  2.546047e-04
  95% CI: ±1.578056e-04
  Range: [5.503483e-03, 6.157643e-03]

================================================================================
MEAN L1 ERROR (across repetitions)
================================================================================

PINN - Mean L1 Error:
  Mean: 5.346264e-03
  Std:  1.984686e-04
  95% CI: ±1.230121e-04
  Range: [5.103316e-03, 5.710607e-03]

MLP - Mean L1 Error:
  Mean: 6.640625e-02
  Std:  1.891136e-03
  95% CI: ±1.171933e-03
  Range: [6.341553e-02, 7.012939e-02]

SCaSML - Mean L1 Error:
  Mean: 2.446739e-03
  Std:  6.707875e-05
  95% CI: ±4.157584e-05
  Range: [2.361543e-03, 2.547923e-03]

================================================================================
MEAN L2 ERROR (squared, across repetitions)
================================================================================

PINN - Mean L2 Error:
  Mean: 4.920913e-05
  Std:  3.949217e-06
  95% CI: ±2.447750e-06
  Range: [4.423810e-05, 5.617630e-05]

MLP - Mean L2 Error:
  Mean: 8.949280e-03
  Std:  5.979538e-04
  95% CI: ±3.706397e-04
  Range: [8.079529e-03, 1.011658e-02]

SCaSML - Mean L2 Error:
  Mean: 1.221189e-05
  Std:  1.044869e-06
  95% CI: ±6.476165e-07
  Range: [1.106062e-05, 1.362504e-05]

================================================================================
STATISTICAL SIGNIFICANCE TESTS (Paired t-test)
================================================================================

Mean Relative L2 Error:
  PINN vs SCaSML: t=66.989907, p=1.858775e-13
  MLP vs SCaSML: t=96.357509, p=7.082383e-15
  PINN vs MLP: t=-91.289119, p=1.151283e-14

Mean L1 Error:
  PINN vs SCaSML: t=60.361246, p=4.738749e-13
  MLP vs SCaSML: t=108.613322, p=2.413060e-15
  PINN vs MLP: t=-102.161471, p=4.185575e-15

Mean L2 Error:
  PINN vs SCaSML: t=38.148422, p=2.901533e-11
  MLP vs SCaSML: t=47.307036, p=4.220933e-12
  PINN vs MLP: t=-47.110080, p=4.381834e-12

================================================================================
TIMING STATISTICS
================================================================================

PINN - Execution Time (seconds):
  Mean: 5.182335e-02
  Std:  1.628778e-01
  95% CI: ±1.009527e-01
  Range: [2.546310e-04, 5.153818e-01]

MLP - Execution Time (seconds):
  Mean: 1.807986e+01
  Std:  8.483117e-01
  95% CI: ±5.257891e-01
  Range: [1.685046e+01, 1.944480e+01]

SCaSML - Execution Time (seconds):
  Mean: 6.809744e+01
  Std:  3.140782e+00
  95% CI: ±1.946677e+00
  Range: [6.349981e+01, 7.400865e+01]

================================================================================
Logging results to Weights & Biases...
================================================================================
