Total time for PINN: 2.414799451828003 seconds
Total time for MLP: 11.968460083007812 seconds
Total time for ScaSML: 27.30479121208191 seconds
PINN rel L2, rho=2-> 0.01176274
MLP rel L2, rho=2-> 0.0836
ScaSML rel L2, rho=2-> 0.00402179
Real Solution-> 0.5958435199996059
PINN L1, rho=2-> min: 5.453825e-06 max: 0.032066822 mean: 0.005391087 std: 0.0044787046 95% CI: ±2.534066e-04
MLP L1, rho=2-> min: 0.0 max: 0.296 mean: 0.0339 std: 0.03647 95% CI: ±2.063224e-03
ScaSML L1, rho=2-> min: 0.0 max: 0.022066832 mean: 0.001301601 std: 0.0020120544 95% CI: ±1.138427e-04

Statistical Significance Tests (Paired t-test):
PINN vs ScaSML: t-statistic=40.744302, p-value=1.671105e-228
MLP vs ScaSML: t-statistic=31.128778, p-value=2.095694e-156
PINN vs MLP: t-statistic=-26.939541, p-value=2.212251e-125

PINN L2, rho=2-> min: 2.9744207e-11 max: 0.001028281 mean: 4.9122613e-05 std: 8.8392306e-05 95% CI: ±5.001265e-06
MLP L2, rho=2-> min: 0.0 max: 0.0876 mean: 0.002481 std: 0.00546 95% CI: ±3.087788e-04
ScaSML L2, rho=2-> min: 0.0 max: 0.00048694506 mean: 5.7425277e-06 std: 2.8399716e-05 95% CI: ±1.606865e-06

Statistical Significance Tests for L2 (Paired t-test):
PINN vs ScaSML: t-statistic=22.658240, p-value=6.754283e-95
MLP vs ScaSML: t-statistic=15.708342, p-value=1.048291e-50
PINN vs MLP: t-statistic=-15.432425, p-value=3.791267e-49
PINN L2 - ScaSML L2, rho=2-> positive count: 1075 negative count: 125 positive sum: 5.0173206 negative sum: -0.10993819
MLP L2 - ScaSML L2, rho=2-> positive count: 1157 negative count: 42 positive sum: 39.226295 negative sum: -0.09303849
PINN (L2) - ScaSML (L2), squared errors, rho=2-> positive count: 1075 negative count: 125 positive sum: 0.05240915 negative sum: -0.00035304367
MLP (L2) - ScaSML (L2), squared errors, rho=2-> positive count: 1157 negative count: 42 positive sum: 2.9715219 negative sum: -0.001020022
