Results over 10 successful repetitions:
================================================================================

================================================================================
MEAN RELATIVE L2 ERROR (across repetitions)
================================================================================

PINN - Mean Relative L2 Error:
  Mean: 1.096955e-01
  Std:  2.375602e-03
  95% CI: ±1.472413e-03
  Range: [1.055303e-01, 1.140427e-01]

MLP - Mean Relative L2 Error:
  Mean: 5.260997e+00
  Std:  1.949699e-02
  95% CI: ±1.208436e-02
  Range: [5.238857e+00, 5.287384e+00]

SCaSML - Mean Relative L2 Error:
  Mean: 8.480257e-02
  Std:  4.967090e-03
  95% CI: ±3.078634e-03
  Range: [7.876420e-02, 9.488302e-02]

================================================================================
MEAN L1 ERROR (across repetitions)
================================================================================

PINN - Mean L1 Error:
  Mean: 2.112645e-01
  Std:  3.284814e-03
  95% CI: ±2.035949e-03
  Range: [2.054000e-01, 2.168323e-01]

MLP - Mean L1 Error:
  Mean: 1.231165e+01
  Std:  1.254494e-02
  95% CI: ±7.775437e-03
  Range: [1.229328e+01, 1.232496e+01]

SCaSML - Mean L1 Error:
  Mean: 1.425513e-01
  Std:  1.026600e-02
  95% CI: ±6.362935e-03
  Range: [1.317293e-01, 1.607990e-01]

================================================================================
MEAN L2 ERROR (squared, across repetitions)
================================================================================

PINN - Mean L2 Error:
  Mean: 6.597529e-02
  Std:  2.538919e-03
  95% CI: ±1.573639e-03
  Range: [6.152617e-02, 7.042056e-02]

MLP - Mean L2 Error:
  Mean: 1.517146e+02
  Std:  3.021424e-01
  95% CI: ±1.872698e-01
  Range: [1.512768e+02, 1.520388e+02]

SCaSML - Mean L2 Error:
  Mean: 3.953255e-02
  Std:  4.662351e-03
  95% CI: ±2.889755e-03
  Range: [3.427389e-02, 4.874627e-02]

================================================================================
STATISTICAL SIGNIFICANCE TESTS (Paired t-test)
================================================================================

Mean Relative L2 Error:
  PINN vs SCaSML: t=21.662472, p=4.484791e-09
  MLP vs SCaSML: t=869.533933, p=1.791723e-23
  PINN vs MLP: t=-895.103892, p=1.380352e-23

Mean L1 Error:
  PINN vs SCaSML: t=25.998493, p=8.888627e-10
  MLP vs SCaSML: t=2169.882924, p=4.774641e-27
  PINN vs MLP: t=-2605.435446, p=9.203343e-28

Mean L2 Error:
  PINN vs SCaSML: t=25.295726, p=1.134041e-09
  MLP vs SCaSML: t=1582.631688, p=8.174209e-26
  PINN vs MLP: t=-1581.888035, p=8.208859e-26

================================================================================
TIMING STATISTICS
================================================================================

PINN - Execution Time (seconds):
  Mean: 4.896724e-01
  Std:  1.532620e+00
  95% CI: ±9.499279e-01
  Range: [4.992723e-03, 4.851586e+00]

MLP - Execution Time (seconds):
  Mean: 1.434207e+00
  Std:  4.321084e+00
  95% CI: ±2.678236e+00
  Range: [6.040716e-02, 1.373221e+01]

SCaSML - Execution Time (seconds):
  Mean: 4.031490e+01
  Std:  6.537520e+00
  95% CI: ±4.051997e+00
  Range: [3.475373e+01, 5.829069e+01]

================================================================================
Logging results to Weights & Biases...
================================================================================
