Calling uz_solve(<solvers.MLP.MLP object at 0x0000028E70AE4DF0>, 2, 2, array([[-0.2653237 , -0.1109131 ,  0.03342384, ..., -0.43986586,
        -0.36219323,  0.43836513],
       [ 0.28227872, -0.4142871 , -0.09852761, ..., -0.24638274,
         0.3481496 ,  0.35035613],
       [-0.26487163,  0.25755644, -0.46400508, ...,  0.39906067,
        -0.02082485,  0.10784263],
       ...,
       [-0.28913492, -0.3228982 , -0.21400529, ..., -0.17780602,
         0.2540208 ,  0.44434768],
       [-0.07595041,  0.29026502,  0.14557916, ...,  0.02231908,
         0.00665885,  0.24793515],
       [-0.43900287,  0.093225  , -0.27433833, ..., -0.40753245,
        -0.2734575 ,  0.07919785]], dtype=float32))
Calling uz_solve(<solvers.MLP.MLP object at 0x0000028E70AE4DF0>, n=0, rho=2, x_t=array([[-0.25817713, -0.09000499,  0.05189651, ..., -0.47759235,
        -0.34637088,  0.44531148],
       [ 0.26172403, -0.45052078, -0.14101069, ..., -0.23633225,
         0.3665809 ,  0.36722124],
       [-0.23546797,  0.16760518, -0.46696296, ...,  0.42278612,
        -0.02720027,  0.15203942],
       ...,
       [-0.28911331, -0.32335058, -0.21714571, ..., -0.16068682,
         0.23962907,  0.45061979],
       [-0.11467338,  0.31427982,  0.18813792, ...,  0.02376051,
         0.00217951,  0.27634327],
       [-0.53137773,  0.13223827, -0.34212506, ..., -0.38858554,
        -0.26165479,  0.12662296]]))
uz_solve returned array([[ 1.13850341e-01,  4.66511179e-01, -1.84569261e-01, ...,
         4.85877477e-01,  3.66126367e-01,  3.78707283e-01],
       [ 3.56081100e-02,  3.67692961e-02,  4.32600093e-02, ...,
         1.00526603e-02, -1.32888451e-02, -3.57694398e-02],
       [ 2.16754308e-02,  2.71437970e-03,  3.88328270e-02, ...,
         4.01874248e-03,  2.98223260e-02,  3.55349210e-03],
       ...,
       [ 2.39362814e-01, -1.73858977e-01,  1.14815404e+00, ...,
         2.20836565e-01,  5.10335648e-01,  1.41347850e-01],
       [ 9.95390454e-01, -8.74558555e-06,  7.21516809e-06, ...,
         1.70428735e-07, -1.00971047e-06,  2.85396622e-06],
       [ 9.18681586e-01, -2.81955095e-01, -3.88809452e-01, ...,
         3.37493476e-01,  1.82769642e+00,  4.56223950e-01]])
X_t shape: (1000, 101)
l: 0
rho: 2
self: <solvers.MLP.MLP object at 0x0000028E70AE4DF0>

Calling uz_solve(<solvers.MLP.MLP object at 0x0000028E70AE4DF0>, n=0, rho=2, x_t=array([[-0.27633193, -0.15739006,  0.02500746, ..., -0.4257367 ,
        -0.36681125,  0.44531148],
       [ 0.32574034, -0.34796458, -0.07274888, ..., -0.23192883,
         0.27728358,  0.36722124],
       [-0.26076418,  0.23254178, -0.5125159 , ...,  0.37486905,
         0.02171476,  0.15203942],
       ...,
       [-0.27039286, -0.33572486, -0.19864437, ..., -0.20293903,
         0.25532377,  0.45061979],
       [-0.08139523,  0.32441342,  0.15983798, ...,  0.10276552,
         0.01886617,  0.27634327],
       [-0.44378603,  0.07636707, -0.2346485 , ..., -0.43177366,
        -0.24021758,  0.12662296]]))
uz_solve returned array([[ 0.09674259, -0.63989915, -0.23528146, ..., -0.33278515,
         0.32786565, -0.49056328],
       [ 0.03083785, -0.04877085,  0.06174734, ..., -0.01426277,
        -0.05634995,  0.00813517],
       [ 0.25060492,  0.71079646,  0.22896541, ...,  0.43726359,
         0.03015905,  0.20629736],
       ...,
       [ 0.23876647, -0.17100717, -0.36339821, ...,  0.0213853 ,
        -0.10122658, -0.98499914],
       [ 0.99905709,  0.00407041,  0.00505469, ...,  0.00378228,
         0.01017021,  0.00235581],
       [ 0.15864566,  0.08151151,  0.14644773, ...,  0.0790733 ,
         0.1274195 ,  0.10834033]])
X_t shape: (1000, 101)
l: 0
rho: 2
self: <solvers.MLP.MLP object at 0x0000028E70AE4DF0>

Calling uz_solve(<solvers.MLP.MLP object at 0x0000028E70AE4DF0>, n=0, rho=2, x_t=array([[-0.21551293, -0.15329687,  0.06909889, ..., -0.46855858,
        -0.32894045,  0.46918257],
       [ 0.18919991, -0.44830984, -0.10994355, ..., -0.30876845,
         0.39529961,  0.42517807],
       [ 0.05816227,  0.0092809 , -0.39537603, ...,  0.46582526,
         0.13458164,  0.30392132],
       ...,
       [-0.27073753, -0.29655236, -0.22981775, ..., -0.14183459,
         0.27154595,  0.47217384],
       [-0.07830344,  0.21896927,  0.23625639, ...,  0.11194441,
         0.08411007,  0.37396757],
       [-0.45331496,  0.234309  , -0.42295998, ..., -0.38864878,
        -0.34383294,  0.28959893]]))
uz_solve returned array([[ 2.46871443e-01,  3.16179935e-01, -4.06155106e-01, ...,
         3.04646234e-02,  3.01932721e-02,  1.36759693e-01],
       [ 1.94874937e-03,  2.02237191e-02, -1.66103108e-02, ...,
         4.30247968e-03, -3.30165104e-03,  8.14795080e-03],
       [ 6.40302117e-02, -1.58742959e-02, -3.73603456e-02, ...,
        -6.28804506e-02,  2.84391495e-02, -1.35438309e-03],
       ...,
       [ 2.06496989e-01,  8.11084082e-02, -4.81576345e-01, ...,
        -8.03416526e-01,  4.87358367e-01, -6.78622321e-01],
       [ 9.96676308e-01,  5.10393533e-03, -3.08629496e-03, ...,
         4.10134186e-03,  7.23796581e-04,  1.81122733e-03],
       [ 4.50133282e-01,  3.13697623e-01, -1.27569534e-01, ...,
         5.25136808e-01,  3.08804292e-02,  4.48429950e-01]])
X_t shape: (1000, 101)
l: 0
rho: 2
self: <solvers.MLP.MLP object at 0x0000028E70AE4DF0>

Calling uz_solve(<solvers.MLP.MLP object at 0x0000028E70AE4DF0>, n=0, rho=2, x_t=array([[-0.24256207, -0.114406  , -0.05117024, ..., -0.50512379,
        -0.29194996,  0.46918257],
       [ 0.35776281, -0.29617575, -0.07574511, ..., -0.19864672,
         0.19042866,  0.42517807],
       [-0.18984318,  0.1878476 , -0.35449547, ...,  0.46912682,
         0.16241522,  0.30392132],
       ...,
       [-0.240839  , -0.35453874, -0.18179534, ..., -0.18907335,
         0.2342861 ,  0.47217384],
       [ 0.04815957,  0.37059471,  0.11614805, ...,  0.13003826,
        -0.08048765,  0.37396757],
       [-0.3761628 ,  0.22218251, -0.1963708 , ..., -0.30147317,
        -0.23211718,  0.28959893]]))
uz_solve returned array([[ 0.11976745,  0.08073665,  0.0908946 , ..., -0.05444315,
         0.086183  , -0.05927146],
       [ 0.18219359, -0.39622525,  0.5072183 , ...,  0.22779579,
        -0.41061268,  0.91662461],
       [ 0.0456953 ,  0.04089823,  0.02771826, ..., -0.09932623,
         0.09590212, -0.02162624],
       ...,
       [ 0.09814405, -0.26565541, -0.06329527, ...,  0.11716746,
         0.27398186,  0.16406387],
       [ 0.9725206 , -0.02227711, -0.02977616, ..., -0.0423175 ,
         0.0489882 , -0.01954365],
       [ 0.56535128,  2.1203163 , -0.46543389, ..., -0.47867547,
        -0.36910108,  0.34956921]])
X_t shape: (1000, 101)
l: 0
rho: 2
self: <solvers.MLP.MLP object at 0x0000028E70AE4DF0>

Calling uz_solve(<solvers.MLP.MLP object at 0x0000028E70AE4DF0>, n=0, rho=2, x_t=array([[-0.26142836, -0.16692717,  0.08781785, ..., -0.48966801,
        -0.35369197,  0.49305365],
       [ 0.10012194, -0.41357395, -0.08724794, ..., -0.26965663,
         0.30017978,  0.48313489],
       [ 0.14571229,  0.23537368, -0.42396975, ...,  0.29244643,
         0.17582241,  0.45580322],
       ...,
       [-0.26332405, -0.35373688, -0.18291198, ..., -0.14741766,
         0.30834341,  0.49372789],
       [-0.05312533,  0.15410554,  0.26911268, ...,  0.15185201,
         0.22511028,  0.47159187],
       [-0.56265694,  0.38344049, -0.47218063, ..., -0.25697517,
        -0.28772321,  0.4525749 ]]))
uz_solve returned array([[ 0.15360156,  0.60278345,  0.43786112, ..., -0.19549235,
        -0.54983869,  0.1164346 ],
       [ 0.00950744, -0.02960963, -0.01370905, ...,  0.04067351,
        -0.00498126,  0.04827998],
       [ 0.03034662, -0.01941183, -0.01065901, ..., -0.0646603 ,
        -0.007285  ,  0.01770569],
       ...,
       [ 0.1584206 , -0.11563099, -0.07740948, ...,  0.29607131,
        -0.69261816,  0.12874959],
       [ 0.99008074,  0.01406964, -0.00822432, ...,  0.03103296,
         0.0086586 ,  0.04394907],
       [ 0.2011446 , -0.54659523,  0.61110444, ..., -0.37018478,
        -0.25023249,  0.19543167]])
X_t shape: (1000, 101)
l: 0
rho: 2
self: <solvers.MLP.MLP object at 0x0000028E70AE4DF0>

Calling uz_solve(<solvers.MLP.MLP object at 0x0000028E70AE4DF0>, n=0, rho=2, x_t=array([[-0.21716358, -0.05310911, -0.01375066, ..., -0.45034584,
        -0.29970717,  0.49305365],
       [ 0.39297143, -0.26534805, -0.11548716, ..., -0.24186476,
         0.20945403,  0.48313489],
       [-0.0893595 ,  0.25571415, -0.39671698, ...,  0.32666838,
         0.09128977,  0.45580322],
       ...,
       [-0.24104919, -0.39159405, -0.18292159, ..., -0.11915488,
         0.25000471,  0.49372789],
       [ 0.02946059,  0.32568175,  0.10667008, ...,  0.15153144,
         0.02525935,  0.47159187],
       [-0.41137806,  0.1237694 , -0.25866085, ..., -0.43881783,
        -0.32042792,  0.4525749 ]]))
uz_solve returned array([[ 0.187929  , -0.02132599,  0.27749859, ...,  0.05680415,
        -0.06081818,  0.07404831],
       [ 0.14379143, -0.5314654 , -0.2235251 , ...,  0.03400047,
         0.27889252,  0.54926302],
       [ 0.29411471,  0.55025494, -0.70299159, ..., -0.0847598 ,
        -0.73580318,  0.77951015],
       ...,
       [ 0.09900233,  0.05709806, -0.01910377, ...,  0.07715461,
        -0.0095291 , -0.0421159 ],
       [ 0.98702784, -0.00205558,  0.00351067, ..., -0.00338587,
         0.00425259, -0.0108727 ],
       [ 0.42933661, -0.51216582,  0.01074056, ...,  0.73618685,
         0.05495694,  0.28630638]])
X_t shape: (1000, 101)
l: 0
rho: 2
self: <solvers.MLP.MLP object at 0x0000028E70AE4DF0>

Calling uz_solve(<solvers.MLP.MLP object at 0x0000028E70AE4DF0>, n=1, rho=2, x_t=array([[-0.27331534, -0.09437981,  0.00377008, ..., -0.4067995 ,
        -0.36865255,  0.44531148],
       [ 0.2103059 , -0.36009768, -0.14389628, ..., -0.2431744 ,
         0.28869748,  0.36722124],
       [-0.24303564,  0.30334115, -0.56236929, ...,  0.39194652,
        -0.09140942,  0.15203942],
       ...,
       [-0.30115935, -0.31768864, -0.2237777 , ..., -0.16863142,
         0.2598775 ,  0.45061979],
       [-0.09112811,  0.27940676,  0.17522466, ...,  0.03483518,
         0.08468629,  0.27634327],
       [-0.49586225,  0.06475255, -0.31795517, ..., -0.44338903,
        -0.27956575,  0.12662296]]))
Calling uz_solve(<solvers.MLP.MLP object at 0x0000028E70AE4DF0>, n=0, rho=2, x_t=array([[-0.24841162, -0.08755777,  0.05726454, ..., -0.44431616,
        -0.39054271,  0.45147497],
       [ 0.22654138, -0.32395557, -0.14406635, ..., -0.229619  ,
         0.32302106,  0.38218563],
       [-0.22391968,  0.24894391, -0.50557118, ...,  0.47563046,
        -0.08812335,  0.19125516],
       ...,
       [-0.28947975, -0.33015814, -0.24797872, ..., -0.14222132,
         0.28348531,  0.45618502],
       [-0.06676723,  0.29420138,  0.1797692 , ...,  0.0138248 ,
         0.1534846 ,  0.30154976],
       [-0.44075254,  0.01814593, -0.3280921 , ..., -0.43244917,
        -0.26656974,  0.16870317]]))
uz_solve returned array([[ 2.29519194e-01,  3.37883735e-02, -5.66647534e-01, ...,
         8.23346441e-01, -9.45048643e-01,  2.68651899e-01],
       [ 3.14511081e-02, -1.47008636e-02,  1.74795183e-03, ...,
        -8.10412540e-03,  7.77677461e-03, -1.00837793e-02],
       [ 9.74644055e-03,  6.97819908e-03, -3.70733289e-03, ...,
         1.54957620e-03,  1.46819032e-03, -2.12938614e-03],
       ...,
       [ 1.08804879e-01, -5.53168554e-03, -6.07330176e-03, ...,
        -1.15298605e-02, -2.32883285e-02, -1.87015019e-02],
       [ 9.92869379e-01, -4.70317310e-03, -3.76072359e-03, ...,
         1.18106930e-02,  3.25381502e-04,  8.12910389e-03],
       [ 6.42132889e-01, -3.85338708e-01,  1.67526727e-01, ...,
         1.88068851e-01,  6.07726975e-01,  1.66775206e-01]])
X_t shape: (1000, 101)
l: 0
rho: 2
self: <solvers.MLP.MLP object at 0x0000028E70AE4DF0>

Calling uz_solve(<solvers.MLP.MLP object at 0x0000028E70AE4DF0>, n=0, rho=2, x_t=array([[-0.26282307, -0.12204553,  0.08692057, ..., -0.43967059,
        -0.40938754,  0.47265574],
       [ 0.2066363 , -0.26574729, -0.14525257, ..., -0.3004135 ,
         0.32228472,  0.43361062],
       [-0.22097916,  0.28664557, -0.53624288, ...,  0.61586402,
        -0.0987544 ,  0.32601971],
       ...,
       [-0.29332008, -0.29514493, -0.31144095, ..., -0.1604764 ,
         0.21636058,  0.47530989],
       [-0.09459619,  0.27477156,  0.21959546, ...,  0.01773399,
         0.20778982,  0.38817164],
       [-0.46350759,  0.17679095, -0.32722912, ..., -0.35436558,
        -0.39342119,  0.31331148]]))
uz_solve returned array([[ 1.96200224e-01,  8.73755923e-02, -6.37230648e-02, ...,
         4.53985939e-02, -8.54705096e-02,  8.77922190e-03],
       [ 4.31079254e-03,  1.47755383e-02, -1.79822270e-02, ...,
         2.12172312e-02,  1.00248105e-02, -6.59374575e-02],
       [ 2.20162529e-02, -4.50437447e-03,  3.29322683e-03, ...,
         2.89324893e-03,  4.60053622e-03,  1.43082140e-03],
       ...,
       [ 5.33187087e-02,  2.56323118e-01,  6.17556108e-02, ...,
        -9.34173701e-02, -2.54097134e-01,  1.45801415e-01],
       [ 9.99262946e-01,  1.99072200e-04,  4.32089113e-03, ...,
         3.93442330e-04, -1.58634461e-03, -7.22506696e-04],
       [ 2.94670250e-01, -1.64009926e-01,  5.34868974e-01, ...,
        -7.07621532e-02, -2.47190658e-01, -8.16297527e-02]])
X_t shape: (1000, 101)
l: 0
rho: 2
self: <solvers.MLP.MLP object at 0x0000028E70AE4DF0>

Calling uz_solve(<solvers.MLP.MLP object at 0x0000028E70AE4DF0>, n=0, rho=2, x_t=array([[-0.29079315, -0.09013067,  0.09647746, ..., -0.39959739,
        -0.4339887 ,  0.49383651],
       [ 0.23282842, -0.20503356, -0.15084872, ..., -0.32403703,
         0.30036647,  0.48503561],
       [-0.19562313,  0.26093314, -0.80509036, ...,  0.50152204,
        -0.21189079,  0.46078426],
       ...,
       [-0.29107843, -0.29653724, -0.35127929, ..., -0.16245936,
         0.18919231,  0.49443477],
       [-0.09656365,  0.32032752,  0.2643364 , ...,  0.065441  ,
        -0.02743682,  0.47479351],
       [-0.51857311,  0.20296374, -0.30223391, ..., -0.27518003,
        -0.49285352,  0.45791979]]))
uz_solve returned array([[ 2.66992899e-01, -3.69308968e-02,  6.18009458e-02, ...,
        -2.35290886e-02,  7.52483490e-03, -2.52550254e-02],
       [ 9.76166431e-03,  5.98261064e-02, -1.36882828e-02, ...,
         6.21736354e-02, -5.10412306e-04, -1.70991314e-02],
       [ 3.80319581e-02,  2.25481156e-02, -2.86957814e-02, ...,
         2.34738465e-01,  1.44286118e-01,  1.42774947e-02],
       ...,
       [ 4.56344266e-02, -1.57716233e-01, -1.31543806e-01, ...,
         6.63037809e-02, -1.75921276e-02,  5.85946768e-02],
       [ 9.99068330e-01, -4.40232801e-03,  7.53348504e-04, ...,
        -8.92662410e-04, -8.06370096e-04, -4.03151950e-03],
       [ 5.64132507e-01,  7.88129421e-02, -8.26092467e-02, ...,
         6.10305153e-02,  9.74615721e-02,  3.93363239e-02]])
X_t shape: (1000, 101)
l: 0
rho: 2
self: <solvers.MLP.MLP object at 0x0000028E70AE4DF0>

uz_solve returned array([[ 0.2156831 , -0.38172801,  0.15683928, ..., -0.34915007,
        -0.22527656,  0.5759382 ],
       [ 0.06865805, -0.02790299, -0.11137038, ...,  0.01464092,
        -0.09199754, -0.05124783],
       [ 0.1051469 , -0.11535155, -0.00451391, ...,  0.05298188,
         0.08824784,  0.07913622],
       ...,
       [ 0.09310414,  0.02875131,  0.03421788, ..., -0.00200636,
        -0.0517779 , -0.02885504],
       [ 0.99676171,  0.00141302,  0.00363683, ...,  0.00321753,
        -0.00521448,  0.0038091 ],
       [ 0.55219158, -0.24679122,  0.24339374, ..., -0.06553041,
        -0.12333633,  0.11337142]])
X_t shape: (1000, 101)
l: 1
rho: 2
self: <solvers.MLP.MLP object at 0x0000028E70AE4DF0>

Calling uz_solve(<solvers.MLP.MLP object at 0x0000028E70AE4DF0>, n=0, rho=2, x_t=array([[-0.27331534, -0.09437981,  0.00377008, ..., -0.4067995 ,
        -0.36865255,  0.44531148],
       [ 0.2103059 , -0.36009768, -0.14389628, ..., -0.2431744 ,
         0.28869748,  0.36722124],
       [-0.24303564,  0.30334115, -0.56236929, ...,  0.39194652,
        -0.09140942,  0.15203942],
       ...,
       [-0.30115935, -0.31768864, -0.2237777 , ..., -0.16863142,
         0.2598775 ,  0.45061979],
       [-0.09112811,  0.27940676,  0.17522466, ...,  0.03483518,
         0.08468629,  0.27634327],
       [-0.49586225,  0.06475255, -0.31795517, ..., -0.44338903,
        -0.27956575,  0.12662296]]))
uz_solve returned array([[ 2.49126161e-01,  4.93731453e-01,  1.28459684e-01, ...,
        -2.72073745e-01,  2.11970942e-01,  5.01448648e-01],
       [ 3.07760664e-02, -1.40103865e-02, -5.89048632e-02, ...,
         2.46087408e-02, -2.80035443e-02, -5.54586623e-02],
       [ 3.50998802e-02, -3.44207825e-02,  3.23742956e-02, ...,
        -1.40414189e-02, -6.20733806e-02, -3.56203909e-02],
       ...,
       [ 2.96285498e-01, -1.43231203e-01,  3.26544793e-01, ...,
         7.39669387e-01,  4.46282639e-01, -8.22957587e-01],
       [ 9.95979634e-01, -1.47924542e-03, -1.77407442e-05, ...,
         4.45673486e-04,  5.29920600e-04,  6.70466165e-04],
       [ 4.21389042e-01,  1.01829503e-01, -1.08170882e-03, ...,
         8.29750973e-02,  1.19307603e-01,  2.17872496e-03]])
X_t shape: (1000, 101)
l: 1
rho: 2
self: <solvers.MLP.MLP object at 0x0000028E70AE4DF0>

Calling uz_solve(<solvers.MLP.MLP object at 0x0000028E70AE4DF0>, n=1, rho=2, x_t=array([[-0.23719245, -0.07805613, -0.00770952, ..., -0.48992655,
        -0.38457865,  0.46918257],
       [ 0.19860366, -0.35555676, -0.1399921 , ..., -0.24715747,
         0.34775716,  0.42517807],
       [-0.19486132,  0.27856261, -0.4902038 , ...,  0.35521626,
         0.00263906,  0.30392132],
       ...,
       [-0.32674384, -0.36163235, -0.23695467, ..., -0.20030715,
         0.22270358,  0.47217384],
       [-0.14161703,  0.2506021 ,  0.13982615, ...,  0.12746418,
         0.02473109,  0.37396757],
       [-0.35954484,  0.00731165, -0.35736489, ..., -0.4869765 ,
        -0.20344368,  0.28959893]]))
Calling uz_solve(<solvers.MLP.MLP object at 0x0000028E70AE4DF0>, n=0, rho=2, x_t=array([[-0.25208758, -0.09270548,  0.0068429 , ..., -0.48019213,
        -0.39164203,  0.47265574],
       [ 0.2142853 , -0.38213178, -0.15769176, ..., -0.25080172,
         0.3271198 ,  0.43361062],
       [-0.16187208,  0.24793823, -0.4627719 , ...,  0.3281584 ,
         0.0350291 ,  0.32601971],
       ...,
       [-0.33674816, -0.37413712, -0.2332878 , ..., -0.21744123,
         0.21035806,  0.47530989],
       [-0.15463332,  0.22775088,  0.15225924, ...,  0.11696517,
         0.03374742,  0.38817164],
       [-0.35361695,  0.07068167, -0.36131488, ..., -0.46784722,
        -0.2501146 ,  0.31331148]]))
uz_solve returned array([[ 1.56066652e-01,  2.01680496e-02, -2.74980922e-02, ...,
         6.53595099e-02,  1.65481691e-03, -2.26505301e-02],
       [ 1.22814912e-02, -2.37668851e-01,  9.93916969e-02, ...,
        -7.18126707e-02, -8.98731581e-02, -9.88965949e-02],
       [ 8.59326946e-02,  7.90113539e-02, -5.24239729e-02, ...,
        -7.77464322e-02, -3.82147031e-02, -1.42115790e-01],
       ...,
       [ 4.17789060e-02,  2.80634317e-01,  7.83627917e-02, ...,
        -3.55924088e-03,  7.73522486e-02, -4.35107382e-02],
       [ 9.95854442e-01, -2.39002794e-03, -8.68567686e-06, ...,
         1.04160471e-03, -1.05952130e-02,  8.72025366e-04],
       [ 3.83852636e-01, -4.40261001e-01, -5.02432406e-02, ...,
         2.49251900e-01,  2.17578295e-01,  8.57947480e-03]])
X_t shape: (1000, 101)
l: 0
rho: 2
self: <solvers.MLP.MLP object at 0x0000028E70AE4DF0>

Calling uz_solve(<solvers.MLP.MLP object at 0x0000028E70AE4DF0>, n=0, rho=2, x_t=array([[-0.27890456, -0.05541225,  0.0458649 , ..., -0.42872985,
        -0.40961495,  0.48459128],
       [ 0.18236062, -0.4051974 , -0.15550311, ..., -0.30342732,
         0.41185929,  0.46258903],
       [-0.15139778,  0.34442836, -0.41392502, ...,  0.40651787,
         0.03483516,  0.40196066],
       ...,
       [-0.28930377, -0.39405355, -0.25320163, ..., -0.20177512,
         0.23732697,  0.48608692],
       [-0.13856236,  0.18558865,  0.08291399, ...,  0.11884714,
        -0.00232747,  0.43698379],
       [-0.20774699,  0.03641384, -0.22565027, ..., -0.487531  ,
        -0.25963983,  0.39479946]]))
uz_solve returned array([[ 1.50916164e-01, -3.17797198e-02,  3.48479079e-02, ...,
        -3.98683859e-02, -3.30209530e-02, -9.13324877e-03],
       [ 1.05305284e-01, -1.13493737e-01, -2.02459679e-02, ...,
         6.38061809e-02,  1.65597360e-01, -1.27501414e-01],
       [ 1.07684147e-02,  1.07712196e-01, -1.40990815e-01, ...,
         3.27415105e-01,  2.59487260e-01,  2.09996962e-01],
       ...,
       [ 9.62173682e-02, -9.21917401e-02, -1.07087288e-01, ...,
        -3.96077611e-01,  3.00739184e-02, -1.69714148e-01],
       [ 9.92258730e-01, -7.65880447e-04, -6.78953838e-03, ...,
         1.19115187e-03, -1.64763406e-03,  3.87830185e-03],
       [ 3.09259388e-01,  4.86347954e-01, -2.38819268e-01, ...,
        -9.58935921e-01, -1.33618796e+00,  2.63537045e-02]])
X_t shape: (1000, 101)
l: 0
rho: 2
self: <solvers.MLP.MLP object at 0x0000028E70AE4DF0>

Calling uz_solve(<solvers.MLP.MLP object at 0x0000028E70AE4DF0>, n=0, rho=2, x_t=array([[-0.28838607, -0.08366795,  0.04265879, ..., -0.43450234,
        -0.42246502,  0.49652682],
       [ 0.21599443, -0.42885799, -0.13747424, ..., -0.27633099,
         0.37666309,  0.49156744],
       [-0.00443745,  0.39538216, -0.49278862, ...,  0.34467204,
        -0.06027679,  0.47790161],
       ...,
       [-0.28728629, -0.45179138, -0.28172214, ..., -0.2118533 ,
         0.27276157,  0.49686395],
       [-0.08955057,  0.33342836,  0.10531239, ...,  0.03390066,
        -0.04355912,  0.48579594],
       [-0.28301155,  0.08660883, -0.27370171, ..., -0.3334046 ,
        -0.28279688,  0.47628745]]))
uz_solve returned array([[ 7.02230226e-02, -8.96454788e-02,  1.49482224e-01, ...,
         1.50902377e-02, -4.97108490e-02, -3.27121419e-01],
       [ 5.90108914e-02,  3.12376862e-01,  1.90848789e-01, ...,
         5.54810268e-02, -9.69409384e-02,  3.05265380e-02],
       [ 4.04464166e-02,  1.69831418e-03, -8.24537796e-03, ...,
        -1.22284367e-02, -9.26834054e-04,  3.46815352e-03],
       ...,
       [ 8.62967196e-02,  1.62464577e-02,  2.11910187e-01, ...,
        -1.69390467e-01, -2.52937137e-01, -4.57645353e-02],
       [ 9.98321850e-01,  1.40799422e-02, -2.75057826e-03, ...,
         5.06618892e-03,  8.11807041e-04, -7.15265411e-03],
       [ 4.76929937e-01, -8.81277588e-01, -1.54814941e-01, ...,
        -5.60861312e-01, -5.56622119e-01, -2.95441776e-01]])
X_t shape: (1000, 101)
l: 0
rho: 2
self: <solvers.MLP.MLP object at 0x0000028E70AE4DF0>

uz_solve returned array([[ 2.56250853e-01,  1.62726676e+00, -2.26644268e-01, ...,
        -4.06517750e-01, -7.89202045e-01, -1.49444286e-02],
       [ 1.74230854e-01,  2.71141415e-01, -6.31141268e-01, ...,
        -1.34767410e-01, -2.93093298e-01,  6.22884579e-02],
       [ 2.94813439e-02,  7.45667118e-02, -1.18392785e-02, ...,
        -1.58316887e-02, -2.09020525e-02, -2.40870897e-02],
       ...,
       [ 6.70054158e-02, -6.79230590e-03, -1.50723101e-02, ...,
         6.44421980e-03, -3.18898009e-02, -2.55531485e-02],
       [ 9.92331531e-01,  8.07776038e-03,  6.89913241e-03, ...,
        -8.28317069e-03,  1.24123013e-03,  4.81170391e-03],
       [ 6.33168199e-01, -1.00383456e-01,  2.30133268e-01, ...,
        -1.92567320e-01,  3.72753826e-01, -3.89074640e-03]])
X_t shape: (1000, 101)
l: 1
rho: 2
self: <solvers.MLP.MLP object at 0x0000028E70AE4DF0>

Calling uz_solve(<solvers.MLP.MLP object at 0x0000028E70AE4DF0>, n=0, rho=2, x_t=array([[-0.23719245, -0.07805613, -0.00770952, ..., -0.48992655,
        -0.38457865,  0.46918257],
       [ 0.19860366, -0.35555676, -0.1399921 , ..., -0.24715747,
         0.34775716,  0.42517807],
       [-0.19486132,  0.27856261, -0.4902038 , ...,  0.35521626,
         0.00263906,  0.30392132],
       ...,
       [-0.32674384, -0.36163235, -0.23695467, ..., -0.20030715,
         0.22270358,  0.47217384],
       [-0.14161703,  0.2506021 ,  0.13982615, ...,  0.12746418,
         0.02473109,  0.37396757],
       [-0.35954484,  0.00731165, -0.35736489, ..., -0.4869765 ,
        -0.20344368,  0.28959893]]))
uz_solve returned array([[ 5.29645533e-02, -8.38160777e-01,  4.28038376e-01, ...,
         2.65374937e-01, -1.31348739e-02, -1.23061470e+00],
       [ 7.23363822e-02,  5.80904513e-03,  9.37390949e-03, ...,
        -1.11914997e-02,  6.54083627e-03, -8.56769268e-04],
       [ 1.52475100e-01, -1.82797580e-01,  7.13035445e-01, ...,
        -6.84190904e-02,  2.67512643e-01, -9.13411718e-02],
       ...,
       [ 6.26722163e-02,  3.25712282e-02,  4.99064143e-02, ...,
        -7.69381028e-03,  5.99749426e-02,  3.96980251e-02],
       [ 9.97423258e-01,  1.36002896e-03, -9.16475593e-03, ...,
        -1.45765540e-03,  7.54928080e-04,  1.00560564e-02],
       [ 2.86569160e-01,  2.62140680e-01, -4.58315311e-01, ...,
        -2.98512077e-01,  7.96766550e-01, -3.71073869e-01]])
X_t shape: (1000, 101)
l: 1
rho: 2
self: <solvers.MLP.MLP object at 0x0000028E70AE4DF0>

Calling uz_solve(<solvers.MLP.MLP object at 0x0000028E70AE4DF0>, n=1, rho=2, x_t=array([[-0.22799776, -0.05064251, -0.08358511, ..., -0.4575012 ,
        -0.36266273,  0.49305365],
       [ 0.19632892, -0.3692016 , -0.27423003, ..., -0.26562166,
         0.36554152,  0.48313489],
       [-0.19436897,  0.31965074, -0.54287714, ...,  0.58509523,
         0.02643446,  0.45580322],
       ...,
       [-0.33668709, -0.33504403, -0.21669695, ..., -0.27425665,
         0.23615396,  0.49372789],
       [-0.21315639,  0.20830379,  0.18588272, ...,  0.09682416,
        -0.03163095,  0.47159187],
       [-0.41845801,  0.0787692 , -0.20472182, ..., -0.44448203,
        -0.20167078,  0.4525749 ]]))
Calling uz_solve(<solvers.MLP.MLP object at 0x0000028E70AE4DF0>, n=0, rho=2, x_t=array([[-0.24216397, -0.0528233 , -0.09384913, ..., -0.46144698,
        -0.35733928,  0.49383651],
       [ 0.19814962, -0.39325768, -0.26479586, ..., -0.27757427,
         0.38920222,  0.48503561],
       [-0.18446972,  0.31540907, -0.54443231, ...,  0.568291  ,
         0.03697032,  0.46078427],
       ...,
       [-0.34917184, -0.33281995, -0.2181695 , ..., -0.27547078,
         0.23364182,  0.49443477],
       [-0.22092592,  0.21838677,  0.2067924 , ...,  0.09002055,
        -0.0282927 ,  0.47479351],
       [-0.40066312,  0.0742124 , -0.22065757, ..., -0.46894379,
        -0.18964956,  0.45791979]]))
uz_solve returned array([[ 0.11072728,  0.04371112, -0.04459265, ...,  0.2098676 ,
         0.10430971, -0.01447548],
       [ 0.20006879, -0.25196985,  0.06508568, ...,  0.06499283,
        -0.09931022,  0.11540873],
       [ 0.0418204 , -0.01330446, -0.0230426 , ...,  0.09801766,
         0.07662386, -0.09550307],
       ...,
       [ 0.06214329,  0.00886373, -0.00158772, ...,  0.00305305,
         0.01709567, -0.01881239],
       [ 0.99684853, -0.0057229 , -0.01191314, ...,  0.01007416,
         0.01331911, -0.00994329],
       [ 0.30426192,  0.2701791 , -1.56919917, ..., -0.99075138,
         0.5510079 , -0.18433897]])
X_t shape: (1000, 101)
l: 0
rho: 2
self: <solvers.MLP.MLP object at 0x0000028E70AE4DF0>

Calling uz_solve(<solvers.MLP.MLP object at 0x0000028E70AE4DF0>, n=0, rho=2, x_t=array([[-0.2421906 , -0.04833458, -0.10399362, ..., -0.47378904,
        -0.34652224,  0.49652682],
       [ 0.18977031, -0.41204501, -0.25125886, ..., -0.29501761,
         0.40265922,  0.49156744],
       [-0.1844653 ,  0.29261883, -0.56222549, ...,  0.50944622,
        -0.00775628,  0.47790161],
       ...,
       [-0.35501919, -0.3230483 , -0.21379729, ..., -0.28439059,
         0.24290198,  0.49686395],
       [-0.20043513,  0.18640385,  0.22385411, ...,  0.08795013,
        -0.02839472,  0.48579594],
       [-0.38633992,  0.0984539 , -0.15952221, ..., -0.47449859,
        -0.23558934,  0.47628745]]))
uz_solve returned array([[ 1.08886974e-01,  7.36344668e-02, -2.34480420e-01, ...,
         1.41369336e-02, -3.35089592e-01, -2.15180617e-02],
       [ 2.70635010e-01, -1.32395320e-01, -6.94507896e-01, ...,
         6.20934127e-01, -1.49093052e+00, -3.49019124e-01],
       [ 1.52221120e-02,  6.20856278e-03,  1.06391292e-02, ...,
        -1.93830658e-02, -3.79411229e-03,  2.49168420e-02],
       ...,
       [ 5.93675414e-02, -9.62220036e-03,  1.88566353e-02, ...,
        -4.06511395e-02,  2.13910970e-02,  1.25454433e-02],
       [ 9.93621010e-01,  8.00015734e-05,  8.09059627e-05, ...,
        -1.96673199e-05,  1.45957657e-05,  9.50335292e-05],
       [ 3.41718884e-01, -4.02122139e-01,  9.50721646e-01, ...,
         1.89152220e-01, -2.66431260e-01,  8.80967894e-01]])
X_t shape: (1000, 101)
l: 0
rho: 2
self: <solvers.MLP.MLP object at 0x0000028E70AE4DF0>

Calling uz_solve(<solvers.MLP.MLP object at 0x0000028E70AE4DF0>, n=0, rho=2, x_t=array([[-0.24513668, -0.03510773, -0.09618422, ..., -0.47691781,
        -0.34717825,  0.49921713],
       [ 0.15680522, -0.41588926, -0.23375497, ..., -0.29966006,
         0.42001499,  0.49809927],
       [-0.21385103,  0.30260214, -0.54164916, ...,  0.47564033,
        -0.02376516,  0.49501895],
       ...,
       [-0.33981292, -0.32147095, -0.19508926, ..., -0.29711709,
         0.23658738,  0.49929312],
       [-0.18028292,  0.1865252 ,  0.19946331, ...,  0.08317521,
        -0.02371188,  0.49679836],
       [-0.41150432,  0.08974562, -0.1531499 , ..., -0.50891171,
        -0.19777486,  0.49465511]]))
uz_solve returned array([[ 1.28822383e-01,  4.15065509e-02, -8.32802812e-03, ...,
        -2.38933740e-01,  1.34013471e-01,  4.42284720e-01],
       [ 2.16839072e-01,  5.14130253e-01, -1.32013567e+00, ...,
         1.13705146e+00,  1.10161271e+00, -6.55927262e-01],
       [ 1.49084709e-02,  3.36948665e-03,  1.02523758e-02, ...,
        -5.36814353e-02,  1.55995536e-02,  1.59883035e-02],
       ...,
       [ 6.66551709e-02,  3.98125816e-03, -5.20598902e-02, ...,
        -7.11145199e-02,  8.32837330e-02, -8.89609381e-02],
       [ 9.95219056e-01, -9.76275788e-04,  4.17302113e-03, ...,
         6.88396461e-03, -9.70102115e-04, -2.11758414e-03],
       [ 1.55998835e-01, -1.13181662e-01,  3.50521916e-01, ...,
         2.03705207e-01, -3.53302644e-01, -8.22675627e-02]])
X_t shape: (1000, 101)
l: 0
rho: 2
self: <solvers.MLP.MLP object at 0x0000028E70AE4DF0>

uz_solve returned array([[ 0.1335625 ,  0.0455144 ,  0.01702089, ...,  0.08408784,
         0.01077718, -0.03623734],
       [ 0.1853995 ,  0.05727576,  0.33578981, ...,  0.04433723,
         0.02826509, -0.06424135],
       [ 0.01266235,  0.01201926,  0.00304169, ...,  0.00159679,
         0.02203576, -0.03416916],
       ...,
       [ 0.06847279,  0.26864893,  0.10030717, ...,  0.26888258,
        -0.24616615,  0.17580715],
       [ 0.99649717, -0.00334043, -0.00459145, ...,  0.00327166,
        -0.00305075, -0.00179307],
       [ 0.33798503,  0.13838052, -0.39512158, ..., -0.42037933,
         0.36038788, -0.30297439]])
X_t shape: (1000, 101)
l: 1
rho: 2
self: <solvers.MLP.MLP object at 0x0000028E70AE4DF0>

Calling uz_solve(<solvers.MLP.MLP object at 0x0000028E70AE4DF0>, n=0, rho=2, x_t=array([[-0.22799776, -0.05064251, -0.08358511, ..., -0.4575012 ,
        -0.36266273,  0.49305365],
       [ 0.19632892, -0.3692016 , -0.27423003, ..., -0.26562166,
         0.36554152,  0.48313489],
       [-0.19436897,  0.31965074, -0.54287714, ...,  0.58509523,
         0.02643446,  0.45580322],
       ...,
       [-0.33668709, -0.33504403, -0.21669695, ..., -0.27425665,
         0.23615396,  0.49372789],
       [-0.21315639,  0.20830379,  0.18588272, ...,  0.09682416,
        -0.03163095,  0.47159187],
       [-0.41845801,  0.0787692 , -0.20472182, ..., -0.44448203,
        -0.20167078,  0.4525749 ]]))
uz_solve returned array([[ 1.62466420e-01, -1.11595236e-01, -9.57077960e-02, ...,
        -2.04703771e-01, -1.21944152e-01,  2.34290740e-01],
       [ 1.64763026e-01, -2.73632633e-02,  4.99655308e-02, ...,
        -3.23570685e-03, -1.64764715e-03,  1.84660386e-01],
       [ 2.42312667e-02,  6.93505854e-03,  1.56665533e-02, ...,
         1.54080381e-02, -5.28869935e-03,  2.37697744e-02],
       ...,
       [ 5.89539839e-02, -7.11609204e-02,  2.42450992e-02, ...,
        -6.48553316e-02,  7.11013591e-02,  6.82439079e-02],
       [ 9.96929760e-01, -2.48660342e-03,  4.87033103e-03, ...,
        -1.25606817e-02, -1.25336038e-02,  3.34462615e-04],
       [ 2.75347159e-01, -2.04856666e-01,  2.02778001e-02, ...,
         2.50464785e-01,  2.21391184e-01, -1.20466222e-01]])
X_t shape: (1000, 101)
l: 1
rho: 2
self: <solvers.MLP.MLP object at 0x0000028E70AE4DF0>

uz_solve returned array([[ 1.57067301e-01,  1.10107345e-01,  4.79484247e-02, ...,
         2.49055992e-02,  5.85074302e-03,  7.26865019e-02],
       [ 8.70884479e-05,  8.86989865e-02, -7.97691587e-02, ...,
        -6.02643606e-03,  2.13382660e-03,  1.12862881e-01],
       [ 1.25435371e-01,  3.00149163e-01, -6.71673587e-02, ...,
        -5.61231304e-03,  6.20161760e-02,  1.82560627e-01],
       ...,
       [ 1.12230256e-01,  7.42847267e-02,  5.69957488e-02, ...,
         1.79131329e-02,  2.24670915e-01,  1.34536432e-01],
       [ 9.97694732e-01,  6.80077820e-03, -1.34840598e-03, ...,
         2.94004251e-03,  1.98324067e-03, -4.79310668e-03],
       [ 4.51146476e-01, -1.21207361e-01, -1.96995331e-01, ...,
         2.78906239e-02, -2.19032466e-01,  1.71607231e-01]])
self: <solvers.MLP.MLP object at 0x0000028E70AE4DF0>
n: 2
rho: 2
x_t shape: (1000, 101)

