Calling uz_solve(<solvers.ScaML.ScaML object at 0x0000028E73E3BF40>, 2, 2, array([[-0.2653237 , -0.1109131 ,  0.03342384, ..., -0.43986586,
        -0.36219323,  0.43836513],
       [ 0.28227872, -0.4142871 , -0.09852761, ..., -0.24638274,
         0.3481496 ,  0.35035613],
       [-0.26487163,  0.25755644, -0.46400508, ...,  0.39906067,
        -0.02082485,  0.10784263],
       ...,
       [-0.28913492, -0.3228982 , -0.21400529, ..., -0.17780602,
         0.2540208 ,  0.44434768],
       [-0.07595041,  0.29026502,  0.14557916, ...,  0.02231908,
         0.00665885,  0.24793515],
       [-0.43900287,  0.093225  , -0.27433833, ..., -0.40753245,
        -0.2734575 ,  0.07919785]], dtype=float32))
Calling uz_solve(<solvers.ScaML.ScaML object at 0x0000028E73E3BF40>, n=0, rho=2, x_t=array([[-0.30704564, -0.05849491,  0.05370745, ..., -0.43855426,
        -0.34062627,  0.44531148],
       [ 0.30854225, -0.40275541, -0.10558513, ..., -0.2421525 ,
         0.29152313,  0.36722124],
       [-0.24156199,  0.34261566, -0.39085025, ...,  0.30063564,
        -0.10316451,  0.15203942],
       ...,
       [-0.26652938, -0.3049973 , -0.2348723 , ..., -0.16184044,
         0.26711103,  0.45061979],
       [-0.0913642 ,  0.31398076,  0.21747901, ...,  0.05544364,
         0.00345301,  0.27634327],
       [-0.4493573 ,  0.12844028, -0.27534968, ..., -0.43200827,
        -0.23503432,  0.12662296]]))
uz_solve returned array([[-2.98411943e-01,  3.57341375e-01, -1.38496388e-01, ...,
         3.54078944e-01, -4.59819953e-01,  6.77237346e-02],
       [-5.55372092e-01,  1.77823409e-02, -1.02145202e-01, ...,
         9.45156014e-02, -1.63571033e-02, -6.26900829e-02],
       [-5.47204539e-01,  1.82138054e-02,  1.64326349e-02, ...,
        -5.61068756e-03,  4.55362828e-03, -9.52706885e-03],
       ...,
       [-4.07620061e-01, -2.94821367e-02, -1.18277028e-01, ...,
         4.11819405e-02,  1.71505372e-01,  2.13556981e-01],
       [ 4.29501476e-01, -1.58572314e-03, -1.75035600e-03, ...,
         2.31113660e-03, -3.44501370e-03,  4.37098438e-04],
       [-4.29158698e-01,  5.17012415e-02,  6.01366371e-03, ...,
        -5.70575289e-02,  3.08932334e-02, -4.35588407e-02]])
X_t shape: (1000, 101)
l: 0
rho: 2
self: <solvers.ScaML.ScaML object at 0x0000028E73E3BF40>

Calling uz_solve(<solvers.ScaML.ScaML object at 0x0000028E73E3BF40>, n=0, rho=2, x_t=array([[-0.27124539, -0.11766964,  0.00275536, ..., -0.4597196 ,
        -0.35140383,  0.44531148],
       [ 0.26192316, -0.36616072, -0.11046503, ..., -0.2001421 ,
         0.31992859,  0.36722124],
       [-0.29021353,  0.23214163, -0.5484286 , ...,  0.38104728,
        -0.02891076,  0.15203942],
       ...,
       [-0.29097873, -0.31928945, -0.22365268, ..., -0.18403657,
         0.27368313,  0.45061979],
       [-0.07746995,  0.26670146,  0.11735731, ...,  0.09674304,
         0.03599169,  0.27634327],
       [-0.37491786,  0.02246342, -0.23313434, ..., -0.48608994,
        -0.27424181,  0.12662296]]))
uz_solve returned array([[-5.24230913e-01, -4.50195406e-01,  4.23133911e-02, ...,
         7.32421790e-01,  2.18859763e-01, -3.33338675e-01],
       [-5.51476347e-01, -3.41022433e-02,  1.13950311e-02, ...,
        -3.71139062e-02,  1.35660796e-02, -9.01596129e-03],
       [-5.41356040e-01, -2.22962815e-03, -4.56479788e-04, ...,
         3.97557152e-03, -1.97723514e-04,  3.15892429e-03],
       ...,
       [-4.66602240e-01, -9.12418468e-02, -1.03674621e-02, ...,
         8.00193843e-02,  4.23319468e-02,  1.72499594e-02],
       [ 4.30648232e-01, -3.25517517e-03,  4.07727986e-03, ...,
        -6.37575643e-03,  3.02603021e-03, -6.58084660e-03],
       [-5.51926866e-01,  8.09342140e-01,  2.51302996e-01, ...,
        -8.62416216e-01,  4.46245000e-01, -1.14976110e+00]])
X_t shape: (1000, 101)
l: 0
rho: 2
self: <solvers.ScaML.ScaML object at 0x0000028E73E3BF40>

Calling uz_solve(<solvers.ScaML.ScaML object at 0x0000028E73E3BF40>, n=0, rho=2, x_t=array([[-0.23617752, -0.05339545,  0.08835559, ..., -0.45482481,
        -0.33781552,  0.46918257],
       [ 0.31325957, -0.39148921, -0.09897602, ..., -0.2643649 ,
         0.26562542,  0.42517807],
       [-0.15988843,  0.31425667, -0.35802561, ...,  0.20452096,
        -0.11760792,  0.30392132],
       ...,
       [-0.19454823, -0.30887741, -0.2180706 , ..., -0.20224272,
         0.24090637,  0.47217384],
       [-0.05560831,  0.3320657 ,  0.3378064 , ...,  0.21212298,
        -0.01783804,  0.37396757],
       [-0.56748903,  0.24268812, -0.19426063, ..., -0.46012804,
        -0.24467263,  0.28959893]]))
uz_solve returned array([[-2.96497937e-01,  1.72178736e-01,  2.29960128e-03, ...,
        -2.24681267e-01, -2.84425769e-01, -2.26098798e-01],
       [-5.45319844e-01, -5.82895297e-02, -2.58671510e-02, ...,
         2.89928884e-03, -5.43593419e-02, -1.12314369e-02],
       [-5.13908557e-01,  2.07182296e-02, -8.33197709e-02, ...,
         9.90098383e-02,  8.06173914e-02, -1.21959227e-01],
       ...,
       [-4.92532141e-01,  4.04447352e-05, -5.65960267e-03, ...,
        -5.02167999e-05,  1.81072014e-03, -6.16156943e-03],
       [ 4.30244883e-01, -1.43358291e-03, -2.45018267e-04, ...,
        -2.38826626e-04,  4.40592448e-04, -2.17120277e-03],
       [-1.64151904e-01,  1.18140530e+00,  1.70121845e-01, ...,
         1.19818502e-01, -7.74097756e-03, -9.04340862e-01]])
X_t shape: (1000, 101)
l: 0
rho: 2
self: <solvers.ScaML.ScaML object at 0x0000028E73E3BF40>

Calling uz_solve(<solvers.ScaML.ScaML object at 0x0000028E73E3BF40>, n=0, rho=2, x_t=array([[-0.24581023, -0.11852867, -0.08200143, ..., -0.47633648,
        -0.34536666,  0.46918257],
       [ 0.32557091, -0.41576296, -0.19750015, ..., -0.08108949,
         0.18413611,  0.42517807],
       [-0.32576582,  0.22870007, -0.66828805, ...,  0.44049919,
         0.03544036,  0.30392132],
       ...,
       [-0.21773967, -0.33374995, -0.2859869 , ..., -0.17998764,
         0.29280093,  0.47217384],
       [ 0.06632172,  0.21204557,  0.10403445, ...,  0.03014034,
        -0.01446785,  0.37396757],
       [-0.37559268, -0.14411052, -0.32234755, ..., -0.40495434,
        -0.12883393,  0.28959893]]))
uz_solve returned array([[-5.00771241e-01, -1.43095441e-03,  7.09107173e-03, ...,
         3.97932830e-03,  6.80831176e-05, -5.14597346e-03],
       [-5.14995124e-01,  3.48354559e-02, -4.56583381e-02, ...,
         7.88550546e-02, -1.25186696e-03,  4.90183747e-02],
       [-5.63542139e-01,  7.95971192e-02,  2.11680617e-02, ...,
         5.31818905e-02,  3.73306720e-02, -3.02661219e-02],
       ...,
       [-4.85603064e-01, -7.99787049e-02,  3.24684334e-01, ...,
         1.04745818e-01, -1.36996132e-01,  1.44040412e-01],
       [ 4.30634081e-01, -7.15965951e-03,  2.79290607e-03, ...,
         1.35549454e-02, -1.35532257e-03, -2.30671484e-02],
       [-4.39474586e-01,  5.39952243e-01,  2.11339423e-02, ...,
         1.03384265e-01, -2.05830148e-01,  4.69354164e-01]])
X_t shape: (1000, 101)
l: 0
rho: 2
self: <solvers.ScaML.ScaML object at 0x0000028E73E3BF40>

Calling uz_solve(<solvers.ScaML.ScaML object at 0x0000028E73E3BF40>, n=0, rho=2, x_t=array([[-0.20667705, -0.03437662,  0.12130757, ..., -0.40590081,
        -0.31421191,  0.49305365],
       [ 0.21905136, -0.43165067, -0.0696972 , ..., -0.3646186 ,
         0.30265406,  0.48313489],
       [-0.26344267,  0.3949765 , -0.61309409, ...,  0.1647816 ,
        -0.17062199,  0.45580322],
       ...,
       [-0.21076512, -0.34738794, -0.18431908, ..., -0.31123757,
         0.2628966 ,  0.49372789],
       [-0.04500921,  0.20849952,  0.27534434, ...,  0.18666396,
         0.08461118,  0.47159187],
       [-0.64813524,  0.15117985, -0.41540015, ..., -0.45586473,
        -0.31550592,  0.4525749 ]]))
uz_solve returned array([[-3.15755241e-01,  7.56689936e-02, -1.78682531e-01, ...,
         2.11863598e-01,  3.84260637e-01,  1.54891913e-01],
       [-5.34353971e-01, -3.60943327e-03, -5.23742702e-03, ...,
         1.85127287e-02,  1.46490542e-02, -1.23176467e-02],
       [-5.43052560e-01,  6.20219924e-02, -7.78394104e-02, ...,
        -3.88568497e-02,  1.23366509e-01, -5.72661120e-02],
       ...,
       [-5.03506509e-01, -1.37729846e-01, -1.61203830e-01, ...,
         1.55404521e-01, -1.60458072e-01, -1.54401647e-01],
       [ 4.28929391e-01,  5.51096117e-03,  5.08214438e-03, ...,
         1.15352683e-03,  8.11096881e-04,  7.52607267e-04],
       [-2.48829598e-01,  1.65247830e+00,  1.20549508e-01, ...,
        -2.31947841e+00,  9.10528326e-02,  7.53296504e-01]])
X_t shape: (1000, 101)
l: 0
rho: 2
self: <solvers.ScaML.ScaML object at 0x0000028E73E3BF40>

Calling uz_solve(<solvers.ScaML.ScaML object at 0x0000028E73E3BF40>, n=0, rho=2, x_t=array([[-0.26978144, -0.1293526 , -0.11520782, ..., -0.46371484,
        -0.34366852,  0.49305365],
       [ 0.34290266, -0.45032495, -0.09790044, ..., -0.12026676,
         0.2271537 ,  0.48313489],
       [-0.04801749,  0.21945211, -0.87427449, ...,  0.5296647 ,
         0.2906796 ,  0.45580322],
       ...,
       [-0.20564039, -0.34680992, -0.34817007, ..., -0.20483291,
         0.25294805,  0.49372789],
       [ 0.062535  ,  0.19506313,  0.01584999, ...,  0.08876226,
        -0.00657292,  0.47159187],
       [-0.36350554, -0.10540948, -0.30880204, ..., -0.43007389,
        -0.06611273,  0.4525749 ]]))
uz_solve returned array([[-0.53182655, -0.2083969 , -0.03380578, ...,  0.07335419,
        -0.08950665,  0.02364741],
       [-0.56163428, -0.00396813,  0.01114668, ...,  0.00416165,
         0.01179383,  0.00237085],
       [-0.55917258,  0.0028755 , -0.0306    , ..., -0.00472935,
         0.00103643, -0.02133554],
       ...,
       [-0.51678423,  0.0107371 , -0.03945958, ...,  0.01219464,
        -0.03012056, -0.10183316],
       [ 0.42416918, -0.01831476, -0.01168207, ...,  0.00081787,
         0.00415447,  0.00826736],
       [-0.04825458,  0.62570201,  0.37594398, ..., -0.13448456,
         0.27439365, -0.07117453]])
X_t shape: (1000, 101)
l: 0
rho: 2
self: <solvers.ScaML.ScaML object at 0x0000028E73E3BF40>

Calling uz_solve(<solvers.ScaML.ScaML object at 0x0000028E73E3BF40>, n=1, rho=2, x_t=array([[-0.24796778, -0.10533141,  0.06416538, ..., -0.46447256,
        -0.38331592,  0.44531148],
       [ 0.30540705, -0.39395744, -0.13046157, ..., -0.26526687,
         0.33997092,  0.36722124],
       [-0.28073314,  0.23209395, -0.37586197, ...,  0.41332555,
        -0.09293067,  0.15203942],
       ...,
       [-0.3293221 , -0.35995334, -0.19905904, ..., -0.16191849,
         0.27157462,  0.45061979],
       [-0.09199505,  0.31054756,  0.11435609, ...,  0.00869433,
         0.00416665,  0.27634327],
       [-0.36513051,  0.08405255, -0.29881299, ..., -0.4359253 ,
        -0.17735012,  0.12662296]]))
Calling uz_solve(<solvers.ScaML.ScaML object at 0x0000028E73E3BF40>, n=0, rho=2, x_t=array([[-0.24477686, -0.12114688,  0.04876491, ..., -0.43849441,
        -0.41045858,  0.45147497],
       [ 0.30825131, -0.39699504, -0.16975692, ..., -0.29398422,
         0.25727035,  0.38218563],
       [-0.33100069,  0.2043518 , -0.41821112, ...,  0.41042322,
        -0.16900346,  0.19125516],
       ...,
       [-0.34656694, -0.34605444, -0.18947058, ..., -0.19023151,
         0.24950175,  0.45618502],
       [-0.10899673,  0.34188915,  0.1206321 , ..., -0.00155297,
        -0.02453118,  0.30154976],
       [-0.36407019,  0.10222813, -0.28857215, ..., -0.47052834,
        -0.15423717,  0.16870317]]))
uz_solve returned array([[-4.37670563e-01, -6.23874952e-02,  5.25965670e-02, ...,
         2.63178662e-02,  2.50770538e-02, -5.85638845e-02],
       [-5.37683006e-01,  1.44022395e-03, -8.71424410e-04, ...,
        -2.93229916e-03, -2.42510246e-03,  1.95792975e-04],
       [-5.21054982e-01,  1.10884233e-02, -5.39097464e-02, ...,
         2.12522976e-03,  8.18385765e-02,  5.62517679e-02],
       ...,
       [-5.14418048e-01,  6.37667364e-02, -4.51119188e-01, ...,
        -9.67225773e-02,  2.72056844e-01,  1.51459744e-01],
       [ 4.20850810e-01,  3.50925889e-03,  5.83769852e-03, ...,
         2.32903259e-03,  3.41370398e-03, -1.39040464e-03],
       [ 2.03159867e-01,  4.32570361e-01,  2.40697138e-01, ...,
         5.96520462e-01, -1.78175926e+00, -5.27038132e-02]])
X_t shape: (1000, 101)
l: 0
rho: 2
self: <solvers.ScaML.ScaML object at 0x0000028E73E3BF40>

Calling uz_solve(<solvers.ScaML.ScaML object at 0x0000028E73E3BF40>, n=0, rho=2, x_t=array([[-0.27921106, -0.13101029,  0.03468018, ..., -0.47663358,
        -0.41095354,  0.47265574],
       [ 0.24612608, -0.46482403, -0.19854392, ..., -0.2276792 ,
         0.2574171 ,  0.43361062],
       [-0.3769234 ,  0.14249182, -0.48260574, ...,  0.35020446,
        -0.21171207,  0.32601971],
       ...,
       [-0.36997013, -0.30264319, -0.1733943 , ..., -0.1182205 ,
         0.28301695,  0.47530989],
       [-0.24731207,  0.29332116,  0.23670598, ..., -0.09585004,
        -0.13576055,  0.38817164],
       [-0.2782469 ,  0.11151644, -0.21847097, ..., -0.46563292,
        -0.17886697,  0.31331148]]))
uz_solve returned array([[-4.59162079e-01, -3.29757503e-03, -1.22097955e-01, ...,
         4.85606125e-02,  8.15546188e-02,  1.08058861e-01],
       [-5.51428050e-01,  6.28866498e-05,  5.18094791e-04, ...,
        -1.00011457e-03,  2.52399134e-04,  7.10607172e-04],
       [-5.62345514e-01, -1.48515207e-02, -4.90512569e-03, ...,
         2.26590346e-02,  1.95078051e-02,  1.89448878e-02],
       ...,
       [-4.99430594e-01,  7.34229350e-01,  2.54074243e-01, ...,
        -1.18671481e-01,  2.48386314e-01,  6.45761989e-01],
       [ 4.24854235e-01, -1.12104458e-03,  1.13340063e-03, ...,
         1.99877012e-03, -3.33955069e-03,  5.93152193e-03],
       [-4.99335470e-01,  4.06566752e-02,  2.85345058e-02, ...,
         6.33023212e-02,  3.16463696e-02,  3.22666673e-02]])
X_t shape: (1000, 101)
l: 0
rho: 2
self: <solvers.ScaML.ScaML object at 0x0000028E73E3BF40>

Calling uz_solve(<solvers.ScaML.ScaML object at 0x0000028E73E3BF40>, n=0, rho=2, x_t=array([[-0.24905143, -0.08395197,  0.07571318, ..., -0.45913162,
        -0.43964124,  0.49383651],
       [ 0.3149128 , -0.4056723 , -0.17176257, ..., -0.2577478 ,
         0.20724026,  0.48503561],
       [-0.40967983,  0.10392433, -0.53727398, ...,  0.18066552,
        -0.08169388,  0.46078426],
       ...,
       [-0.3896561 , -0.30449792, -0.16278313, ..., -0.08722809,
         0.30267826,  0.49443477],
       [-0.19465577,  0.43755677,  0.17760681, ..., -0.1008786 ,
        -0.30766825,  0.47479351],
       [-0.22526876,  0.11491348, -0.41201642, ..., -0.49147784,
        -0.30588806,  0.45791979]]))
uz_solve returned array([[-0.47192776, -0.04532951, -0.17937806, ..., -0.44214171,
        -0.02575477,  0.21822652],
       [-0.50412401, -0.07093899, -0.09872862, ..., -0.17493355,
        -0.11514311, -0.00111157],
       [-0.56426216, -0.00079571,  0.00310078, ...,  0.00160127,
        -0.00352457,  0.00558787],
       ...,
       [-0.45385245,  0.04909079, -0.23401891, ..., -0.1856672 ,
         0.26001819, -0.02980518],
       [ 0.41527226, -0.01262734, -0.02746388, ..., -0.06311865,
         0.01845335,  0.02094089],
       [-0.56429876, -0.01125349,  0.00068906, ...,  0.02146823,
         0.01932766, -0.00070111]])
X_t shape: (1000, 101)
l: 0
rho: 2
self: <solvers.ScaML.ScaML object at 0x0000028E73E3BF40>

uz_solve returned array([[-4.83907264e-01,  3.66693074e-01, -5.69743579e-03, ...,
         1.00488616e-01,  1.21998084e-01, -3.53350672e-02],
       [-5.30509719e-01,  9.94934130e-03,  1.36375231e-02, ...,
         4.38427557e-02,  2.29743274e-02,  1.30968658e-02],
       [-5.66340782e-01, -1.65376822e-02,  1.38706236e-02, ...,
         6.53556748e-02,  3.31544899e-02,  3.24541085e-02],
       ...,
       [-3.14026484e-01, -4.39945938e-01,  1.00780345e+00, ...,
         8.40674835e-01, -1.77683208e-01,  4.50837129e-01],
       [ 3.99927868e-01,  6.11914158e-02, -5.82927995e-03, ...,
         3.20123455e-04, -3.67394959e-02,  3.02722580e-02],
       [-4.46329224e-01, -4.52009673e-02, -1.50989385e-01, ...,
         2.82528892e-01, -3.14874771e-02,  3.25660585e-02]])
X_t shape: (1000, 101)
l: 1
rho: 2
self: <solvers.ScaML.ScaML object at 0x0000028E73E3BF40>

Calling uz_solve(<solvers.ScaML.ScaML object at 0x0000028E73E3BF40>, n=0, rho=2, x_t=array([[-0.24796778, -0.10533141,  0.06416538, ..., -0.46447256,
        -0.38331592,  0.44531148],
       [ 0.30540705, -0.39395744, -0.13046157, ..., -0.26526687,
         0.33997092,  0.36722124],
       [-0.28073314,  0.23209395, -0.37586197, ...,  0.41332555,
        -0.09293067,  0.15203942],
       ...,
       [-0.3293221 , -0.35995334, -0.19905904, ..., -0.16191849,
         0.27157462,  0.45061979],
       [-0.09199505,  0.31054756,  0.11435609, ...,  0.00869433,
         0.00416665,  0.27634327],
       [-0.36513051,  0.08405255, -0.29881299, ..., -0.4359253 ,
        -0.17735012,  0.12662296]]))
uz_solve returned array([[-2.90796186e-01,  5.23347793e-01,  1.39623040e+00, ...,
        -6.48338680e-01,  1.51514067e-01, -8.94534192e-01],
       [-5.35782908e-01,  2.82323341e-02,  2.49338222e-02, ...,
        -1.84789641e-02,  1.16508823e-02, -5.04180819e-03],
       [-5.54828925e-01, -3.07652090e-02, -3.73267966e-02, ...,
         6.77115448e-02,  2.29011347e-02,  1.25528643e-02],
       ...,
       [-5.00550692e-01,  2.31149194e-04,  1.49454220e-03, ...,
        -3.31429635e-01,  1.49845390e-01,  8.14822455e-02],
       [ 4.23742596e-01,  6.49809326e-04, -1.21847062e-03, ...,
        -7.55281206e-03,  4.81446761e-03,  3.50286811e-03],
       [-4.82419876e-01,  7.08746221e-02, -3.10376596e-02, ...,
         3.90243269e-02, -4.27189384e-01, -2.10595738e-01]])
X_t shape: (1000, 101)
l: 1
rho: 2
self: <solvers.ScaML.ScaML object at 0x0000028E73E3BF40>

Calling uz_solve(<solvers.ScaML.ScaML object at 0x0000028E73E3BF40>, n=1, rho=2, x_t=array([[-0.22968492, -0.09679148,  0.06900232, ..., -0.45827916,
        -0.38924432,  0.46918257],
       [ 0.26736453, -0.35304135, -0.13340585, ..., -0.19979556,
         0.37732181,  0.42517807],
       [-0.40122837,  0.21954577, -0.66740507, ...,  0.31842756,
        -0.24616545,  0.30392132],
       ...,
       [-0.36916366, -0.31979468, -0.24051526, ..., -0.13128474,
         0.2696076 ,  0.47217384],
       [-0.0747391 ,  0.28309938,  0.19327578, ..., -0.05062986,
         0.0240517 ,  0.37396757],
       [-0.40019712, -0.01531115, -0.52150548, ..., -0.41480923,
        -0.390457  ,  0.28959893]]))
Calling uz_solve(<solvers.ScaML.ScaML object at 0x0000028E73E3BF40>, n=0, rho=2, x_t=array([[-0.25567548, -0.08640378,  0.06138196, ..., -0.45928993,
        -0.3983281 ,  0.47265574],
       [ 0.31472114, -0.3210484 , -0.12185483, ..., -0.13977858,
         0.36494917,  0.43361062],
       [-0.34726959,  0.15510462, -0.69985045, ...,  0.37225892,
        -0.28200547,  0.32601971],
       ...,
       [-0.38005886, -0.30719858, -0.24796775, ..., -0.1300394 ,
         0.27259175,  0.47530989],
       [-0.05326421,  0.2523544 ,  0.23474477, ..., -0.05087038,
         0.05922386,  0.38817164],
       [-0.33460689, -0.0128046 , -0.54259639, ..., -0.4098701 ,
        -0.37645206,  0.31331148]]))
uz_solve returned array([[-0.2793424 ,  0.33068713,  0.32314292, ...,  0.54907408,
         0.15319968,  0.12176601],
       [-0.51138561, -0.04832988, -0.05221206, ...,  0.04986192,
         0.11567853,  0.10225853],
       [-0.54272785, -0.01752994, -0.03528625, ..., -0.03754265,
        -0.0022926 ,  0.00469396],
       ...,
       [-0.50627894, -0.56596988, -0.1485094 , ...,  0.39774423,
        -0.11146445,  0.5145253 ],
       [ 0.42411756,  0.00833332,  0.05410561, ..., -0.02122511,
        -0.14480472,  0.05007633],
       [-0.3598013 , -0.03476398,  0.0608919 , ...,  0.03713422,
         0.07387906, -0.00253325]])
X_t shape: (1000, 101)
l: 0
rho: 2
self: <solvers.ScaML.ScaML object at 0x0000028E73E3BF40>

Calling uz_solve(<solvers.ScaML.ScaML object at 0x0000028E73E3BF40>, n=0, rho=2, x_t=array([[-0.26129917, -0.0532807 ,  0.03472689, ..., -0.4371744 ,
        -0.40777893,  0.48459128],
       [ 0.32683479, -0.27240798, -0.14938918, ..., -0.21764613,
         0.40743054,  0.46258903],
       [-0.32631786,  0.10020585, -0.71371974, ...,  0.45327203,
        -0.255498  ,  0.40196066],
       ...,
       [-0.38817391, -0.31129511, -0.28364742, ..., -0.16497502,
         0.26350344,  0.48608692],
       [-0.00857979,  0.23200139,  0.16611756, ...,  0.04072033,
        -0.00516758,  0.43698379],
       [-0.25799646,  0.02357361, -0.59304124, ..., -0.21011754,
        -0.35330952,  0.39479946]]))
uz_solve returned array([[-3.34851611e-01,  1.55101143e-01,  1.02791137e-01, ...,
         8.05508438e-02, -8.08352142e-02, -3.46158938e-02],
       [-5.09142033e-01,  1.89510090e-01, -7.78079617e-02, ...,
        -1.74670598e-01, -1.85922905e-01,  1.76063183e-01],
       [-5.48955063e-01,  9.15831441e-04,  8.35999572e-03, ...,
         1.32234308e-03,  4.27437574e-03, -6.36342913e-03],
       ...,
       [-4.32496829e-01, -1.70008259e-01,  4.18745129e-02, ...,
        -1.12222751e-01,  3.67977363e-01,  5.95836765e-02],
       [ 4.22763296e-01,  1.67940861e-02,  1.92720077e-02, ...,
         2.97432051e-03, -7.70955837e-04, -2.17250892e-02],
       [-1.22503092e-01,  3.08632514e-01,  1.28839166e+00, ...,
        -1.49835596e+00,  5.61641586e-01, -3.18286984e-01]])
X_t shape: (1000, 101)
l: 0
rho: 2
self: <solvers.ScaML.ScaML object at 0x0000028E73E3BF40>

Calling uz_solve(<solvers.ScaML.ScaML object at 0x0000028E73E3BF40>, n=0, rho=2, x_t=array([[-0.24381505, -0.0449862 ,  0.01486724, ..., -0.43225757,
        -0.42167063,  0.49652682],
       [ 0.30977793, -0.31177469, -0.19520832, ..., -0.20588871,
         0.33133045,  0.49156744],
       [-0.41526083,  0.17074225, -0.62382397, ...,  0.52243466,
        -0.26355109,  0.47790161],
       ...,
       [-0.39016393, -0.28481846, -0.28082794, ..., -0.18906612,
         0.26601416,  0.49686395],
       [ 0.00518853,  0.31645142,  0.17997943, ...,  0.05009418,
        -0.08233329,  0.48579594],
       [-0.28946402, -0.02069356, -0.60837845, ..., -0.12006212,
        -0.43709647,  0.47628745]]))
uz_solve returned array([[-3.09506471e-01,  2.30971611e-01,  1.17201896e+00, ...,
        -1.42537724e-01, -3.34075061e-01, -5.63618386e-01],
       [-4.88775735e-01,  2.96475178e-01,  6.14591092e-01, ...,
        -1.01308739e-01,  8.42793585e-02,  4.26339408e-02],
       [-5.58601663e-01,  1.82981715e-03,  4.79874476e-02, ...,
        -5.23070264e-02, -7.74763699e-02, -2.98319936e-02],
       ...,
       [-4.37432232e-01, -1.24669300e-01,  6.15377773e-02, ...,
         5.40148159e-01, -4.81151375e-01, -5.88282065e-01],
       [ 4.25781956e-01, -2.68852039e-02,  1.37130539e-02, ...,
         2.64913673e-02,  2.39979007e-02,  6.12304932e-02],
       [-2.36000007e-01,  8.64879233e-04,  2.57952162e-03, ...,
        -5.99344081e-03, -3.37528362e-03,  4.62842241e-03]])
X_t shape: (1000, 101)
l: 0
rho: 2
self: <solvers.ScaML.ScaML object at 0x0000028E73E3BF40>

uz_solve returned array([[-3.25815943e-01, -2.01447465e-01, -1.66537195e-01, ...,
        -2.83740888e-03,  9.73019921e-02, -2.47437485e-01],
       [-5.61504625e-01, -1.81161964e-02, -5.95084672e-02, ...,
        -6.96644067e-02, -4.63525985e-04, -9.40174115e-02],
       [-5.42509450e-01,  1.71885547e-02, -9.83574769e-04, ...,
        -2.52250110e-02, -1.94509427e-02,  5.80749122e-03],
       ...,
       [-4.52529947e-01,  2.78933479e-01, -3.46019878e-02, ...,
         1.75863696e-02,  2.38815007e-02,  1.21467923e-01],
       [ 4.22002956e-01,  3.77387515e-03, -1.00325274e-04, ...,
        -1.08414705e-02, -1.07118884e-02,  9.66733374e-03],
       [-4.02271565e-01,  1.72935831e-01, -7.71690254e-02, ...,
         2.67476040e-01,  2.35890442e-01,  8.67690351e-02]])
X_t shape: (1000, 101)
l: 1
rho: 2
self: <solvers.ScaML.ScaML object at 0x0000028E73E3BF40>

Calling uz_solve(<solvers.ScaML.ScaML object at 0x0000028E73E3BF40>, n=0, rho=2, x_t=array([[-0.22968492, -0.09679148,  0.06900232, ..., -0.45827916,
        -0.38924432,  0.46918257],
       [ 0.26736453, -0.35304135, -0.13340585, ..., -0.19979556,
         0.37732181,  0.42517807],
       [-0.40122837,  0.21954577, -0.66740507, ...,  0.31842756,
        -0.24616545,  0.30392132],
       ...,
       [-0.36916366, -0.31979468, -0.24051526, ..., -0.13128474,
         0.2696076 ,  0.47217384],
       [-0.0747391 ,  0.28309938,  0.19327578, ..., -0.05062986,
         0.0240517 ,  0.37396757],
       [-0.40019712, -0.01531115, -0.52150548, ..., -0.41480923,
        -0.390457  ,  0.28959893]]))
uz_solve returned array([[-2.30888254e-01,  6.41342468e-02,  5.39488689e-01, ...,
        -6.78911937e-01, -4.42324081e-02, -4.85867956e-01],
       [-5.09055906e-01,  7.90572254e-02,  7.87662561e-02, ...,
        -8.57463478e-02,  1.21394076e-01, -1.58569986e-02],
       [-5.43615902e-01, -9.18974287e-03,  2.49069948e-02, ...,
        -4.29563048e-04, -3.14660400e-02,  1.87585778e-02],
       ...,
       [-5.00226989e-01,  7.34160832e-02, -7.50779494e-02, ...,
        -2.98386396e-01, -1.56107868e-01,  3.47788585e-02],
       [ 4.17334417e-01,  8.07333755e-03,  3.03968015e-03, ...,
        -6.48177781e-03,  5.56654101e-03,  1.03129937e-03],
       [-3.83618101e-01,  2.20274525e-01, -2.78053035e-02, ...,
        -7.97012499e-02,  1.16360939e-01,  4.27955825e-02]])
X_t shape: (1000, 101)
l: 1
rho: 2
self: <solvers.ScaML.ScaML object at 0x0000028E73E3BF40>

Calling uz_solve(<solvers.ScaML.ScaML object at 0x0000028E73E3BF40>, n=1, rho=2, x_t=array([[-0.21436806, -0.07733966,  0.10629584, ..., -0.45921341,
        -0.38551322,  0.49305365],
       [ 0.26777154, -0.30106017, -0.09744716, ..., -0.10800642,
         0.40280005,  0.48313489],
       [-0.34964633,  0.14166063, -0.80137968, ...,  0.20759448,
        -0.31172252,  0.45580322],
       ...,
       [-0.33265704, -0.26313242, -0.23929432, ..., -0.10943178,
         0.32049376,  0.49372789],
       [ 0.00156673,  0.32148457,  0.21055962, ..., -0.04035201,
        -0.0605156 ,  0.47159187],
       [-0.37057641, -0.06314136, -0.50586766, ..., -0.37207499,
        -0.43414778,  0.4525749 ]]))
Calling uz_solve(<solvers.ScaML.ScaML object at 0x0000028E73E3BF40>, n=0, rho=2, x_t=array([[-0.22228581, -0.07104701,  0.10541461, ..., -0.45740678,
        -0.38826897,  0.49383651],
       [ 0.28632385, -0.31045005, -0.09610851, ..., -0.10325348,
         0.41271507,  0.48503561],
       [-0.34128924,  0.15399819, -0.78528657, ...,  0.2032005 ,
        -0.34110465,  0.46078427],
       ...,
       [-0.32696043, -0.2742387 , -0.2376944 , ..., -0.0982492 ,
         0.31092314,  0.49443477],
       [-0.00596947,  0.33273726,  0.19634761, ..., -0.0526501 ,
        -0.05647902,  0.47479351],
       [-0.39374021, -0.05771228, -0.52637405, ..., -0.40116955,
        -0.45643532,  0.45791979]]))
uz_solve returned array([[-2.58784307e-01,  1.28253820e-02, -4.11542827e-02, ...,
         1.42516695e-02,  8.76963160e-05,  3.35832413e-02],
       [-4.77855003e-01, -6.23516707e-02,  7.81125979e-03, ...,
        -2.00407766e-02, -1.06716547e-02,  1.32962082e-02],
       [-5.46292379e-01, -4.41503215e-03,  4.00296440e-02, ...,
        -6.35201623e-02,  1.89285333e-01, -1.97637341e-01],
       ...,
       [-4.23910263e-01, -9.24122212e-02, -1.77185389e-01, ...,
         9.55353125e-02,  1.94616031e-01,  1.99415522e-01],
       [ 4.27244303e-01, -1.25212385e-02,  4.09936551e-03, ...,
        -2.24663373e-02, -4.32630262e-03,  4.84400217e-03],
       [-5.62059319e-01,  3.31742908e-03, -8.32214564e-02, ...,
         3.42908626e-02,  5.16879790e-02,  2.13855459e-02]])
X_t shape: (1000, 101)
l: 0
rho: 2
self: <solvers.ScaML.ScaML object at 0x0000028E73E3BF40>

Calling uz_solve(<solvers.ScaML.ScaML object at 0x0000028E73E3BF40>, n=0, rho=2, x_t=array([[-0.20630385, -0.06784291,  0.09390126, ..., -0.45383955,
        -0.40023686,  0.49652682],
       [ 0.30260839, -0.31933359, -0.11747749, ..., -0.10874328,
         0.40360324,  0.49156744],
       [-0.35919508,  0.13448927, -0.81982496, ...,  0.17112729,
        -0.35744227,  0.47790161],
       ...,
       [-0.33787792, -0.2603483 , -0.25984352, ..., -0.10569618,
         0.30642097,  0.49686395],
       [-0.00724929,  0.30323971,  0.18526602, ..., -0.09230014,
        -0.03094322,  0.48579594],
       [-0.43783431, -0.01930246, -0.54315852, ..., -0.42327844,
        -0.48316082,  0.47628745]]))
uz_solve returned array([[-2.77034932e-01, -1.37052993e-01,  3.44417153e-01, ...,
         5.41640481e-02, -4.66155161e-01, -7.54460972e-02],
       [-4.93487186e-01,  3.75391924e-02, -1.01519381e-04, ...,
         5.01396728e-02,  3.03887171e-02,  6.60297616e-02],
       [-5.16662000e-01, -3.61110915e-03,  2.32221268e-01, ...,
        -2.48083097e-02,  1.45540576e-01, -2.08320842e-02],
       ...,
       [-4.35122971e-01, -8.82297881e-02, -2.24097171e-01, ...,
         4.64732219e-02,  1.88265588e-01, -6.09788588e-03],
       [ 4.22686805e-01,  9.74219358e-03,  2.66803104e-02, ...,
        -3.07559997e-02, -6.81756193e-03, -2.65959103e-02],
       [-5.51384434e-01, -1.56148431e-02,  1.14214548e-02, ...,
         2.22783570e-02,  9.72923353e-03,  1.07843118e-02]])
X_t shape: (1000, 101)
l: 0
rho: 2
self: <solvers.ScaML.ScaML object at 0x0000028E73E3BF40>

Calling uz_solve(<solvers.ScaML.ScaML object at 0x0000028E73E3BF40>, n=0, rho=2, x_t=array([[-0.19231328, -0.07020584,  0.10502146, ..., -0.47035904,
        -0.41134527,  0.49921713],
       [ 0.27094077, -0.29148069, -0.11221325, ..., -0.11403584,
         0.37546985,  0.49809927],
       [-0.38245205,  0.12322889, -0.78316567, ...,  0.135276  ,
        -0.33564056,  0.49501895],
       ...,
       [-0.33508249, -0.25242948, -0.27037555, ..., -0.11455697,
         0.30539936,  0.49929312],
       [-0.01751278,  0.27440751,  0.20063786, ..., -0.07097028,
        -0.04098192,  0.49679836],
       [-0.5033656 , -0.04541646, -0.49796399, ..., -0.39598375,
        -0.52096967,  0.49465511]]))
uz_solve returned array([[-3.15377508e-01,  7.83727114e-02, -9.38864108e-02, ...,
         6.54358869e-02, -3.64179895e-02, -5.39268240e-02],
       [-4.68106495e-01, -3.44606422e-01,  1.74337599e-01, ...,
        -7.67792435e-02,  1.62883934e-01,  2.55184647e-01],
       [-5.38489776e-01, -9.30368157e-02, -8.86291288e-02, ...,
        -5.29753083e-02, -1.02201427e-01,  1.39819420e-02],
       ...,
       [-4.53725817e-01,  1.87365837e-02,  2.86622287e-03, ...,
         4.00721377e-04, -2.66261088e-03, -8.10448679e-04],
       [ 4.27321263e-01,  9.99982723e-03, -1.29624333e-02, ...,
         1.20044536e-02,  2.99038639e-02,  3.12898553e-02],
       [-5.54237305e-01, -1.89472104e-04,  2.96565696e-04, ...,
         3.85336151e-04, -3.92086359e-04,  6.70770337e-04]])
X_t shape: (1000, 101)
l: 0
rho: 2
self: <solvers.ScaML.ScaML object at 0x0000028E73E3BF40>

uz_solve returned array([[-3.20044735e-01,  2.62009457e-01,  8.69894379e-02, ...,
         1.00069002e+00,  6.29919810e-01,  6.61746920e-01],
       [-5.00245367e-01, -9.08468802e-02, -8.15953931e-02, ...,
        -1.50000798e-02, -2.80049838e-02,  5.68313017e-02],
       [-5.47208120e-01, -2.42264301e-02,  6.05225300e-02, ...,
         1.08914405e-01,  8.63528164e-02, -3.59473458e-02],
       ...,
       [-4.30154478e-01,  3.20860999e-01, -7.17799396e-03, ...,
         5.22782851e-03, -8.64164247e-02, -2.99787868e-02],
       [ 4.28147261e-01,  2.36437880e-03, -1.72380213e-02, ...,
         2.79855690e-04,  9.74710946e-03,  4.76180494e-03],
       [-5.29971851e-01, -6.96927426e-02,  5.10212414e-02, ...,
         7.01861176e-02, -1.09617239e-01, -9.91533843e-04]])
X_t shape: (1000, 101)
l: 1
rho: 2
self: <solvers.ScaML.ScaML object at 0x0000028E73E3BF40>

Calling uz_solve(<solvers.ScaML.ScaML object at 0x0000028E73E3BF40>, n=0, rho=2, x_t=array([[-0.21436806, -0.07733966,  0.10629584, ..., -0.45921341,
        -0.38551322,  0.49305365],
       [ 0.26777154, -0.30106017, -0.09744716, ..., -0.10800642,
         0.40280005,  0.48313489],
       [-0.34964633,  0.14166063, -0.80137968, ...,  0.20759448,
        -0.31172252,  0.45580322],
       ...,
       [-0.33265704, -0.26313242, -0.23929432, ..., -0.10943178,
         0.32049376,  0.49372789],
       [ 0.00156673,  0.32148457,  0.21055962, ..., -0.04035201,
        -0.0605156 ,  0.47159187],
       [-0.37057641, -0.06314136, -0.50586766, ..., -0.37207499,
        -0.43414778,  0.4525749 ]]))
uz_solve returned array([[-0.23476015,  0.48934812,  0.05680449, ..., -0.18922701,
        -0.10414417, -0.27268681],
       [-0.51560723,  0.04655696,  0.02997031, ...,  0.04187926,
        -0.05746116,  0.39516064],
       [-0.54105184, -0.01622954,  0.02461594, ...,  0.04380503,
        -0.00455694, -0.0678404 ],
       ...,
       [-0.4071646 ,  0.27040956, -0.4256759 , ...,  0.04255282,
         0.37745201, -0.22419062],
       [ 0.42527491,  0.00267687,  0.00436883, ..., -0.01057967,
         0.00504752,  0.00265035],
       [-0.55499883,  0.04884355,  0.08699024, ..., -0.07481645,
         0.02454076, -0.06388588]])
X_t shape: (1000, 101)
l: 1
rho: 2
self: <solvers.ScaML.ScaML object at 0x0000028E73E3BF40>

uz_solve returned array([[-0.37875352, -0.44997123, -0.03081639, ...,  0.2847755 ,
         0.05072621,  0.16777894],
       [-0.54570873,  0.04504156, -0.02108267, ...,  0.01612017,
         0.04848071,  0.02030814],
       [-0.51528437,  0.04077005,  0.06354788, ...,  0.03651522,
         0.04193383, -0.00928844],
       ...,
       [-0.45300957,  0.0106498 ,  0.12703352, ...,  0.1366055 ,
         0.01797449, -0.06426321],
       [ 0.42518154,  0.00508422,  0.0042414 , ..., -0.00365452,
         0.00152182,  0.00342747],
       [-0.28606052, -0.0062699 ,  0.32769074, ...,  0.04540587,
         0.17733398,  0.04188891]])
self: <solvers.ScaML.ScaML object at 0x0000028E73E3BF40>
n: 2
rho: 2
x_t shape: (1000, 101)

