Results over 10 successful repetitions:
================================================================================

================================================================================
MEAN RELATIVE L2 ERROR (across repetitions)
================================================================================

PINN - Mean Relative L2 Error:
  Mean: 6.401801e-02
  Std:  1.919525e-03
  95% CI: ±1.189734e-03
  Range: [5.963248e-02, 6.676306e-02]

MLP - Mean Relative L2 Error:
  Mean: 2.770996e-01
  Std:  8.636475e-03
  95% CI: ±5.351205e-03
  Range: [2.639160e-01, 2.895508e-01]

SCaSML - Mean Relative L2 Error:
  Mean: 5.416416e-02
  Std:  1.776356e-03
  95% CI: ±1.100997e-03
  Range: [5.016595e-02, 5.673975e-02]

================================================================================
MEAN L1 ERROR (across repetitions)
================================================================================

PINN - Mean L1 Error:
  Mean: 3.099037e-02
  Std:  5.204086e-04
  95% CI: ±3.225526e-04
  Range: [2.995736e-02, 3.186574e-02]

MLP - Mean L1 Error:
  Mean: 1.116943e-01
  Std:  2.367020e-03
  95% CI: ±1.466877e-03
  Range: [1.076660e-01, 1.151123e-01]

SCaSML - Mean L1 Error:
  Mean: 2.456445e-02
  Std:  5.174528e-04
  95% CI: ±3.207206e-04
  Range: [2.356944e-02, 2.537765e-02]

================================================================================
MEAN L2 ERROR (squared, across repetitions)
================================================================================

PINN - Mean L2 Error:
  Mean: 1.662482e-03
  Std:  6.825501e-05
  95% CI: ±4.230489e-05
  Range: [1.529514e-03, 1.767267e-03]

MLP - Mean L2 Error:
  Mean: 3.118896e-02
  Std:  1.998901e-03
  95% CI: ±1.238884e-03
  Range: [2.818298e-02, 3.448486e-02]

SCaSML - Mean L2 Error:
  Mean: 1.190203e-03
  Std:  5.660173e-05
  95% CI: ±3.508211e-05
  Range: [1.082445e-03, 1.276452e-03]

================================================================================
STATISTICAL SIGNIFICANCE TESTS (Paired t-test)
================================================================================

Mean Relative L2 Error:
  PINN vs SCaSML: t=155.223414, p=9.718343e-17
  MLP vs SCaSML: t=79.003940, p=4.221551e-14
  PINN vs MLP: t=-75.401481, p=6.421577e-14

Mean L1 Error:
  PINN vs SCaSML: t=179.382326, p=2.644582e-17
  MLP vs SCaSML: t=104.709193, p=3.353897e-15
  PINN vs MLP: t=-96.861630, p=6.757739e-15

Mean L2 Error:
  PINN vs SCaSML: t=118.739044, p=1.082418e-15
  MLP vs SCaSML: t=47.031582, p=4.447850e-12
  PINN vs MLP: t=-46.169246, p=5.250613e-12

================================================================================
TIMING STATISTICS
================================================================================

PINN - Execution Time (seconds):
  Mean: 7.211003e-02
  Std:  2.269817e-01
  95% CI: ±1.406847e-01
  Range: [3.075600e-04, 7.181113e-01]

MLP - Execution Time (seconds):
  Mean: 1.766091e+01
  Std:  2.388221e+00
  95% CI: ±1.480235e+00
  Range: [1.485091e+01, 2.157235e+01]

SCaSML - Execution Time (seconds):
  Mean: 1.691234e+02
  Std:  5.493628e+00
  95% CI: ±3.404986e+00
  Range: [1.597597e+02, 1.761498e+02]

================================================================================
Logging results to Weights & Biases...
================================================================================
