Results over 10 successful repetitions:
================================================================================

================================================================================
MEAN RELATIVE L2 ERROR (across repetitions)
================================================================================

PINN - Mean Relative L2 Error:
  Mean: 4.845364e-02
  Std:  2.166546e-03
  95% CI: ±1.342839e-03
  Range: [4.428218e-02, 5.230526e-02]

MLP - Mean Relative L2 Error:
  Mean: 2.301025e-01
  Std:  5.519867e-03
  95% CI: ±3.421104e-03
  Range: [2.196045e-01, 2.358398e-01]

SCaSML - Mean Relative L2 Error:
  Mean: 2.773507e-02
  Std:  8.581685e-04
  95% CI: ±5.318983e-04
  Range: [2.600487e-02, 2.902256e-02]

================================================================================
MEAN L1 ERROR (across repetitions)
================================================================================

PINN - Mean L1 Error:
  Mean: 3.012576e-02
  Std:  1.148963e-03
  95% CI: ±7.121345e-04
  Range: [2.831382e-02, 3.228416e-02]

MLP - Mean L1 Error:
  Mean: 1.676025e-01
  Std:  1.726151e-03
  95% CI: ±1.070000e-03
  Range: [1.652832e-01, 1.702881e-01]

SCaSML - Mean L1 Error:
  Mean: 1.772564e-02
  Std:  4.278722e-04
  95% CI: ±2.651979e-04
  Range: [1.709467e-02, 1.836221e-02]

================================================================================
MEAN L2 ERROR (squared, across repetitions)
================================================================================

PINN - Mean L2 Error:
  Mean: 2.201945e-03
  Std:  1.763465e-04
  95% CI: ±1.093007e-04
  Range: [1.976819e-03, 2.582504e-03]

MLP - Mean L2 Error:
  Mean: 4.959106e-02
  Std:  1.007080e-03
  95% CI: ±6.242671e-04
  Range: [4.846191e-02, 5.157471e-02]

SCaSML - Mean L2 Error:
  Mean: 7.204724e-04
  Std:  2.343200e-05
  95% CI: ±1.452330e-05
  Range: [6.817398e-04, 7.542948e-04]

================================================================================
STATISTICAL SIGNIFICANCE TESTS (Paired t-test)
================================================================================

Mean Relative L2 Error:
  PINN vs SCaSML: t=34.103066, p=7.907396e-11
  MLP vs SCaSML: t=133.910846, p=3.669759e-16
  PINN vs MLP: t=-117.383721, p=1.200162e-15

Mean L1 Error:
  PINN vs SCaSML: t=34.971437, p=6.315714e-11
  MLP vs SCaSML: t=284.687331, p=4.143433e-19
  PINN vs MLP: t=-206.646881, p=7.403494e-18

Mean L2 Error:
  PINN vs SCaSML: t=26.695568, p=7.024569e-10
  MLP vs SCaSML: t=153.787607, p=1.056581e-16
  PINN vs MLP: t=-147.914928, p=1.499796e-16

================================================================================
TIMING STATISTICS
================================================================================

PINN - Execution Time (seconds):
  Mean: 2.335368e-01
  Std:  7.372990e-01
  95% CI: ±4.569827e-01
  Range: [3.089905e-04, 2.331927e+00]

MLP - Execution Time (seconds):
  Mean: 1.173430e+00
  Std:  3.485426e+00
  95% CI: ±2.160289e+00
  Range: [6.305408e-02, 1.109310e+01]

SCaSML - Execution Time (seconds):
  Mean: 1.518799e+01
  Std:  5.355870e+00
  95% CI: ±3.319603e+00
  Range: [1.248805e+01, 3.024893e+01]

================================================================================
Logging results to Weights & Biases...
================================================================================
