================================================================================
COMPUTING BUDGET TEST - FINAL RESULTS
================================================================================
Equation: Linear_Convection_Diffusion
Dimension: 21
Budget levels tested: [1.0, 2.0, 4.0, 8.0, 16.0]
================================================================================

Budget       PINN Error      MLP Error       SCaSML Error   
------------------------------------------------------------
1.0          8.710381e-02    8.074951e-02    5.337361e-02   
2.0          8.039530e-02    8.074951e-02    5.252944e-02   
4.0          7.287773e-02    8.074951e-02    1.731672e-02   
8.0          6.739757e-02    3.207397e-02    1.727224e-02   
16.0         6.993234e-02    3.207397e-02    1.691235e-02   

Average Improvement:
  SCaSML vs PINN: +59.96%
  SCaSML vs MLP: +48.16%

Final Budget Level (16.0×):
  PINN error: 6.993234e-02
  MLP error: 3.207397e-02
  SCaSML error: 1.691235e-02
  Improvement vs PINN: +75.82%
  Improvement vs MLP: +47.27%
================================================================================
