Results over 10 successful repetitions:
================================================================================

================================================================================
MEAN RELATIVE L2 ERROR (across repetitions)
================================================================================

PINN - Mean Relative L2 Error:
  Mean: 9.130709e-02
  Std:  2.042585e-03
  95% CI: ±1.266007e-03
  Range: [8.767834e-02, 9.432342e-02]

MLP - Mean Relative L2 Error:
  Mean: 5.502305e+00
  Std:  1.646066e-02
  95% CI: ±1.020242e-02
  Range: [5.478405e+00, 5.533230e+00]

SCaSML - Mean Relative L2 Error:
  Mean: 6.417152e-02
  Std:  1.734609e-03
  95% CI: ±1.075122e-03
  Range: [6.171570e-02, 6.677481e-02]

================================================================================
MEAN L1 ERROR (across repetitions)
================================================================================

PINN - Mean L1 Error:
  Mean: 1.679523e-01
  Std:  3.316881e-03
  95% CI: ±2.055824e-03
  Range: [1.621620e-01, 1.740018e-01]

MLP - Mean L1 Error:
  Mean: 1.217129e+01
  Std:  1.419294e-02
  95% CI: ±8.796873e-03
  Range: [1.214602e+01, 1.219185e+01]

SCaSML - Mean L1 Error:
  Mean: 1.016798e-01
  Std:  2.247760e-03
  95% CI: ±1.393176e-03
  Range: [9.807531e-02, 1.054831e-01]

================================================================================
MEAN L2 ERROR (squared, across repetitions)
================================================================================

PINN - Mean L2 Error:
  Mean: 4.087742e-02
  Std:  1.804757e-03
  95% CI: ±1.118600e-03
  Range: [3.786509e-02, 4.391300e-02]

MLP - Mean L2 Error:
  Mean: 1.483806e+02
  Std:  2.977182e-01
  95% CI: ±1.845276e-01
  Range: [1.478361e+02, 1.488104e+02]

SCaSML - Mean L2 Error:
  Mean: 2.019438e-02
  Std:  1.063746e-03
  95% CI: ±6.593168e-04
  Range: [1.876056e-02, 2.200794e-02]

================================================================================
STATISTICAL SIGNIFICANCE TESTS (Paired t-test)
================================================================================

Mean Relative L2 Error:
  PINN vs SCaSML: t=131.416515, p=4.346060e-16
  MLP vs SCaSML: t=1072.901228, p=2.702833e-24
  PINN vs MLP: t=-1059.353267, p=3.030326e-24

Mean L1 Error:
  PINN vs SCaSML: t=145.598001, p=1.728694e-16
  MLP vs SCaSML: t=2531.051173, p=1.194428e-27
  PINN vs MLP: t=-2559.123434, p=1.081552e-27

Mean L2 Error:
  PINN vs SCaSML: t=75.835759, p=6.098546e-14
  MLP vs SCaSML: t=1575.925165, p=8.492667e-26
  PINN vs MLP: t=-1576.700839, p=8.455138e-26

================================================================================
TIMING STATISTICS
================================================================================

PINN - Execution Time (seconds):
  Mean: 3.580843e-01
  Std:  1.122236e+00
  95% CI: ±6.955689e-01
  Range: [3.114700e-03, 3.552023e+00]

MLP - Execution Time (seconds):
  Mean: 1.464680e+00
  Std:  4.400518e+00
  95% CI: ±2.727469e+00
  Range: [5.686140e-02, 1.398875e+01]

SCaSML - Execution Time (seconds):
  Mean: 3.220786e+01
  Std:  5.744071e+00
  95% CI: ±3.560212e+00
  Range: [2.833944e+01, 4.818567e+01]

================================================================================
Logging results to Weights & Biases...
================================================================================
