Results over 10 successful repetitions:
================================================================================

================================================================================
MEAN RELATIVE L2 ERROR (across repetitions)
================================================================================

PINN - Mean Relative L2 Error:
  Mean: 4.367213e-02
  Std:  9.581079e-04
  95% CI: ±5.938415e-04
  Range: [4.183981e-02, 4.518119e-02]

MLP - Mean Relative L2 Error:
  Mean: 2.404785e-01
  Std:  5.039215e-03
  95% CI: ±3.124351e-03
  Range: [2.315674e-01, 2.495117e-01]

SCaSML - Mean Relative L2 Error:
  Mean: 3.385935e-02
  Std:  8.392580e-04
  95% CI: ±5.201775e-04
  Range: [3.213415e-02, 3.493520e-02]

================================================================================
MEAN L1 ERROR (across repetitions)
================================================================================

PINN - Mean L1 Error:
  Mean: 2.115055e-02
  Std:  4.899725e-04
  95% CI: ±3.036881e-04
  Range: [2.038199e-02, 2.200787e-02]

MLP - Mean L1 Error:
  Mean: 9.790039e-02
  Std:  1.337051e-03
  95% CI: ±8.287372e-04
  Range: [9.472656e-02, 9.936523e-02]

SCaSML - Mean L1 Error:
  Mean: 1.506556e-02
  Std:  3.873178e-04
  95% CI: ±2.400621e-04
  Range: [1.452233e-02, 1.558765e-02]

================================================================================
MEAN L2 ERROR (squared, across repetitions)
================================================================================

PINN - Mean L2 Error:
  Mean: 7.513181e-04
  Std:  2.939837e-05
  95% CI: ±1.822130e-05
  Range: [6.871361e-04, 7.897735e-04]

MLP - Mean L2 Error:
  Mean: 2.276611e-02
  Std:  5.979538e-04
  95% CI: ±3.706397e-04
  Range: [2.186584e-02, 2.401733e-02]

SCaSML - Mean L2 Error:
  Mean: 4.517046e-04
  Std:  2.113724e-05
  95% CI: ±1.310100e-05
  Range: [4.053189e-04, 4.721869e-04]

================================================================================
STATISTICAL SIGNIFICANCE TESTS (Paired t-test)
================================================================================

Mean Relative L2 Error:
  PINN vs SCaSML: t=129.744023, p=4.876800e-16
  MLP vs SCaSML: t=135.277880, p=3.349316e-16
  PINN vs MLP: t=-130.998947, p=4.472281e-16

Mean L1 Error:
  PINN vs SCaSML: t=108.833138, p=2.369578e-15
  MLP vs SCaSML: t=185.695219, p=1.937317e-17
  PINN vs MLP: t=-170.801096, p=4.110616e-17

Mean L2 Error:
  PINN vs SCaSML: t=95.502030, p=7.673705e-15
  MLP vs SCaSML: t=116.523528, p=1.282245e-15
  PINN vs MLP: t=-114.796685, p=1.466540e-15

================================================================================
TIMING STATISTICS
================================================================================

PINN - Execution Time (seconds):
  Mean: 4.502356e-02
  Std:  1.412048e-01
  95% CI: ±8.751965e-02
  Range: [2.863407e-04, 4.468994e-01]

MLP - Execution Time (seconds):
  Mean: 1.913251e+01
  Std:  1.866148e+00
  95% CI: ±1.156650e+00
  Range: [1.500543e+01, 2.246407e+01]

SCaSML - Execution Time (seconds):
  Mean: 1.327317e+02
  Std:  4.045175e+00
  95% CI: ±2.507226e+00
  Range: [1.265221e+02, 1.392424e+02]

================================================================================
Logging results to Weights & Biases...
================================================================================
