Results over 10 successful repetitions:
================================================================================

================================================================================
MEAN RELATIVE L2 ERROR (across repetitions)
================================================================================

PINN - Mean Relative L2 Error:
  Mean: 8.596066e-02
  Std:  3.570982e-03
  95% CI: ±2.213318e-03
  Range: [7.804044e-02, 9.031419e-02]

MLP - Mean Relative L2 Error:
  Mean: 2.409668e-01
  Std:  5.458832e-03
  95% CI: ±3.382502e-03
  Range: [2.324219e-01, 2.476807e-01]

SCaSML - Mean Relative L2 Error:
  Mean: 5.071483e-02
  Std:  1.766481e-03
  95% CI: ±1.094876e-03
  Range: [4.844575e-02, 5.372872e-02]

================================================================================
MEAN L1 ERROR (across repetitions)
================================================================================

PINN - Mean L1 Error:
  Mean: 8.706122e-02
  Std:  2.190839e-03
  95% CI: ±1.357896e-03
  Range: [8.244499e-02, 8.946583e-02]

MLP - Mean L1 Error:
  Mean: 2.375488e-01
  Std:  2.960205e-03
  95% CI: ±1.834802e-03
  Range: [2.305908e-01, 2.423096e-01]

SCaSML - Mean L1 Error:
  Mean: 4.666979e-02
  Std:  1.266329e-03
  95% CI: ±7.848789e-04
  Range: [4.500142e-02, 4.828140e-02]

================================================================================
MEAN L2 ERROR (squared, across repetitions)
================================================================================

PINN - Mean L2 Error:
  Mean: 1.292768e-02
  Std:  7.907359e-04
  95% CI: ±4.901032e-04
  Range: [1.148121e-02, 1.411061e-02]

MLP - Mean L2 Error:
  Mean: 1.015625e-01
  Std:  3.135681e-03
  95% CI: ±1.943371e-03
  Range: [9.472656e-02, 1.049194e-01]

SCaSML - Mean L2 Error:
  Mean: 4.502428e-03
  Std:  2.822270e-04
  95% CI: ±1.749261e-04
  Range: [4.054612e-03, 4.905321e-03]

================================================================================
STATISTICAL SIGNIFICANCE TESTS (Paired t-test)
================================================================================

Mean Relative L2 Error:
  PINN vs SCaSML: t=39.210175, p=2.269401e-11
  MLP vs SCaSML: t=129.152383, p=5.081485e-16
  PINN vs MLP: t=-93.671540, p=9.132307e-15

Mean L1 Error:
  PINN vs SCaSML: t=71.538739, p=1.030096e-13
  MLP vs SCaSML: t=240.648400, p=1.879957e-18
  PINN vs MLP: t=-121.140120, p=9.040439e-16

Mean L2 Error:
  PINN vs SCaSML: t=36.713578, p=4.088899e-11
  MLP vs SCaSML: t=101.791439, p=4.324411e-15
  PINN vs MLP: t=-80.275717, p=3.657072e-14

================================================================================
TIMING STATISTICS
================================================================================

PINN - Execution Time (seconds):
  Mean: 2.411699e-01
  Std:  7.615017e-01
  95% CI: ±4.719836e-01
  Range: [3.154278e-04, 2.408442e+00]

MLP - Execution Time (seconds):
  Mean: 1.235414e+00
  Std:  3.683350e+00
  95% CI: ±2.282964e+00
  Range: [6.366539e-02, 1.171839e+01]

SCaSML - Execution Time (seconds):
  Mean: 2.036263e+01
  Std:  5.429157e+00
  95% CI: ±3.365026e+00
  Range: [1.754108e+01, 3.570625e+01]

================================================================================
Logging results to Weights & Biases...
================================================================================
